#
# There is insufficient memory for the Java Runtime Environment to continue.
# Native memory allocation (malloc) failed to allocate 1698064 bytes for Chunk::new
# Possible reasons:
#   The system is out of physical RAM or swap space
#   The process is running with CompressedOops enabled, and the Java Heap may be blocking the growth of the native heap
# Possible solutions:
#   Reduce memory load on the system
#   Increase physical memory or swap space
#   Check if swap backing store is full
#   Decrease Java heap size (-Xmx/-Xms)
#   Decrease number of Java threads
#   Decrease Java thread stack sizes (-Xss)
#   Set larger code cache with -XX:ReservedCodeCacheSize=
#   JVM is running with Unscaled Compressed Oops mode in which the Java heap is
#     placed in the first 4GB address space. The Java Heap base address is the
#     maximum limit for the native heap growth. Please use -XX:HeapBaseMinAddress
#     to set the Java Heap base and to place the Java Heap above 4GB virtual address.
# This output file may be truncated or incomplete.
#
#  Out of Memory Error (arena.cpp:189), pid=8804, tid=9332
#
# JRE version: Java(TM) SE Runtime Environment (17.0.12+8) (build 17.0.12+8-LTS-286)
# Java VM: Java HotSpot(TM) 64-Bit Server VM (17.0.12+8-LTS-286, mixed mode, sharing, tiered, compressed oops, compressed class ptrs, g1 gc, windows-amd64)
# No core dump will be written. Minidumps are not enabled by default on client versions of Windows
#

---------------  S U M M A R Y ------------

Command Line: -Dclassworlds.conf=C:\apache-maven-3.9.9\bin\m2.conf -Dmaven.home=C:\apache-maven-3.9.9 -Dlibrary.jansi.path=C:\apache-maven-3.9.9\lib\jansi-native -Dmaven.multiModuleProjectDirectory=D:\ResidentCommunityApp org.codehaus.plexus.classworlds.launcher.Launcher clean install

Host: Intel(R) Core(TM) i5-6300U CPU @ 2.40GHz, 4 cores, 7G,  Windows 10 , 64 bit Build 19041 (10.0.19041.5794)
Time: Wed May 28 22:10:20 2025 India Standard Time elapsed time: 32.317749 seconds (0d 0h 0m 32s)

---------------  T H R E A D  ---------------

Current thread (0x000001d87f318370):  JavaThread "C2 CompilerThread0" daemon [_thread_in_native, id=9332, stack(0x000000c4d7b00000,0x000000c4d7c00000)]


Current CompileTask:
C2:  32318 5953   !   4       com.sun.tools.javac.jvm.ClassReader::classSigToType (497 bytes)

Stack: [0x000000c4d7b00000,0x000000c4d7c00000]
Native frames: (J=compiled Java code, j=interpreted, Vv=VM code, C=native code)
V  [jvm.dll+0x67a04a]
V  [jvm.dll+0x7da4ed]
V  [jvm.dll+0x7dbe33]
V  [jvm.dll+0x7dc4a3]
V  [jvm.dll+0x24508f]
V  [jvm.dll+0xab773]
V  [jvm.dll+0xabd3c]
V  [jvm.dll+0x361bee]
V  [jvm.dll+0x1ba45a]
V  [jvm.dll+0x216997]
V  [jvm.dll+0x215c6f]
V  [jvm.dll+0x1a2960]
V  [jvm.dll+0x22610b]
V  [jvm.dll+0x2242ab]
V  [jvm.dll+0x79075c]
V  [jvm.dll+0x78abea]
V  [jvm.dll+0x678f35]
C  [ucrtbase.dll+0x21bb2]
C  [KERNEL32.DLL+0x17374]
C  [ntdll.dll+0x4cc91]


---------------  P R O C E S S  ---------------

Threads class SMR info:
_java_thread_list=0x000001d8554a2700, length=13, elements={
0x000001d870f17480, 0x000001d87f2f38e0, 0x000001d87f2f4470, 0x000001d87f309df0,
0x000001d87f30bad0, 0x000001d87f30cf50, 0x000001d87f312010, 0x000001d87f318370,
0x000001d87f318c80, 0x000001d87f323d70, 0x000001d87f546140, 0x000001d87f5438c0,
0x000001d87f5447f0
}

Java Threads: ( => current thread )
  0x000001d870f17480 JavaThread "main" [_thread_in_native, id=4908, stack(0x000000c4d6e00000,0x000000c4d6f00000)]
  0x000001d87f2f38e0 JavaThread "Reference Handler" daemon [_thread_blocked, id=16592, stack(0x000000c4d7500000,0x000000c4d7600000)]
  0x000001d87f2f4470 JavaThread "Finalizer" daemon [_thread_blocked, id=2748, stack(0x000000c4d7600000,0x000000c4d7700000)]
  0x000001d87f309df0 JavaThread "Signal Dispatcher" daemon [_thread_blocked, id=13952, stack(0x000000c4d7700000,0x000000c4d7800000)]
  0x000001d87f30bad0 JavaThread "Attach Listener" daemon [_thread_blocked, id=14144, stack(0x000000c4d7800000,0x000000c4d7900000)]
  0x000001d87f30cf50 JavaThread "Service Thread" daemon [_thread_blocked, id=16296, stack(0x000000c4d7900000,0x000000c4d7a00000)]
  0x000001d87f312010 JavaThread "Monitor Deflation Thread" daemon [_thread_blocked, id=21232, stack(0x000000c4d7a00000,0x000000c4d7b00000)]
=>0x000001d87f318370 JavaThread "C2 CompilerThread0" daemon [_thread_in_native, id=9332, stack(0x000000c4d7b00000,0x000000c4d7c00000)]
  0x000001d87f318c80 JavaThread "C1 CompilerThread0" daemon [_thread_blocked, id=20248, stack(0x000000c4d7c00000,0x000000c4d7d00000)]
  0x000001d87f323d70 JavaThread "Sweeper thread" daemon [_thread_blocked, id=4164, stack(0x000000c4d7d00000,0x000000c4d7e00000)]
  0x000001d87f546140 JavaThread "Notification Thread" daemon [_thread_blocked, id=7208, stack(0x000000c4d7e00000,0x000000c4d7f00000)]
  0x000001d87f5438c0 JavaThread "Common-Cleaner" daemon [_thread_blocked, id=3144, stack(0x000000c4d8000000,0x000000c4d8100000)]
  0x000001d87f5447f0 JavaThread "Thread-1" daemon [_thread_blocked, id=5036, stack(0x000000c4d8500000,0x000000c4d8600000)]

Other Threads:
  0x000001d87f2ed720 VMThread "VM Thread" [stack: 0x000000c4d7400000,0x000000c4d7500000] [id=15800]
  0x000001d87f54d390 WatcherThread [stack: 0x000000c4d7f00000,0x000000c4d8000000] [id=10764]
  0x000001d870f6e210 GCTaskThread "GC Thread#0" [stack: 0x000000c4d6f00000,0x000000c4d7000000] [id=19744]
  0x000001d87f640570 GCTaskThread "GC Thread#1" [stack: 0x000000c4d8100000,0x000000c4d8200000] [id=4368]
  0x000001d8544e9050 GCTaskThread "GC Thread#2" [stack: 0x000000c4d8200000,0x000000c4d8300000] [id=13392]
  0x000001d854590470 GCTaskThread "GC Thread#3" [stack: 0x000000c4d8300000,0x000000c4d8400000] [id=6612]
  0x000001d870f80570 ConcurrentGCThread "G1 Main Marker" [stack: 0x000000c4d7000000,0x000000c4d7100000] [id=15236]
  0x000001d870f80e90 ConcurrentGCThread "G1 Conc#0" [stack: 0x000000c4d7100000,0x000000c4d7200000] [id=21360]
  0x000001d870fe6080 ConcurrentGCThread "G1 Refine#0" [stack: 0x000000c4d7200000,0x000000c4d7300000] [id=16656]
  0x000001d870fe69c0 ConcurrentGCThread "G1 Service" [stack: 0x000000c4d7300000,0x000000c4d7400000] [id=16692]

Threads with active compile tasks:
C2 CompilerThread0    32391 5953   !   4       com.sun.tools.javac.jvm.ClassReader::classSigToType (497 bytes)

VM state: not at safepoint (normal execution)

VM Mutex/Monitor currently owned by a thread: None

Heap address: 0x0000000089600000, size: 1898 MB, Compressed Oops mode: 32-bit

CDS archive(s) mapped at: [0x000001d80f000000-0x000001d80fbd0000-0x000001d80fbd0000), size 12386304, SharedBaseAddress: 0x000001d80f000000, ArchiveRelocationMode: 1.
Compressed class space mapped at: 0x000001d810000000-0x000001d850000000, reserved size: 1073741824
Narrow klass base: 0x000001d80f000000, Narrow klass shift: 0, Narrow klass range: 0x100000000

GC Precious Log:
 CPUs: 4 total, 4 available
 Memory: 7591M
 Large Page Support: Disabled
 NUMA Support: Disabled
 Compressed Oops: Enabled (32-bit)
 Heap Region Size: 1M
 Heap Min Capacity: 8M
 Heap Initial Capacity: 120M
 Heap Max Capacity: 1898M
 Pre-touch: Disabled
 Parallel Workers: 4
 Concurrent Workers: 1
 Concurrent Refinement Workers: 4
 Periodic GC: Disabled

Heap:
 garbage-first heap   total 89088K, used 58368K [0x0000000089600000, 0x0000000100000000)
  region size 1024K, 22 young (22528K), 1 survivors (1024K)
 Metaspace       used 27015K, committed 27392K, reserved 1114112K
  class space    used 3100K, committed 3264K, reserved 1048576K

Heap Regions: E=young(eden), S=young(survivor), O=old, HS=humongous(starts), HC=humongous(continues), CS=collection set, F=free, OA=open archive, CA=closed archive, TAMS=top-at-mark-start (previous, next)
|   0|0x0000000089600000, 0x0000000089700000, 0x0000000089700000|100%| O|  |TAMS 0x0000000089700000, 0x0000000089600000| Untracked 
|   1|0x0000000089700000, 0x0000000089800000, 0x0000000089800000|100%| O|  |TAMS 0x0000000089800000, 0x0000000089700000| Untracked 
|   2|0x0000000089800000, 0x0000000089900000, 0x0000000089900000|100%| O|  |TAMS 0x0000000089900000, 0x0000000089800000| Untracked 
|   3|0x0000000089900000, 0x0000000089a00000, 0x0000000089a00000|100%| O|  |TAMS 0x0000000089a00000, 0x0000000089900000| Untracked 
|   4|0x0000000089a00000, 0x0000000089b00000, 0x0000000089b00000|100%| O|  |TAMS 0x0000000089b00000, 0x0000000089a00000| Untracked 
|   5|0x0000000089b00000, 0x0000000089c00000, 0x0000000089c00000|100%| O|  |TAMS 0x0000000089c00000, 0x0000000089b00000| Untracked 
|   6|0x0000000089c00000, 0x0000000089d00000, 0x0000000089d00000|100%| O|  |TAMS 0x0000000089d00000, 0x0000000089c00000| Untracked 
|   7|0x0000000089d00000, 0x0000000089e00000, 0x0000000089e00000|100%| O|  |TAMS 0x0000000089e00000, 0x0000000089d00000| Untracked 
|   8|0x0000000089e00000, 0x0000000089f00000, 0x0000000089f00000|100%| O|  |TAMS 0x0000000089f00000, 0x0000000089e00000| Untracked 
|   9|0x0000000089f00000, 0x000000008a000000, 0x000000008a000000|100%| O|  |TAMS 0x000000008a000000, 0x0000000089f00000| Untracked 
|  10|0x000000008a000000, 0x000000008a100000, 0x000000008a100000|100%| O|  |TAMS 0x000000008a100000, 0x000000008a000000| Untracked 
|  11|0x000000008a100000, 0x000000008a200000, 0x000000008a200000|100%|HS|  |TAMS 0x000000008a100000, 0x000000008a100000| Complete 
|  12|0x000000008a200000, 0x000000008a300000, 0x000000008a300000|100%| O|  |TAMS 0x000000008a200000, 0x000000008a200000| Untracked 
|  13|0x000000008a300000, 0x000000008a400000, 0x000000008a400000|100%| O|  |TAMS 0x000000008a300000, 0x000000008a300000| Untracked 
|  14|0x000000008a400000, 0x000000008a500000, 0x000000008a500000|100%|HS|  |TAMS 0x000000008a500000, 0x000000008a400000| Complete 
|  15|0x000000008a500000, 0x000000008a600000, 0x000000008a600000|100%|HC|  |TAMS 0x000000008a600000, 0x000000008a500000| Complete 
|  16|0x000000008a600000, 0x000000008a700000, 0x000000008a700000|100%|HS|  |TAMS 0x000000008a600000, 0x000000008a600000| Complete 
|  17|0x000000008a700000, 0x000000008a800000, 0x000000008a800000|100%| O|  |TAMS 0x000000008a700000, 0x000000008a700000| Untracked 
|  18|0x000000008a800000, 0x000000008a900000, 0x000000008a900000|100%| O|  |TAMS 0x000000008a800000, 0x000000008a800000| Untracked 
|  19|0x000000008a900000, 0x000000008aa00000, 0x000000008aa00000|100%| O|  |TAMS 0x000000008a900000, 0x000000008a900000| Untracked 
|  20|0x000000008aa00000, 0x000000008ab00000, 0x000000008ab00000|100%| O|  |TAMS 0x000000008aa00000, 0x000000008aa00000| Untracked 
|  21|0x000000008ab00000, 0x000000008ac00000, 0x000000008ac00000|100%| O|  |TAMS 0x000000008ab00000, 0x000000008ab00000| Untracked 
|  22|0x000000008ac00000, 0x000000008ad00000, 0x000000008ad00000|100%| O|  |TAMS 0x000000008ac00000, 0x000000008ac00000| Untracked 
|  23|0x000000008ad00000, 0x000000008ae00000, 0x000000008ae00000|100%| O|  |TAMS 0x000000008ad00000, 0x000000008ad00000| Untracked 
|  24|0x000000008ae00000, 0x000000008af00000, 0x000000008af00000|100%| O|  |TAMS 0x000000008ae00000, 0x000000008ae00000| Untracked 
|  25|0x000000008af00000, 0x000000008b000000, 0x000000008b000000|100%| O|  |TAMS 0x000000008af00000, 0x000000008af00000| Untracked 
|  26|0x000000008b000000, 0x000000008b100000, 0x000000008b100000|100%| O|  |TAMS 0x000000008b000000, 0x000000008b000000| Untracked 
|  27|0x000000008b100000, 0x000000008b100000, 0x000000008b200000|  0%| F|  |TAMS 0x000000008b100000, 0x000000008b100000| Untracked 
|  28|0x000000008b200000, 0x000000008b200000, 0x000000008b300000|  0%| F|  |TAMS 0x000000008b200000, 0x000000008b200000| Untracked 
|  29|0x000000008b300000, 0x000000008b300000, 0x000000008b400000|  0%| F|  |TAMS 0x000000008b300000, 0x000000008b300000| Untracked 
|  30|0x000000008b400000, 0x000000008b400000, 0x000000008b500000|  0%| F|  |TAMS 0x000000008b400000, 0x000000008b400000| Untracked 
|  31|0x000000008b500000, 0x000000008b500000, 0x000000008b600000|  0%| F|  |TAMS 0x000000008b500000, 0x000000008b500000| Untracked 
|  32|0x000000008b600000, 0x000000008b600000, 0x000000008b700000|  0%| F|  |TAMS 0x000000008b600000, 0x000000008b600000| Untracked 
|  33|0x000000008b700000, 0x000000008b700000, 0x000000008b800000|  0%| F|  |TAMS 0x000000008b700000, 0x000000008b700000| Untracked 
|  34|0x000000008b800000, 0x000000008b900000, 0x000000008b900000|100%| O|  |TAMS 0x000000008b800000, 0x000000008b800000| Untracked 
|  35|0x000000008b900000, 0x000000008ba00000, 0x000000008ba00000|100%| O|  |TAMS 0x000000008b900000, 0x000000008b900000| Untracked 
|  36|0x000000008ba00000, 0x000000008bb00000, 0x000000008bb00000|100%| O|  |TAMS 0x000000008ba00000, 0x000000008ba00000| Untracked 
|  37|0x000000008bb00000, 0x000000008bc00000, 0x000000008bc00000|100%| O|  |TAMS 0x000000008bb00000, 0x000000008bb00000| Untracked 
|  38|0x000000008bc00000, 0x000000008bd00000, 0x000000008bd00000|100%| O|  |TAMS 0x000000008bc00000, 0x000000008bc00000| Untracked 
|  39|0x000000008bd00000, 0x000000008be00000, 0x000000008be00000|100%| O|  |TAMS 0x000000008bd00000, 0x000000008bd00000| Untracked 
|  40|0x000000008be00000, 0x000000008be00000, 0x000000008bf00000|  0%| F|  |TAMS 0x000000008be00000, 0x000000008be00000| Untracked 
|  41|0x000000008bf00000, 0x000000008bf00000, 0x000000008c000000|  0%| F|  |TAMS 0x000000008bf00000, 0x000000008bf00000| Untracked 
|  42|0x000000008c000000, 0x000000008c000000, 0x000000008c100000|  0%| F|  |TAMS 0x000000008c000000, 0x000000008c000000| Untracked 
|  43|0x000000008c100000, 0x000000008c100000, 0x000000008c200000|  0%| F|  |TAMS 0x000000008c100000, 0x000000008c100000| Untracked 
|  44|0x000000008c200000, 0x000000008c200000, 0x000000008c300000|  0%| F|  |TAMS 0x000000008c200000, 0x000000008c200000| Untracked 
|  45|0x000000008c300000, 0x000000008c300000, 0x000000008c400000|  0%| F|  |TAMS 0x000000008c300000, 0x000000008c300000| Untracked 
|  46|0x000000008c400000, 0x000000008c400000, 0x000000008c500000|  0%| F|  |TAMS 0x000000008c400000, 0x000000008c400000| Untracked 
|  47|0x000000008c500000, 0x000000008c500000, 0x000000008c600000|  0%| F|  |TAMS 0x000000008c500000, 0x000000008c500000| Untracked 
|  48|0x000000008c600000, 0x000000008c600000, 0x000000008c700000|  0%| F|  |TAMS 0x000000008c600000, 0x000000008c600000| Untracked 
|  49|0x000000008c700000, 0x000000008c700000, 0x000000008c800000|  0%| F|  |TAMS 0x000000008c700000, 0x000000008c700000| Untracked 
|  50|0x000000008c800000, 0x000000008c800000, 0x000000008c900000|  0%| F|  |TAMS 0x000000008c800000, 0x000000008c800000| Untracked 
|  51|0x000000008c900000, 0x000000008c900000, 0x000000008ca00000|  0%| F|  |TAMS 0x000000008c900000, 0x000000008c900000| Untracked 
|  52|0x000000008ca00000, 0x000000008ca00000, 0x000000008cb00000|  0%| F|  |TAMS 0x000000008ca00000, 0x000000008ca00000| Untracked 
|  53|0x000000008cb00000, 0x000000008cb00000, 0x000000008cc00000|  0%| F|  |TAMS 0x000000008cb00000, 0x000000008cb00000| Untracked 
|  54|0x000000008cc00000, 0x000000008cc00000, 0x000000008cd00000|  0%| F|  |TAMS 0x000000008cc00000, 0x000000008cc00000| Untracked 
|  55|0x000000008cd00000, 0x000000008cd00000, 0x000000008ce00000|  0%| F|  |TAMS 0x000000008cd00000, 0x000000008cd00000| Untracked 
|  56|0x000000008ce00000, 0x000000008ce00000, 0x000000008cf00000|  0%| F|  |TAMS 0x000000008ce00000, 0x000000008ce00000| Untracked 
|  57|0x000000008cf00000, 0x000000008cf00000, 0x000000008d000000|  0%| F|  |TAMS 0x000000008cf00000, 0x000000008cf00000| Untracked 
|  58|0x000000008d000000, 0x000000008d000000, 0x000000008d100000|  0%| F|  |TAMS 0x000000008d000000, 0x000000008d000000| Untracked 
|  59|0x000000008d100000, 0x000000008d100000, 0x000000008d200000|  0%| F|  |TAMS 0x000000008d100000, 0x000000008d100000| Untracked 
|  60|0x000000008d200000, 0x000000008d200000, 0x000000008d300000|  0%| F|  |TAMS 0x000000008d200000, 0x000000008d200000| Untracked 
|  61|0x000000008d300000, 0x000000008d300000, 0x000000008d400000|  0%| F|  |TAMS 0x000000008d300000, 0x000000008d300000| Untracked 
|  62|0x000000008d400000, 0x000000008d4a0020, 0x000000008d500000| 62%| E|  |TAMS 0x000000008d400000, 0x000000008d400000| Complete 
|  63|0x000000008d500000, 0x000000008d600000, 0x000000008d600000|100%| E|CS|TAMS 0x000000008d500000, 0x000000008d500000| Complete 
|  64|0x000000008d600000, 0x000000008d700000, 0x000000008d700000|100%| E|CS|TAMS 0x000000008d600000, 0x000000008d600000| Complete 
|  65|0x000000008d700000, 0x000000008d800000, 0x000000008d800000|100%| E|CS|TAMS 0x000000008d700000, 0x000000008d700000| Complete 
|  66|0x000000008d800000, 0x000000008d900000, 0x000000008d900000|100%| E|CS|TAMS 0x000000008d800000, 0x000000008d800000| Complete 
|  67|0x000000008d900000, 0x000000008da00000, 0x000000008da00000|100%| E|CS|TAMS 0x000000008d900000, 0x000000008d900000| Complete 
|  68|0x000000008da00000, 0x000000008db00000, 0x000000008db00000|100%| E|CS|TAMS 0x000000008da00000, 0x000000008da00000| Complete 
|  69|0x000000008db00000, 0x000000008dc00000, 0x000000008dc00000|100%| E|CS|TAMS 0x000000008db00000, 0x000000008db00000| Complete 
|  70|0x000000008dc00000, 0x000000008dd00000, 0x000000008dd00000|100%| E|CS|TAMS 0x000000008dc00000, 0x000000008dc00000| Complete 
|  71|0x000000008dd00000, 0x000000008de00000, 0x000000008de00000|100%| E|CS|TAMS 0x000000008dd00000, 0x000000008dd00000| Complete 
|  72|0x000000008de00000, 0x000000008df00000, 0x000000008df00000|100%| E|CS|TAMS 0x000000008de00000, 0x000000008de00000| Complete 
|  73|0x000000008df00000, 0x000000008e000000, 0x000000008e000000|100%| E|CS|TAMS 0x000000008df00000, 0x000000008df00000| Complete 
|  74|0x000000008e000000, 0x000000008e100000, 0x000000008e100000|100%| E|CS|TAMS 0x000000008e000000, 0x000000008e000000| Complete 
|  90|0x000000008f000000, 0x000000008f100000, 0x000000008f100000|100%| E|CS|TAMS 0x000000008f000000, 0x000000008f000000| Complete 
|  91|0x000000008f100000, 0x000000008f200000, 0x000000008f200000|100%| E|CS|TAMS 0x000000008f100000, 0x000000008f100000| Complete 
|  92|0x000000008f200000, 0x000000008f300000, 0x000000008f300000|100%| E|CS|TAMS 0x000000008f200000, 0x000000008f200000| Complete 
|  93|0x000000008f300000, 0x000000008f400000, 0x000000008f400000|100%| E|CS|TAMS 0x000000008f300000, 0x000000008f300000| Complete 
|  94|0x000000008f400000, 0x000000008f500000, 0x000000008f500000|100%| E|CS|TAMS 0x000000008f400000, 0x000000008f400000| Complete 
|  95|0x000000008f500000, 0x000000008f600000, 0x000000008f600000|100%| E|CS|TAMS 0x000000008f500000, 0x000000008f500000| Complete 
|  96|0x000000008f600000, 0x000000008f700000, 0x000000008f700000|100%| E|CS|TAMS 0x000000008f600000, 0x000000008f600000| Complete 
|  97|0x000000008f700000, 0x000000008f800000, 0x000000008f800000|100%| S|CS|TAMS 0x000000008f700000, 0x000000008f700000| Complete 
| 119|0x0000000090d00000, 0x0000000090e00000, 0x0000000090e00000|100%| E|CS|TAMS 0x0000000090d00000, 0x0000000090d00000| Complete 
|1895|0x00000000ffd00000, 0x00000000ffe00000, 0x00000000ffe00000|100%| O|  |TAMS 0x00000000ffd00000, 0x00000000ffd00000| Untracked 
|1896|0x00000000ffe00000, 0x00000000fff00000, 0x00000000fff00000|100%| O|  |TAMS 0x00000000ffe00000, 0x00000000ffe00000| Untracked 
|1897|0x00000000fff00000, 0x0000000100000000, 0x0000000100000000|100%| O|  |TAMS 0x00000000fff00000, 0x00000000fff00000| Untracked 

Card table byte_map: [0x000001d878ba0000,0x000001d878f60000] _byte_map_base: 0x000001d878755000

Marking Bits (Prev, Next): (CMBitMap*) 0x000001d870f6f790, (CMBitMap*) 0x000001d870f6f750
 Prev Bits: [0x000001d87b0d0000, 0x000001d87ce78000)
 Next Bits: [0x000001d879320000, 0x000001d87b0c8000)

Polling page: 0x000001d86eea0000

Metaspace:

Usage:
  Non-class:     23.35 MB used.
      Class:      3.03 MB used.
       Both:     26.38 MB used.

Virtual space:
  Non-class space:       64.00 MB reserved,      23.56 MB ( 37%) committed,  1 nodes.
      Class space:        1.00 GB reserved,       3.19 MB ( <1%) committed,  1 nodes.
             Both:        1.06 GB reserved,      26.75 MB (  2%) committed. 

Chunk freelists:
   Non-Class:  7.61 MB
       Class:  12.80 MB
        Both:  20.41 MB

MaxMetaspaceSize: unlimited
CompressedClassSpaceSize: 1.00 GB
Initial GC threshold: 21.00 MB
Current GC threshold: 35.56 MB
CDS: on
MetaspaceReclaimPolicy: balanced
 - commit_granule_bytes: 65536.
 - commit_granule_words: 8192.
 - virtual_space_node_default_size: 8388608.
 - enlarge_chunks_in_place: 1.
 - new_chunks_are_fully_committed: 0.
 - uncommit_free_chunks: 1.
 - use_allocation_guard: 0.
 - handle_deallocations: 1.


Internal statistics:

num_allocs_failed_limit: 3.
num_arena_births: 180.
num_arena_deaths: 0.
num_vsnodes_births: 2.
num_vsnodes_deaths: 0.
num_space_committed: 428.
num_space_uncommitted: 0.
num_chunks_returned_to_freelist: 3.
num_chunks_taken_from_freelist: 1170.
num_chunk_merges: 3.
num_chunk_splits: 815.
num_chunks_enlarged: 633.
num_inconsistent_stats: 0.

CodeHeap 'non-profiled nmethods': size=120000Kb used=2552Kb max_used=3039Kb free=117447Kb
 bounds [0x000001d807ad0000, 0x000001d807dd0000, 0x000001d80f000000]
CodeHeap 'profiled nmethods': size=120000Kb used=10965Kb max_used=12479Kb free=109035Kb
 bounds [0x000001d800000000, 0x000001d800c30000, 0x000001d807530000]
CodeHeap 'non-nmethods': size=5760Kb used=1207Kb max_used=1286Kb free=4552Kb
 bounds [0x000001d807530000, 0x000001d8077a0000, 0x000001d807ad0000]
 total_blobs=5851 nmethods=5344 adapters=419
 compilation: enabled
              stopped_count=0, restarted_count=0
 full_count=0

Compilation events (20 events):
Event: 32.114 Thread 0x000001d87f318c80 6163 %     3       lombok.launch.ClassFileMetaData::decodeString @ 15 (181 bytes)
Event: 32.115 Thread 0x000001d87f318c80 nmethod 6163% 0x000001d800a3cc10 code [0x000001d800a3cde0, 0x000001d800a3d388]
Event: 32.118 Thread 0x000001d87f318c80 6164       2       jdk.internal.loader.BuiltinClassLoader::checkURL (5 bytes)
Event: 32.118 Thread 0x000001d87f318c80 nmethod 6164 0x000001d80065c110 code [0x000001d80065c2a0, 0x000001d80065c3e8]
Event: 32.156 Thread 0x000001d87f318c80 6165       2       java.net.URI::quote (214 bytes)
Event: 32.160 Thread 0x000001d87f318c80 nmethod 6165 0x000001d8005a1c10 code [0x000001d8005a1ec0, 0x000001d8005a2878]
Event: 32.231 Thread 0x000001d87f318c80 6166       2       java.net.URI$Parser::<init> (30 bytes)
Event: 32.232 Thread 0x000001d87f318c80 nmethod 6166 0x000001d80024b690 code [0x000001d80024b820, 0x000001d80024ba58]
Event: 32.232 Thread 0x000001d87f318c80 6167       2       java.net.URI$Parser::parse (243 bytes)
Event: 32.234 Thread 0x000001d87f318c80 nmethod 6167 0x000001d80049ca90 code [0x000001d80049cdc0, 0x000001d80049d998]
Event: 32.242 Thread 0x000001d87f318c80 6168       2       java.security.AccessController::doPrivileged (17 bytes)
Event: 32.243 Thread 0x000001d87f318c80 nmethod 6168 0x000001d80024b210 code [0x000001d80024b3c0, 0x000001d80024b538]
Event: 32.244 Thread 0x000001d87f318c80 6169       3       java.util.HashSet::contains (9 bytes)
Event: 32.244 Thread 0x000001d87f318c80 nmethod 6169 0x000001d80024ab10 code [0x000001d80024acc0, 0x000001d80024ae88]
Event: 32.254 Thread 0x000001d87f318c80 6171       2       java.lang.Module::isStaticallyExportedOrOpen (70 bytes)
Event: 32.254 Thread 0x000001d87f318c80 nmethod 6171 0x000001d80038da90 code [0x000001d80038dc60, 0x000001d80038df78]
Event: 32.261 Thread 0x000001d87f318c80 6172       2       java.net.URI::isAbsolute (13 bytes)
Event: 32.261 Thread 0x000001d87f318c80 nmethod 6172 0x000001d80038d710 code [0x000001d80038d8a0, 0x000001d80038d9b8]
Event: 32.265 Thread 0x000001d87f318c80 6173       3       jdk.internal.jimage.ImageLocation::verify (218 bytes)
Event: 32.267 Thread 0x000001d87f318c80 nmethod 6173 0x000001d800269410 code [0x000001d8002696c0, 0x000001d80026a438]

GC Heap History (16 events):
Event: 10.909 GC heap before
{Heap before GC invocations=0 (full 0):
 garbage-first heap   total 122880K, used 12288K [0x0000000089600000, 0x0000000100000000)
  region size 1024K, 13 young (13312K), 0 survivors (0K)
 Metaspace       used 3709K, committed 3904K, reserved 1114112K
  class space    used 407K, committed 512K, reserved 1048576K
}
Event: 10.921 GC heap after
{Heap after GC invocations=1 (full 0):
 garbage-first heap   total 122880K, used 3136K [0x0000000089600000, 0x0000000100000000)
  region size 1024K, 2 young (2048K), 2 survivors (2048K)
 Metaspace       used 3709K, committed 3904K, reserved 1114112K
  class space    used 407K, committed 512K, reserved 1048576K
}
Event: 11.455 GC heap before
{Heap before GC invocations=1 (full 0):
 garbage-first heap   total 122880K, used 15424K [0x0000000089600000, 0x0000000100000000)
  region size 1024K, 14 young (14336K), 2 survivors (2048K)
 Metaspace       used 5568K, committed 5760K, reserved 1114112K
  class space    used 682K, committed 768K, reserved 1048576K
}
Event: 11.463 GC heap after
{Heap after GC invocations=2 (full 0):
 garbage-first heap   total 122880K, used 3893K [0x0000000089600000, 0x0000000100000000)
  region size 1024K, 1 young (1024K), 1 survivors (1024K)
 Metaspace       used 5568K, committed 5760K, reserved 1114112K
  class space    used 682K, committed 768K, reserved 1048576K
}
Event: 12.659 GC heap before
{Heap before GC invocations=2 (full 0):
 garbage-first heap   total 122880K, used 32565K [0x0000000089600000, 0x0000000100000000)
  region size 1024K, 29 young (29696K), 1 survivors (1024K)
 Metaspace       used 10034K, committed 10176K, reserved 1114112K
  class space    used 1225K, committed 1280K, reserved 1048576K
}
Event: 12.667 GC heap after
{Heap after GC invocations=3 (full 0):
 garbage-first heap   total 122880K, used 5477K [0x0000000089600000, 0x0000000100000000)
  region size 1024K, 3 young (3072K), 3 survivors (3072K)
 Metaspace       used 10034K, committed 10176K, reserved 1114112K
  class space    used 1225K, committed 1280K, reserved 1048576K
}
Event: 15.370 GC heap before
{Heap before GC invocations=3 (full 0):
 garbage-first heap   total 122880K, used 76133K [0x0000000089600000, 0x0000000100000000)
  region size 1024K, 72 young (73728K), 3 survivors (3072K)
 Metaspace       used 15617K, committed 15808K, reserved 1114112K
  class space    used 1863K, committed 1920K, reserved 1048576K
}
Event: 15.400 GC heap after
{Heap after GC invocations=4 (full 0):
 garbage-first heap   total 122880K, used 12747K [0x0000000089600000, 0x0000000100000000)
  region size 1024K, 9 young (9216K), 9 survivors (9216K)
 Metaspace       used 15617K, committed 15808K, reserved 1114112K
  class space    used 1863K, committed 1920K, reserved 1048576K
}
Event: 19.104 GC heap before
{Heap before GC invocations=4 (full 0):
 garbage-first heap   total 122880K, used 77259K [0x0000000089600000, 0x0000000100000000)
  region size 1024K, 72 young (73728K), 9 survivors (9216K)
 Metaspace       used 17424K, committed 17728K, reserved 1114112K
  class space    used 2027K, committed 2176K, reserved 1048576K
}
Event: 19.137 GC heap after
{Heap after GC invocations=5 (full 0):
 garbage-first heap   total 122880K, used 15567K [0x0000000089600000, 0x0000000100000000)
  region size 1024K, 4 young (4096K), 4 survivors (4096K)
 Metaspace       used 17424K, committed 17728K, reserved 1114112K
  class space    used 2027K, committed 2176K, reserved 1048576K
}
Event: 22.523 GC heap before
{Heap before GC invocations=5 (full 0):
 garbage-first heap   total 122880K, used 41167K [0x0000000089600000, 0x0000000100000000)
  region size 1024K, 26 young (26624K), 4 survivors (4096K)
 Metaspace       used 21250K, committed 21504K, reserved 1114112K
  class space    used 2502K, committed 2624K, reserved 1048576K
}
Event: 22.542 GC heap after
{Heap after GC invocations=6 (full 0):
 garbage-first heap   total 122880K, used 24271K [0x0000000089600000, 0x0000000100000000)
  region size 1024K, 8 young (8192K), 8 survivors (8192K)
 Metaspace       used 21250K, committed 21504K, reserved 1114112K
  class space    used 2502K, committed 2624K, reserved 1048576K
}
Event: 29.750 GC heap before
{Heap before GC invocations=7 (full 0):
 garbage-first heap   total 86016K, used 68303K [0x0000000089600000, 0x0000000100000000)
  region size 1024K, 50 young (51200K), 8 survivors (8192K)
 Metaspace       used 26118K, committed 26432K, reserved 1114112K
  class space    used 3036K, committed 3200K, reserved 1048576K
}
Event: 29.794 GC heap after
{Heap after GC invocations=8 (full 0):
 garbage-first heap   total 89088K, used 35362K [0x0000000089600000, 0x0000000100000000)
  region size 1024K, 7 young (7168K), 7 survivors (7168K)
 Metaspace       used 26118K, committed 26432K, reserved 1114112K
  class space    used 3036K, committed 3200K, reserved 1048576K
}
Event: 29.884 GC heap before
{Heap before GC invocations=8 (full 0):
 garbage-first heap   total 89088K, used 36386K [0x0000000089600000, 0x0000000100000000)
  region size 1024K, 8 young (8192K), 7 survivors (7168K)
 Metaspace       used 26145K, committed 26496K, reserved 1114112K
  class space    used 3036K, committed 3200K, reserved 1048576K
}
Event: 29.911 GC heap after
{Heap after GC invocations=9 (full 0):
 garbage-first heap   total 89088K, used 36864K [0x0000000089600000, 0x0000000100000000)
  region size 1024K, 1 young (1024K), 1 survivors (1024K)
 Metaspace       used 26145K, committed 26496K, reserved 1114112K
  class space    used 3036K, committed 3200K, reserved 1048576K
}

Deoptimization events (20 events):
Event: 31.552 Thread 0x000001d870f17480 Uncommon trap: trap_request=0xffffffc6 fr.pc=0x000001d807c90fd4 relative=0x00000000000010d4
Event: 31.552 Thread 0x000001d870f17480 Uncommon trap: reason=bimorphic_or_optimized_type_check action=maybe_recompile pc=0x000001d807c90fd4 method=com.sun.tools.javac.code.Symbol$TypeSymbol.formFlatName(Lcom/sun/tools/javac/util/Name;Lcom/sun/tools/javac/code/Symbol;)Lcom/sun/tools/javac/util/
Event: 31.552 Thread 0x000001d870f17480 DEOPT PACKING pc=0x000001d807c90fd4 sp=0x000000c4d6efbf00
Event: 31.552 Thread 0x000001d870f17480 DEOPT UNPACKING pc=0x000001d8075823a3 sp=0x000000c4d6efbef0 mode 2
Event: 31.553 Thread 0x000001d870f17480 Uncommon trap: trap_request=0xffffffc6 fr.pc=0x000001d807c90fd4 relative=0x00000000000010d4
Event: 31.553 Thread 0x000001d870f17480 Uncommon trap: reason=bimorphic_or_optimized_type_check action=maybe_recompile pc=0x000001d807c90fd4 method=com.sun.tools.javac.code.Symbol$TypeSymbol.formFlatName(Lcom/sun/tools/javac/util/Name;Lcom/sun/tools/javac/code/Symbol;)Lcom/sun/tools/javac/util/
Event: 31.553 Thread 0x000001d870f17480 DEOPT PACKING pc=0x000001d807c90fd4 sp=0x000000c4d6efbf00
Event: 31.553 Thread 0x000001d870f17480 DEOPT UNPACKING pc=0x000001d8075823a3 sp=0x000000c4d6efbef0 mode 2
Event: 31.866 Thread 0x000001d870f17480 Uncommon trap: trap_request=0xffffff45 fr.pc=0x000001d807d71f28 relative=0x00000000000002a8
Event: 31.866 Thread 0x000001d870f17480 Uncommon trap: reason=unstable_if action=reinterpret pc=0x000001d807d71f28 method=com.sun.tools.javac.util.Convert.utf2chars([BI[CII)I @ 37 c2
Event: 31.866 Thread 0x000001d870f17480 DEOPT PACKING pc=0x000001d807d71f28 sp=0x000000c4d6efbee0
Event: 31.866 Thread 0x000001d870f17480 DEOPT UNPACKING pc=0x000001d8075823a3 sp=0x000000c4d6efbe40 mode 2
Event: 32.230 Thread 0x000001d870f17480 Uncommon trap: trap_request=0xffffff45 fr.pc=0x000001d807c04c70 relative=0x00000000000004b0
Event: 32.230 Thread 0x000001d870f17480 Uncommon trap: reason=unstable_if action=reinterpret pc=0x000001d807c04c70 method=java.util.HashMap.hash(Ljava/lang/Object;)I @ 1 c2
Event: 32.230 Thread 0x000001d870f17480 DEOPT PACKING pc=0x000001d807c04c70 sp=0x000000c4d6efbf90
Event: 32.230 Thread 0x000001d870f17480 DEOPT UNPACKING pc=0x000001d8075823a3 sp=0x000000c4d6efbdc8 mode 2
Event: 32.265 Thread 0x000001d870f17480 Uncommon trap: trap_request=0xffffff45 fr.pc=0x000001d807b62a28 relative=0x0000000000001208
Event: 32.265 Thread 0x000001d870f17480 Uncommon trap: reason=unstable_if action=reinterpret pc=0x000001d807b62a28 method=jdk.internal.jimage.ImageStringsReader.stringFromByteBufferMatches(Ljava/nio/ByteBuffer;ILjava/lang/String;I)I @ 48 c2
Event: 32.265 Thread 0x000001d870f17480 DEOPT PACKING pc=0x000001d807b62a28 sp=0x000000c4d6efc480
Event: 32.265 Thread 0x000001d870f17480 DEOPT UNPACKING pc=0x000001d8075823a3 sp=0x000000c4d6efc1d8 mode 2

Classes unloaded (0 events):
No events

Classes redefined (0 events):
No events

Internal exceptions (20 events):
Event: 31.622 Thread 0x000001d870f17480 Exception <a 'sun/nio/fs/WindowsException'{0x000000008dc0dba8}> (0x000000008dc0dba8) 
thrown [s\open\src\hotspot\share\prims\jni.cpp, line 516]
Event: 31.622 Thread 0x000001d870f17480 Exception <a 'sun/nio/fs/WindowsException'{0x000000008dc0f070}> (0x000000008dc0f070) 
thrown [s\open\src\hotspot\share\prims\jni.cpp, line 516]
Event: 31.622 Thread 0x000001d870f17480 Exception <a 'sun/nio/fs/WindowsException'{0x000000008dc0f418}> (0x000000008dc0f418) 
thrown [s\open\src\hotspot\share\prims\jni.cpp, line 516]
Event: 31.822 Thread 0x000001d870f17480 Exception <a 'sun/nio/fs/WindowsException'{0x000000008d946620}> (0x000000008d946620) 
thrown [s\open\src\hotspot\share\prims\jni.cpp, line 516]
Event: 31.822 Thread 0x000001d870f17480 Exception <a 'sun/nio/fs/WindowsException'{0x000000008d946910}> (0x000000008d946910) 
thrown [s\open\src\hotspot\share\prims\jni.cpp, line 516]
Event: 31.823 Thread 0x000001d870f17480 Exception <a 'sun/nio/fs/WindowsException'{0x000000008d9536e0}> (0x000000008d9536e0) 
thrown [s\open\src\hotspot\share\prims\jni.cpp, line 516]
Event: 31.823 Thread 0x000001d870f17480 Exception <a 'sun/nio/fs/WindowsException'{0x000000008d953980}> (0x000000008d953980) 
thrown [s\open\src\hotspot\share\prims\jni.cpp, line 516]
Event: 31.825 Thread 0x000001d870f17480 Exception <a 'sun/nio/fs/WindowsException'{0x000000008d97b870}> (0x000000008d97b870) 
thrown [s\open\src\hotspot\share\prims\jni.cpp, line 516]
Event: 31.826 Thread 0x000001d870f17480 Exception <a 'sun/nio/fs/WindowsException'{0x000000008d97bb60}> (0x000000008d97bb60) 
thrown [s\open\src\hotspot\share\prims\jni.cpp, line 516]
Event: 31.826 Thread 0x000001d870f17480 Exception <a 'sun/nio/fs/WindowsException'{0x000000008d97cd50}> (0x000000008d97cd50) 
thrown [s\open\src\hotspot\share\prims\jni.cpp, line 516]
Event: 31.826 Thread 0x000001d870f17480 Exception <a 'sun/nio/fs/WindowsException'{0x000000008d97d0c8}> (0x000000008d97d0c8) 
thrown [s\open\src\hotspot\share\prims\jni.cpp, line 516]
Event: 31.853 Thread 0x000001d870f17480 Exception <a 'sun/nio/fs/WindowsException'{0x000000008d9a13c8}> (0x000000008d9a13c8) 
thrown [s\open\src\hotspot\share\prims\jni.cpp, line 516]
Event: 31.853 Thread 0x000001d870f17480 Exception <a 'sun/nio/fs/WindowsException'{0x000000008d9a16c8}> (0x000000008d9a16c8) 
thrown [s\open\src\hotspot\share\prims\jni.cpp, line 516]
Event: 31.853 Thread 0x000001d870f17480 Exception <a 'sun/nio/fs/WindowsException'{0x000000008d9a5118}> (0x000000008d9a5118) 
thrown [s\open\src\hotspot\share\prims\jni.cpp, line 516]
Event: 31.854 Thread 0x000001d870f17480 Exception <a 'sun/nio/fs/WindowsException'{0x000000008d9a53d8}> (0x000000008d9a53d8) 
thrown [s\open\src\hotspot\share\prims\jni.cpp, line 516]
Event: 31.854 Thread 0x000001d870f17480 Exception <a 'sun/nio/fs/WindowsException'{0x000000008d9ae700}> (0x000000008d9ae700) 
thrown [s\open\src\hotspot\share\prims\jni.cpp, line 516]
Event: 31.854 Thread 0x000001d870f17480 Exception <a 'sun/nio/fs/WindowsException'{0x000000008d9aea00}> (0x000000008d9aea00) 
thrown [s\open\src\hotspot\share\prims\jni.cpp, line 516]
Event: 31.854 Thread 0x000001d870f17480 Exception <a 'sun/nio/fs/WindowsException'{0x000000008d9afc00}> (0x000000008d9afc00) 
thrown [s\open\src\hotspot\share\prims\jni.cpp, line 516]
Event: 31.854 Thread 0x000001d870f17480 Exception <a 'sun/nio/fs/WindowsException'{0x000000008d9aff90}> (0x000000008d9aff90) 
thrown [s\open\src\hotspot\share\prims\jni.cpp, line 516]
Event: 32.230 Thread 0x000001d870f17480 Implicit null exception at 0x000001d807c04830 to 0x000001d807c04c54

VM Operations (20 events):
Event: 27.933 Executing VM operation: HandshakeAllThreads
Event: 27.933 Executing VM operation: HandshakeAllThreads done
Event: 28.170 Executing VM operation: HandshakeAllThreads
Event: 28.171 Executing VM operation: HandshakeAllThreads done
Event: 29.171 Executing VM operation: Cleanup
Event: 29.224 Executing VM operation: Cleanup done
Event: 29.750 Executing VM operation: G1CollectForAllocation
Event: 29.795 Executing VM operation: G1CollectForAllocation done
Event: 29.884 Executing VM operation: G1CollectForAllocation
Event: 29.911 Executing VM operation: G1CollectForAllocation done
Event: 29.950 Executing VM operation: HandshakeAllThreads
Event: 29.950 Executing VM operation: HandshakeAllThreads done
Event: 30.184 Executing VM operation: HandshakeAllThreads
Event: 30.298 Executing VM operation: HandshakeAllThreads done
Event: 30.319 Executing VM operation: HandshakeAllThreads
Event: 30.319 Executing VM operation: HandshakeAllThreads done
Event: 31.333 Executing VM operation: Cleanup
Event: 31.334 Executing VM operation: Cleanup done
Event: 31.903 Executing VM operation: HandshakeAllThreads
Event: 31.903 Executing VM operation: HandshakeAllThreads done

Events (20 events):
Event: 32.017 loading class java/net/URLDecoder
Event: 32.018 loading class java/net/URLDecoder done
Event: 32.018 loading class java/net/URLEncoder
Event: 32.018 loading class java/net/URLEncoder done
Event: 32.020 loading class java/util/WeakHashMap$EntrySet
Event: 32.020 loading class java/util/WeakHashMap$EntrySet done
Event: 32.020 loading class java/util/WeakHashMap$EntryIterator
Event: 32.020 loading class java/util/WeakHashMap$HashIterator
Event: 32.021 loading class java/util/WeakHashMap$HashIterator done
Event: 32.021 loading class java/util/WeakHashMap$EntryIterator done
Event: 32.021 loading class java/util/zip/ZipFile$ZipEntryIterator
Event: 32.022 loading class java/util/zip/ZipFile$ZipEntryIterator done
Event: 32.077 loading class jdk/internal/module/IllegalAccessLogger
Event: 32.077 loading class jdk/internal/module/IllegalAccessLogger done
Event: 32.247 loading class java/lang/LayerInstantiationException
Event: 32.248 loading class java/lang/LayerInstantiationException done
Event: 32.248 loading class jdk/internal/loader/Loader
Event: 32.248 loading class jdk/internal/loader/Loader done
Event: 32.250 loading class java/lang/Class$EnclosingMethodInfo
Event: 32.251 loading class java/lang/Class$EnclosingMethodInfo done


Dynamic libraries:
0x00007ff768400000 - 0x00007ff768410000 	C:\Program Files\Java\jdk-17\bin\java.exe
0x00007ffca0490000 - 0x00007ffca0688000 	C:\Windows\SYSTEM32\ntdll.dll
0x00007ffc9eb30000 - 0x00007ffc9ebf2000 	C:\Windows\System32\KERNEL32.DLL
0x00007ffc9dc60000 - 0x00007ffc9df56000 	C:\Windows\System32\KERNELBASE.dll
0x00007ffc9db30000 - 0x00007ffc9dc30000 	C:\Windows\System32\ucrtbase.dll
0x00007ffc97010000 - 0x00007ffc97029000 	C:\Program Files\Java\jdk-17\bin\jli.dll
0x00007ffc96ff0000 - 0x00007ffc9700b000 	C:\Program Files\Java\jdk-17\bin\VCRUNTIME140.dll
0x00007ffc9fcb0000 - 0x00007ffc9fd5f000 	C:\Windows\System32\ADVAPI32.dll
0x00007ffc9fc10000 - 0x00007ffc9fcae000 	C:\Windows\System32\msvcrt.dll
0x00007ffc9ec00000 - 0x00007ffc9ec9f000 	C:\Windows\System32\sechost.dll
0x00007ffc9e870000 - 0x00007ffc9e993000 	C:\Windows\System32\RPCRT4.dll
0x00007ffc9e200000 - 0x00007ffc9e227000 	C:\Windows\System32\bcrypt.dll
0x00007ffc9fd60000 - 0x00007ffc9fefd000 	C:\Windows\System32\USER32.dll
0x00007ffc9dc30000 - 0x00007ffc9dc52000 	C:\Windows\System32\win32u.dll
0x00007ffc9f7f0000 - 0x00007ffc9f81b000 	C:\Windows\System32\GDI32.dll
0x00007ffc89bd0000 - 0x00007ffc89e6a000 	C:\Windows\WinSxS\amd64_microsoft.windows.common-controls_6595b64144ccf1df_6.0.19041.5794_none_60bcd33171f2783c\COMCTL32.dll
0x00007ffc9dfb0000 - 0x00007ffc9e0ca000 	C:\Windows\System32\gdi32full.dll
0x00007ffc9e230000 - 0x00007ffc9e2cd000 	C:\Windows\System32\msvcp_win.dll
0x00007ffc9c260000 - 0x00007ffc9c26a000 	C:\Windows\SYSTEM32\VERSION.dll
0x00007ffc9f470000 - 0x00007ffc9f49f000 	C:\Windows\System32\IMM32.DLL
0x00007ffc989c0000 - 0x00007ffc989cc000 	C:\Program Files\Java\jdk-17\bin\vcruntime140_1.dll
0x00007ffc855c0000 - 0x00007ffc8564e000 	C:\Program Files\Java\jdk-17\bin\msvcp140.dll
0x00007ffc57fd0000 - 0x00007ffc58bb0000 	C:\Program Files\Java\jdk-17\bin\server\jvm.dll
0x00007ffc9ff60000 - 0x00007ffc9ff68000 	C:\Windows\System32\PSAPI.DLL
0x00007ffc8a670000 - 0x00007ffc8a697000 	C:\Windows\SYSTEM32\WINMM.dll
0x00007ffc85de0000 - 0x00007ffc85de9000 	C:\Windows\SYSTEM32\WSOCK32.dll
0x00007ffc9e6e0000 - 0x00007ffc9e74b000 	C:\Windows\System32\WS2_32.dll
0x00007ffc9c360000 - 0x00007ffc9c372000 	C:\Windows\SYSTEM32\kernel.appcore.dll
0x00007ffc97630000 - 0x00007ffc9763a000 	C:\Program Files\Java\jdk-17\bin\jimage.dll
0x00007ffc89e70000 - 0x00007ffc8a071000 	C:\Windows\SYSTEM32\DBGHELP.DLL
0x00007ffc843c0000 - 0x00007ffc843f4000 	C:\Windows\SYSTEM32\dbgcore.DLL
0x00007ffc9e2d0000 - 0x00007ffc9e352000 	C:\Windows\System32\bcryptPrimitives.dll
0x00007ffc8cc90000 - 0x00007ffc8ccb5000 	C:\Program Files\Java\jdk-17\bin\java.dll
0x00007ffc7acb0000 - 0x00007ffc7ad87000 	C:\Program Files\Java\jdk-17\bin\jsvml.dll
0x00007ffc9ed00000 - 0x00007ffc9f46e000 	C:\Windows\System32\SHELL32.dll
0x00007ffc9b8a0000 - 0x00007ffc9c043000 	C:\Windows\SYSTEM32\windows.storage.dll
0x00007ffc9f820000 - 0x00007ffc9fb73000 	C:\Windows\System32\combase.dll
0x00007ffc9d480000 - 0x00007ffc9d4ab000 	C:\Windows\SYSTEM32\Wldp.dll
0x00007ffc9e4e0000 - 0x00007ffc9e5ad000 	C:\Windows\System32\OLEAUT32.dll
0x00007ffc9e9a0000 - 0x00007ffc9ea4d000 	C:\Windows\System32\SHCORE.dll
0x00007ffc9f550000 - 0x00007ffc9f5a5000 	C:\Windows\System32\shlwapi.dll
0x00007ffc9da60000 - 0x00007ffc9da85000 	C:\Windows\SYSTEM32\profapi.dll
0x00007ffc8b750000 - 0x00007ffc8b769000 	C:\Program Files\Java\jdk-17\bin\net.dll
0x00007ffc9c050000 - 0x00007ffc9c15a000 	C:\Windows\SYSTEM32\WINHTTP.dll
0x00007ffc9d260000 - 0x00007ffc9d2cc000 	C:\Windows\system32\mswsock.dll
0x00007ffc86fb0000 - 0x00007ffc86fc6000 	C:\Program Files\Java\jdk-17\bin\nio.dll
0x00007ffc855a0000 - 0x00007ffc855b8000 	C:\Program Files\Java\jdk-17\bin\zip.dll
0x00007ffc85350000 - 0x00007ffc85374000 	C:\apache-maven-3.9.9\lib\jansi-native\Windows\x86_64\jansi.dll
0x00007ffc8cac0000 - 0x00007ffc8cad0000 	C:\Program Files\Java\jdk-17\bin\verify.dll

dbghelp: loaded successfully - version: 4.0.5 - missing functions: none
symbol engine: initialized successfully - sym options: 0x614 - pdb path: .;C:\Program Files\Java\jdk-17\bin;C:\Windows\SYSTEM32;C:\Windows\WinSxS\amd64_microsoft.windows.common-controls_6595b64144ccf1df_6.0.19041.5794_none_60bcd33171f2783c;C:\Program Files\Java\jdk-17\bin\server;C:\apache-maven-3.9.9\lib\jansi-native\Windows\x86_64

VM Arguments:
jvm_args: -Dclassworlds.conf=C:\apache-maven-3.9.9\bin\m2.conf -Dmaven.home=C:\apache-maven-3.9.9 -Dlibrary.jansi.path=C:\apache-maven-3.9.9\lib\jansi-native -Dmaven.multiModuleProjectDirectory=D:\ResidentCommunityApp 
java_command: org.codehaus.plexus.classworlds.launcher.Launcher clean install
java_class_path (initial): C:\apache-maven-3.9.9\boot\plexus-classworlds-2.8.0.jar
Launcher Type: SUN_STANDARD

[Global flags]
     intx CICompilerCount                          = 3                                         {product} {ergonomic}
     uint ConcGCThreads                            = 1                                         {product} {ergonomic}
     uint G1ConcRefinementThreads                  = 4                                         {product} {ergonomic}
   size_t G1HeapRegionSize                         = 1048576                                   {product} {ergonomic}
    uintx GCDrainStackTargetSize                   = 64                                        {product} {ergonomic}
   size_t InitialHeapSize                          = 125829120                                 {product} {ergonomic}
   size_t MarkStackSize                            = 4194304                                   {product} {ergonomic}
   size_t MaxHeapSize                              = 1990197248                                {product} {ergonomic}
   size_t MaxNewSize                               = 1193279488                                {product} {ergonomic}
   size_t MinHeapDeltaBytes                        = 1048576                                   {product} {ergonomic}
   size_t MinHeapSize                              = 8388608                                   {product} {ergonomic}
    uintx NonNMethodCodeHeapSize                   = 5832780                                {pd product} {ergonomic}
    uintx NonProfiledCodeHeapSize                  = 122912730                              {pd product} {ergonomic}
    uintx ProfiledCodeHeapSize                     = 122912730                              {pd product} {ergonomic}
    uintx ReservedCodeCacheSize                    = 251658240                              {pd product} {ergonomic}
     bool SegmentedCodeCache                       = true                                      {product} {ergonomic}
   size_t SoftMaxHeapSize                          = 1990197248                             {manageable} {ergonomic}
     bool UseCompressedClassPointers               = true                           {product lp64_product} {ergonomic}
     bool UseCompressedOops                        = true                           {product lp64_product} {ergonomic}
     bool UseG1GC                                  = true                                      {product} {ergonomic}
     bool UseLargePagesIndividualAllocation        = false                                  {pd product} {ergonomic}

Logging:
Log output configuration:
 #0: stdout all=warning uptime,level,tags
 #1: stderr all=off uptime,level,tags

Environment Variables:
JAVA_HOME=C:\Program Files\Java\jdk-17
PATH=C:\Python313\Scripts\;C:\Python313\;C:\Program Files\Common Files\Oracle\Java\javapath;C:\Windows\system32;C:\Windows;C:\Windows\System32\Wbem;C:\Windows\System32\WindowsPowerShell\v1.0\;C:\Windows\System32\OpenSSH\;C:\Program Files\Git\cmd;C:\Program Files\PuTTY\;C:\xampp\php;C:\apache-maven-3.9.9\bin;C:\Program Files\Docker\Docker\resources\bin;C:\Program Files\Java\jdk-17\bin;C:\Program Files\Amazon\AWSCLIV2\;C:\terraform\;C:\Users\user\AppData\Local\Microsoft\WindowsApps;C:\Program Files\JetBrains\IntelliJ IDEA 2023.2\bin;C:\Program Files\JetBrains\PyCharm 2024.1.4\bin;C:\Program Files\JetBrains\PyCharm Community Edition 2023.2\bin;C:\Users\user\AppData\Local\Programs\Microsoft VS Code\bin;C:\Users\user\AppData\Local\GitHubDesktop\bin;C:\Program Files\kubectl;C:\chromedriver\;;C:\minikube;C:\Program Files\nodejs\;C:\ProgramData\chocolatey\bin;C:\Users\user\AppData\Local\Microsoft\WindowsApps;C:\Program Files\JetBrains\IntelliJ IDEA 2023.2\bin;;C:\Program Files\JetBrains\PyCharm 2024.1.4\bin;;C:\Program Files\JetBrains\PyCharm Community Edition 2023.2\bin;;C:\Users\user\AppData\Local\Programs\Microsoft VS Code\bin;C:\Users\user\AppData\Local\GitHubDesktop\bin;C:\apache-maven-3.9.9\bin;C:\Users\user\AppData\Roaming\npm;C:\Program Files\Java\jdk-17\bin;
USERNAME=user
OS=Windows_NT
PROCESSOR_IDENTIFIER=Intel64 Family 6 Model 78 Stepping 3, GenuineIntel



---------------  S Y S T E M  ---------------

OS:
 Windows 10 , 64 bit Build 19041 (10.0.19041.5794)
OS uptime: 3 days 10:28 hours
Hyper-V role detected

CPU: total 4 (initial active 4) (2 cores per cpu, 2 threads per core) family 6 model 78 stepping 3 microcode 0xd6, cx8, cmov, fxsr, ht, mmx, 3dnowpref, sse, sse2, sse3, ssse3, sse4.1, sse4.2, popcnt, lzcnt, tsc, tscinvbit, avx, avx2, aes, erms, clmul, bmi1, bmi2, rtm, adx, fma, vzeroupper, clflush, clflushopt, hv

Memory: 4k page, system-wide physical 7591M (293M free)
TotalPageFile size 15683M (AvailPageFile size 12M)
current process WorkingSet (physical memory assigned to process): 212M, peak: 215M
current process commit charge ("private bytes"): 240M, peak: 256M

vm_info: Java HotSpot(TM) 64-Bit Server VM (17.0.12+8-LTS-286) for windows-amd64 JRE (17.0.12+8-LTS-286), built on Jun  5 2024 06:46:59 by "mach5one" with MS VC++ 17.6 (VS2022)

END.
