#
# There is insufficient memory for the Java Runtime Environment to continue.
# Native memory allocation (mmap) failed to map 125829120 bytes for G1 virtual space
# Possible reasons:
#   The system is out of physical RAM or swap space
#   The process is running with CompressedOops enabled, and the Java Heap may be blocking the growth of the native heap
# Possible solutions:
#   Reduce memory load on the system
#   Increase physical memory or swap space
#   Check if swap backing store is full
#   Decrease Java heap size (-Xmx/-Xms)
#   Decrease number of Java threads
#   Decrease Java thread stack sizes (-Xss)
#   Set larger code cache with -XX:ReservedCodeCacheSize=
#   JVM is running with Unscaled Compressed Oops mode in which the Java heap is
#     placed in the first 4GB address space. The Java Heap base address is the
#     maximum limit for the native heap growth. Please use -XX:HeapBaseMinAddress
#     to set the Java Heap base and to place the Java Heap above 4GB virtual address.
# This output file may be truncated or incomplete.
#
#  Out of Memory Error (os_windows.cpp:3548), pid=11756, tid=9236
#
# JRE version:  (17.0.12+8) (build )
# Java VM: Java HotSpot(TM) 64-Bit Server VM (17.0.12+8-LTS-286, mixed mode, sharing, tiered, compressed oops, compressed class ptrs, g1 gc, windows-amd64)
# No core dump will be written. Minidumps are not enabled by default on client versions of Windows
#

---------------  S U M M A R Y ------------

Command Line: C:\Users\user\AppData\Local\Temp\surefire9348587452210899156\surefirebooter-20250518191253430_3.jar C:\Users\user\AppData\Local\Temp\surefire9348587452210899156 2025-05-18T19-12-52_913-jvmRun1 surefire-20250518191253430_1tmp surefire_0-20250518191253430_2tmp

Host: Intel(R) Core(TM) i5-6300U CPU @ 2.40GHz, 4 cores, 7G,  Windows 10 , 64 bit Build 19041 (10.0.19041.5794)
Time: Sun May 18 19:12:53 2025 India Standard Time elapsed time: 0.040812 seconds (0d 0h 0m 0s)

---------------  T H R E A D  ---------------

Current thread (0x0000017b75e77610):  JavaThread "Unknown thread" [_thread_in_vm, id=9236, stack(0x0000001f6ab00000,0x0000001f6ac00000)]

Stack: [0x0000001f6ab00000,0x0000001f6ac00000]
Native frames: (J=compiled Java code, j=interpreted, Vv=VM code, C=native code)
V  [jvm.dll+0x67a04a]
V  [jvm.dll+0x7da4ed]
V  [jvm.dll+0x7dbe33]
V  [jvm.dll+0x7dc4a3]
V  [jvm.dll+0x24508f]
V  [jvm.dll+0x677089]
V  [jvm.dll+0x66bd32]
V  [jvm.dll+0x301fa6]
V  [jvm.dll+0x309546]
V  [jvm.dll+0x359d2e]
V  [jvm.dll+0x359f5f]
V  [jvm.dll+0x2d9078]
V  [jvm.dll+0x2d9fe4]
V  [jvm.dll+0x7aca21]
V  [jvm.dll+0x367591]
V  [jvm.dll+0x78b999]
V  [jvm.dll+0x3ec83f]
V  [jvm.dll+0x3ee471]
C  [jli.dll+0x5297]
C  [ucrtbase.dll+0x21bb2]
C  [KERNEL32.DLL+0x17374]
C  [ntdll.dll+0x4cc91]


---------------  P R O C E S S  ---------------

Threads class SMR info:
_java_thread_list=0x00007fff49187a18, length=0, elements={
}

Java Threads: ( => current thread )

Other Threads:
  0x0000017b75ecd520 GCTaskThread "GC Thread#0" [stack: 0x0000001f6ac00000,0x0000001f6ad00000] [id=3900]
  0x0000017b75ede0d0 ConcurrentGCThread "G1 Main Marker" [stack: 0x0000001f6ad00000,0x0000001f6ae00000] [id=17812]
  0x0000017b75ee01a0 ConcurrentGCThread "G1 Conc#0" [stack: 0x0000001f6ae00000,0x0000001f6af00000] [id=16648]

[error occurred during error reporting (printing all threads), id 0xc0000005, EXCEPTION_ACCESS_VIOLATION (0xc0000005) at pc=0x00007fff489b9b67]

VM state: not at safepoint (not fully initialized)

VM Mutex/Monitor currently owned by a thread:  ([mutex/lock_event])
[0x0000017b75e710e0] Heap_lock - owner thread: 0x0000017b75e77610

Heap address: 0x0000000089600000, size: 1898 MB, Compressed Oops mode: 32-bit

CDS archive(s) mapped at: [0x0000000000000000-0x0000000000000000-0x0000000000000000), size 0, SharedBaseAddress: 0x0000000800000000, ArchiveRelocationMode: 1.
Narrow klass base: 0x0000000000000000, Narrow klass shift: 0, Narrow klass range: 0x0

GC Precious Log:
<Empty>

Heap:
 garbage-first heap   total 0K, used 0K [0x0000000089600000, 0x0000000100000000)
  region size 1024K, 0 young (0K), 0 survivors (0K)

[error occurred during error reporting (printing heap information), id 0xc0000005, EXCEPTION_ACCESS_VIOLATION (0xc0000005) at pc=0x00007fff48da3859]

GC Heap History (0 events):
No events

Deoptimization events (0 events):
No events

Classes unloaded (0 events):
No events

Classes redefined (0 events):
No events

Internal exceptions (0 events):
No events

VM Operations (0 events):
No events

Events (1 events):
Event: 0.013 Loaded shared library C:\Program Files\Java\jdk-17\bin\java.dll


Dynamic libraries:
0x00007ff67cf30000 - 0x00007ff67cf40000 	C:\Program Files\Java\jdk-17\bin\java.exe
0x00007fffda490000 - 0x00007fffda688000 	C:\Windows\SYSTEM32\ntdll.dll
0x00007fffd9130000 - 0x00007fffd91f2000 	C:\Windows\System32\KERNEL32.DLL
0x00007fffd7b30000 - 0x00007fffd7e26000 	C:\Windows\System32\KERNELBASE.dll
0x00007fffd83c0000 - 0x00007fffd84c0000 	C:\Windows\System32\ucrtbase.dll
0x00007fffbda20000 - 0x00007fffbda39000 	C:\Program Files\Java\jdk-17\bin\jli.dll
0x00007fffda3a0000 - 0x00007fffda44f000 	C:\Windows\System32\ADVAPI32.dll
0x00007fffd0e40000 - 0x00007fffd0e5b000 	C:\Program Files\Java\jdk-17\bin\VCRUNTIME140.dll
0x00007fffd9200000 - 0x00007fffd929e000 	C:\Windows\System32\msvcrt.dll
0x00007fffd9cb0000 - 0x00007fffd9d4f000 	C:\Windows\System32\sechost.dll
0x00007fffd8de0000 - 0x00007fffd8f03000 	C:\Windows\System32\RPCRT4.dll
0x00007fffd82c0000 - 0x00007fffd82e7000 	C:\Windows\System32\bcrypt.dll
0x00007fffd9a80000 - 0x00007fffd9c1d000 	C:\Windows\System32\USER32.dll
0x00007fffd8390000 - 0x00007fffd83b2000 	C:\Windows\System32\win32u.dll
0x00007fffd96f0000 - 0x00007fffd971b000 	C:\Windows\System32\GDI32.dll
0x00007fffd7e80000 - 0x00007fffd7f9a000 	C:\Windows\System32\gdi32full.dll
0x00007fffd82f0000 - 0x00007fffd838d000 	C:\Windows\System32\msvcp_win.dll
0x00007fffc3580000 - 0x00007fffc381a000 	C:\Windows\WinSxS\amd64_microsoft.windows.common-controls_6595b64144ccf1df_6.0.19041.5794_none_60bcd33171f2783c\COMCTL32.dll
0x00007fffd6260000 - 0x00007fffd626a000 	C:\Windows\SYSTEM32\VERSION.dll
0x00007fffd9c80000 - 0x00007fffd9caf000 	C:\Windows\System32\IMM32.DLL
0x00007fffc4570000 - 0x00007fffc457c000 	C:\Program Files\Java\jdk-17\bin\vcruntime140_1.dll
0x00007fffb75b0000 - 0x00007fffb763e000 	C:\Program Files\Java\jdk-17\bin\msvcp140.dll
0x00007fff486d0000 - 0x00007fff492b0000 	C:\Program Files\Java\jdk-17\bin\server\jvm.dll
0x00007fffd93e0000 - 0x00007fffd93e8000 	C:\Windows\System32\PSAPI.DLL
0x00007fffbcf90000 - 0x00007fffbcf99000 	C:\Windows\SYSTEM32\WSOCK32.dll
0x00007fffd9520000 - 0x00007fffd958b000 	C:\Windows\System32\WS2_32.dll
0x00007fffc15d0000 - 0x00007fffc15f7000 	C:\Windows\SYSTEM32\WINMM.dll
0x00007fffd65b0000 - 0x00007fffd65c2000 	C:\Windows\SYSTEM32\kernel.appcore.dll
0x00007fffc20d0000 - 0x00007fffc20da000 	C:\Program Files\Java\jdk-17\bin\jimage.dll
0x00007fffc1610000 - 0x00007fffc1811000 	C:\Windows\SYSTEM32\DBGHELP.DLL
0x00007fffb9fa0000 - 0x00007fffb9fd4000 	C:\Windows\SYSTEM32\dbgcore.DLL
0x00007fffd7fa0000 - 0x00007fffd8022000 	C:\Windows\System32\bcryptPrimitives.dll
0x00007fffbc2e0000 - 0x00007fffbc305000 	C:\Program Files\Java\jdk-17\bin\java.dll

dbghelp: loaded successfully - version: 4.0.5 - missing functions: none
symbol engine: initialized successfully - sym options: 0x614 - pdb path: .;C:\Program Files\Java\jdk-17\bin;C:\Windows\SYSTEM32;C:\Windows\WinSxS\amd64_microsoft.windows.common-controls_6595b64144ccf1df_6.0.19041.5794_none_60bcd33171f2783c;C:\Program Files\Java\jdk-17\bin\server

VM Arguments:
java_command: C:\Users\user\AppData\Local\Temp\surefire9348587452210899156\surefirebooter-20250518191253430_3.jar C:\Users\user\AppData\Local\Temp\surefire9348587452210899156 2025-05-18T19-12-52_913-jvmRun1 surefire-20250518191253430_1tmp surefire_0-20250518191253430_2tmp
java_class_path (initial): C:\Users\user\AppData\Local\Temp\surefire9348587452210899156\surefirebooter-20250518191253430_3.jar
Launcher Type: SUN_STANDARD

[Global flags]
     intx CICompilerCount                          = 3                                         {product} {ergonomic}
     uint ConcGCThreads                            = 1                                         {product} {ergonomic}
     uint G1ConcRefinementThreads                  = 4                                         {product} {ergonomic}
   size_t G1HeapRegionSize                         = 1048576                                   {product} {ergonomic}
    uintx GCDrainStackTargetSize                   = 64                                        {product} {ergonomic}
   size_t InitialHeapSize                          = 125829120                                 {product} {ergonomic}
   size_t MarkStackSize                            = 4194304                                   {product} {ergonomic}
   size_t MaxHeapSize                              = 1990197248                                {product} {ergonomic}
   size_t MinHeapDeltaBytes                        = 1048576                                   {product} {ergonomic}
   size_t MinHeapSize                              = 8388608                                   {product} {ergonomic}
    uintx NonNMethodCodeHeapSize                   = 5832780                                {pd product} {ergonomic}
    uintx NonProfiledCodeHeapSize                  = 122912730                              {pd product} {ergonomic}
    uintx ProfiledCodeHeapSize                     = 122912730                              {pd product} {ergonomic}
    uintx ReservedCodeCacheSize                    = 251658240                              {pd product} {ergonomic}
     bool SegmentedCodeCache                       = true                                      {product} {ergonomic}
   size_t SoftMaxHeapSize                          = 1990197248                             {manageable} {ergonomic}
     bool UseCompressedClassPointers               = true                           {product lp64_product} {ergonomic}
     bool UseCompressedOops                        = true                           {product lp64_product} {ergonomic}
     bool UseG1GC                                  = true                                      {product} {ergonomic}
     bool UseLargePagesIndividualAllocation        = false                                  {pd product} {ergonomic}

Logging:
Log output configuration:
 #0: stdout all=warning uptime,level,tags
 #1: stderr all=off uptime,level,tags

Environment Variables:
JAVA_HOME=C:\Program Files\Java\jdk-17
PATH=C:\Python313\Scripts\;C:\Python313\;C:\Program Files\Common Files\Oracle\Java\javapath;C:\Windows\system32;C:\Windows;C:\Windows\System32\Wbem;C:\Windows\System32\WindowsPowerShell\v1.0\;C:\Windows\System32\OpenSSH\;C:\Program Files\Git\cmd;C:\Program Files\PuTTY\;C:\xampp\php;C:\apache-maven-3.9.9\bin;C:\Program Files\Docker\Docker\resources\bin;C:\Program Files\Java\jdk-17\bin;C:\Program Files\Amazon\AWSCLIV2\;C:\terraform\;C:\Users\user\AppData\Local\Microsoft\WindowsApps;C:\Program Files\JetBrains\IntelliJ IDEA 2023.2\bin;C:\Program Files\JetBrains\PyCharm 2024.1.4\bin;C:\Program Files\JetBrains\PyCharm Community Edition 2023.2\bin;C:\Users\user\AppData\Local\Programs\Microsoft VS Code\bin;C:\Users\user\AppData\Local\GitHubDesktop\bin;C:\Program Files\kubectl;C:\chromedriver\;;C:\minikube;C:\Program Files\nodejs\;C:\ProgramData\chocolatey\bin;C:\Users\user\AppData\Local\Microsoft\WindowsApps;C:\Program Files\JetBrains\IntelliJ IDEA 2023.2\bin;;C:\Program Files\JetBrains\PyCharm 2024.1.4\bin;;C:\Program Files\JetBrains\PyCharm Community Edition 2023.2\bin;;C:\Users\user\AppData\Local\Programs\Microsoft VS Code\bin;C:\Users\user\AppData\Local\GitHubDesktop\bin;C:\apache-maven-3.9.9\bin;C:\Users\user\AppData\Roaming\npm;C:\Program Files\Java\jdk-17\bin;
USERNAME=user
OS=Windows_NT
PROCESSOR_IDENTIFIER=Intel64 Family 6 Model 78 Stepping 3, GenuineIntel



---------------  S Y S T E M  ---------------

OS:
 Windows 10 , 64 bit Build 19041 (10.0.19041.5794)
OS uptime: 2 days 4:10 hours
Hyper-V role detected

CPU: total 4 (initial active 4) (2 cores per cpu, 2 threads per core) family 6 model 78 stepping 3 microcode 0xd6, cx8, cmov, fxsr, ht, mmx, 3dnowpref, sse, sse2, sse3, ssse3, sse4.1, sse4.2, popcnt, lzcnt, tsc, tscinvbit, avx, avx2, aes, erms, clmul, bmi1, bmi2, rtm, adx, fma, vzeroupper, clflush, clflushopt, hv

Memory: 4k page, system-wide physical 7591M (317M free)
TotalPageFile size 15683M (AvailPageFile size 88M)
current process WorkingSet (physical memory assigned to process): 10M, peak: 10M
current process commit charge ("private bytes"): 51M, peak: 171M

vm_info: Java HotSpot(TM) 64-Bit Server VM (17.0.12+8-LTS-286) for windows-amd64 JRE (17.0.12+8-LTS-286), built on Jun  5 2024 06:46:59 by "mach5one" with MS VC++ 17.6 (VS2022)

END.
