#
# There is insufficient memory for the Java Runtime Environment to continue.
# Native memory allocation (malloc) failed to allocate 826016 bytes for Chunk::new
# Possible reasons:
#   The system is out of physical RAM or swap space
#   The process is running with CompressedOops enabled, and the Java Heap may be blocking the growth of the native heap
# Possible solutions:
#   Reduce memory load on the system
#   Increase physical memory or swap space
#   Check if swap backing store is full
#   Decrease Java heap size (-Xmx/-Xms)
#   Decrease number of Java threads
#   Decrease Java thread stack sizes (-Xss)
#   Set larger code cache with -XX:ReservedCodeCacheSize=
#   JVM is running with Unscaled Compressed Oops mode in which the Java heap is
#     placed in the first 4GB address space. The Java Heap base address is the
#     maximum limit for the native heap growth. Please use -XX:HeapBaseMinAddress
#     to set the Java Heap base and to place the Java Heap above 4GB virtual address.
# This output file may be truncated or incomplete.
#
#  Out of Memory Error (arena.cpp:189), pid=14064, tid=2540
#
# JRE version: Java(TM) SE Runtime Environment (17.0.12+8) (build 17.0.12+8-LTS-286)
# Java VM: Java HotSpot(TM) 64-Bit Server VM (17.0.12+8-LTS-286, mixed mode, sharing, tiered, compressed oops, compressed class ptrs, g1 gc, windows-amd64)
# No core dump will be written. Minidumps are not enabled by default on client versions of Windows
#

---------------  S U M M A R Y ------------

Command Line: -Xmx512m C:\Users\user\AppData\Local\Temp\surefire16083295700391378517\surefirebooter-20250518200143440_3.jar C:\Users\user\AppData\Local\Temp\surefire16083295700391378517 2025-05-18T20-01-42_523-jvmRun1 surefire-20250518200143440_1tmp surefire_0-20250518200143440_2tmp

Host: Intel(R) Core(TM) i5-6300U CPU @ 2.40GHz, 4 cores, 7G,  Windows 10 , 64 bit Build 19041 (10.0.19041.5794)
Time: Sun May 18 20:01:54 2025 India Standard Time elapsed time: 10.336776 seconds (0d 0h 0m 10s)

---------------  T H R E A D  ---------------

Current thread (0x00000227d64fc0a0):  JavaThread "C2 CompilerThread1" daemon [_thread_in_native, id=2540, stack(0x000000e72d200000,0x000000e72d300000)]


Current CompileTask:
C2:  10336 4339   !   4       jdk.internal.loader.BuiltinClassLoader::defineOrCheckPackage (94 bytes)

Stack: [0x000000e72d200000,0x000000e72d300000]
Native frames: (J=compiled Java code, j=interpreted, Vv=VM code, C=native code)
V  [jvm.dll+0x67a04a]
V  [jvm.dll+0x7da4ed]
V  [jvm.dll+0x7dbe33]
V  [jvm.dll+0x7dc4a3]
V  [jvm.dll+0x24508f]
V  [jvm.dll+0xab773]
V  [jvm.dll+0xabd3c]
V  [jvm.dll+0x2aa52f]
V  [jvm.dll+0x581eb9]
V  [jvm.dll+0x21f422]
V  [jvm.dll+0x2184c2]
V  [jvm.dll+0x215b65]
V  [jvm.dll+0x1a2960]
V  [jvm.dll+0x22610b]
V  [jvm.dll+0x2242ab]
V  [jvm.dll+0x79075c]
V  [jvm.dll+0x78abea]
V  [jvm.dll+0x678f35]
C  [ucrtbase.dll+0x21bb2]
C  [KERNEL32.DLL+0x17374]
C  [ntdll.dll+0x4cc91]


---------------  P R O C E S S  ---------------

Threads class SMR info:
_java_thread_list=0x00000227d8896fe0, length=18, elements={
0x00000227f591a7a0, 0x00000227f59d8a80, 0x00000227f59d9810, 0x00000227fe93ef90,
0x00000227fe942c80, 0x00000227fe943550, 0x00000227fe947320, 0x00000227fe947fd0,
0x00000227fe9509a0, 0x00000227fe95f290, 0x00000227fe95bae0, 0x00000227fe95d430,
0x00000227fe95d940, 0x00000227fe95cf20, 0x00000227d64fc0a0, 0x00000227fe95e360,
0x00000227fe95e870, 0x00000227fe95ed80
}

Java Threads: ( => current thread )
  0x00000227f591a7a0 JavaThread "main" [_thread_in_vm, id=1096, stack(0x000000e72b900000,0x000000e72ba00000)]
  0x00000227f59d8a80 JavaThread "Reference Handler" daemon [_thread_blocked, id=12184, stack(0x000000e72c000000,0x000000e72c100000)]
  0x00000227f59d9810 JavaThread "Finalizer" daemon [_thread_blocked, id=13328, stack(0x000000e72c100000,0x000000e72c200000)]
  0x00000227fe93ef90 JavaThread "Signal Dispatcher" daemon [_thread_blocked, id=12120, stack(0x000000e72c200000,0x000000e72c300000)]
  0x00000227fe942c80 JavaThread "Attach Listener" daemon [_thread_blocked, id=16060, stack(0x000000e72c300000,0x000000e72c400000)]
  0x00000227fe943550 JavaThread "Service Thread" daemon [_thread_blocked, id=15820, stack(0x000000e72c400000,0x000000e72c500000)]
  0x00000227fe947320 JavaThread "Monitor Deflation Thread" daemon [_thread_blocked, id=14804, stack(0x000000e72c500000,0x000000e72c600000)]
  0x00000227fe947fd0 JavaThread "C2 CompilerThread0" daemon [_thread_in_native, id=14680, stack(0x000000e72c600000,0x000000e72c700000)]
  0x00000227fe9509a0 JavaThread "C1 CompilerThread0" daemon [_thread_blocked, id=7272, stack(0x000000e72c700000,0x000000e72c800000)]
  0x00000227fe95f290 JavaThread "Sweeper thread" daemon [_thread_blocked, id=14504, stack(0x000000e72c800000,0x000000e72c900000)]
  0x00000227fe95bae0 JavaThread "Notification Thread" daemon [_thread_blocked, id=14312, stack(0x000000e72c900000,0x000000e72ca00000)]
  0x00000227fe95d430 JavaThread "Common-Cleaner" daemon [_thread_blocked, id=7880, stack(0x000000e72cb00000,0x000000e72cc00000)]
  0x00000227fe95d940 JavaThread "surefire-forkedjvm-stream-flusher" daemon [_thread_blocked, id=8624, stack(0x000000e72cc00000,0x000000e72cd00000)]
  0x00000227fe95cf20 JavaThread "surefire-forkedjvm-command-thread" daemon [_thread_in_native, id=2348, stack(0x000000e72cd00000,0x000000e72ce00000)]
=>0x00000227d64fc0a0 JavaThread "C2 CompilerThread1" daemon [_thread_in_native, id=2540, stack(0x000000e72d200000,0x000000e72d300000)]
  0x00000227fe95e360 JavaThread "PostgreSQL-JDBC-Cleaner" daemon [_thread_blocked, id=15352, stack(0x000000e72d400000,0x000000e72d500000)]
  0x00000227fe95e870 JavaThread "HikariPool-1 housekeeper" daemon [_thread_blocked, id=3288, stack(0x000000e72d500000,0x000000e72d600000)]
  0x00000227fe95ed80 JavaThread "HikariPool-1 connection adder" daemon [_thread_in_native, id=13412, stack(0x000000e72d600000,0x000000e72d700000)]

Other Threads:
  0x00000227f59d1c50 VMThread "VM Thread" [stack: 0x000000e72bf00000,0x000000e72c000000] [id=14780]
  0x00000227f5951210 WatcherThread [stack: 0x000000e72ca00000,0x000000e72cb00000] [id=17712]
  0x00000227f5942c50 GCTaskThread "GC Thread#0" [stack: 0x000000e72ba00000,0x000000e72bb00000] [id=14392]
  0x00000227fee31fa0 GCTaskThread "GC Thread#1" [stack: 0x000000e72ce00000,0x000000e72cf00000] [id=14980]
  0x00000227ff257390 GCTaskThread "GC Thread#2" [stack: 0x000000e72cf00000,0x000000e72d000000] [id=17036]
  0x00000227ff257650 GCTaskThread "GC Thread#3" [stack: 0x000000e72d000000,0x000000e72d100000] [id=10736]
  0x00000227f5949ad0 ConcurrentGCThread "G1 Main Marker" [stack: 0x000000e72bb00000,0x000000e72bc00000] [id=6448]
  0x00000227f594ab90 ConcurrentGCThread "G1 Conc#0" [stack: 0x000000e72bc00000,0x000000e72bd00000] [id=7888]
  0x00000227f59b2320 ConcurrentGCThread "G1 Refine#0" [stack: 0x000000e72bd00000,0x000000e72be00000] [id=17024]
  0x00000227ff24e080 ConcurrentGCThread "G1 Refine#1" [stack: 0x000000e72d100000,0x000000e72d200000] [id=14860]
  0x00000227f59b2c60 ConcurrentGCThread "G1 Service" [stack: 0x000000e72be00000,0x000000e72bf00000] [id=5896]

Threads with active compile tasks:
C2 CompilerThread0    10389 4338       4       jdk.internal.loader.ClassLoaders$AppClassLoader::defineOrCheckPackage (8 bytes)
C2 CompilerThread1    10389 4339   !   4       jdk.internal.loader.BuiltinClassLoader::defineOrCheckPackage (94 bytes)

VM state: not at safepoint (normal execution)

VM Mutex/Monitor currently owned by a thread: None

Heap address: 0x00000000e0000000, size: 512 MB, Compressed Oops mode: 32-bit

CDS archive(s) mapped at: [0x0000022791000000-0x0000022791bd0000-0x0000022791bd0000), size 12386304, SharedBaseAddress: 0x0000022791000000, ArchiveRelocationMode: 1.
Compressed class space mapped at: 0x0000022792000000-0x00000227d2000000, reserved size: 1073741824
Narrow klass base: 0x0000022791000000, Narrow klass shift: 0, Narrow klass range: 0x100000000

GC Precious Log:
 CPUs: 4 total, 4 available
 Memory: 7591M
 Large Page Support: Disabled
 NUMA Support: Disabled
 Compressed Oops: Enabled (32-bit)
 Heap Region Size: 1M
 Heap Min Capacity: 8M
 Heap Initial Capacity: 120M
 Heap Max Capacity: 512M
 Pre-touch: Disabled
 Parallel Workers: 4
 Concurrent Workers: 1
 Concurrent Refinement Workers: 4
 Periodic GC: Disabled

Heap:
 garbage-first heap   total 58368K, used 43040K [0x00000000e0000000, 0x0000000100000000)
  region size 1024K, 23 young (23552K), 3 survivors (3072K)
 Metaspace       used 46074K, committed 46528K, reserved 1114112K
  class space    used 6324K, committed 6528K, reserved 1048576K

Heap Regions: E=young(eden), S=young(survivor), O=old, HS=humongous(starts), HC=humongous(continues), CS=collection set, F=free, OA=open archive, CA=closed archive, TAMS=top-at-mark-start (previous, next)
|   0|0x00000000e0000000, 0x00000000e0100000, 0x00000000e0100000|100%|HS|  |TAMS 0x00000000e0100000, 0x00000000e0000000| Complete 
|   1|0x00000000e0100000, 0x00000000e0200000, 0x00000000e0200000|100%|HS|  |TAMS 0x00000000e0200000, 0x00000000e0100000| Complete 
|   2|0x00000000e0200000, 0x00000000e0300000, 0x00000000e0300000|100%| O|  |TAMS 0x00000000e0300000, 0x00000000e0200000| Untracked 
|   3|0x00000000e0300000, 0x00000000e0400000, 0x00000000e0400000|100%| O|  |TAMS 0x00000000e0400000, 0x00000000e0300000| Untracked 
|   4|0x00000000e0400000, 0x00000000e0500000, 0x00000000e0500000|100%| O|  |TAMS 0x00000000e0500000, 0x00000000e0400000| Untracked 
|   5|0x00000000e0500000, 0x00000000e0600000, 0x00000000e0600000|100%| O|  |TAMS 0x00000000e0600000, 0x00000000e0500000| Untracked 
|   6|0x00000000e0600000, 0x00000000e0700000, 0x00000000e0700000|100%| O|  |TAMS 0x00000000e0700000, 0x00000000e0600000| Untracked 
|   7|0x00000000e0700000, 0x00000000e0800000, 0x00000000e0800000|100%| O|  |TAMS 0x00000000e0800000, 0x00000000e0700000| Untracked 
|   8|0x00000000e0800000, 0x00000000e0900000, 0x00000000e0900000|100%| O|  |TAMS 0x00000000e0867600, 0x00000000e0800000| Untracked 
|   9|0x00000000e0900000, 0x00000000e0a00000, 0x00000000e0a00000|100%| O|  |TAMS 0x00000000e0a00000, 0x00000000e0900000| Untracked 
|  10|0x00000000e0a00000, 0x00000000e0b00000, 0x00000000e0b00000|100%| O|  |TAMS 0x00000000e0b00000, 0x00000000e0a00000| Untracked 
|  11|0x00000000e0b00000, 0x00000000e0c00000, 0x00000000e0c00000|100%| O|  |TAMS 0x00000000e0c00000, 0x00000000e0b00000| Untracked 
|  12|0x00000000e0c00000, 0x00000000e0d00000, 0x00000000e0d00000|100%| O|  |TAMS 0x00000000e0d00000, 0x00000000e0c00000| Untracked 
|  13|0x00000000e0d00000, 0x00000000e0e00000, 0x00000000e0e00000|100%| O|  |TAMS 0x00000000e0e00000, 0x00000000e0d00000| Untracked 
|  14|0x00000000e0e00000, 0x00000000e0f00000, 0x00000000e0f00000|100%| O|  |TAMS 0x00000000e0f00000, 0x00000000e0e00000| Untracked 
|  15|0x00000000e0f00000, 0x00000000e1000000, 0x00000000e1000000|100%| O|  |TAMS 0x00000000e1000000, 0x00000000e0f00000| Untracked 
|  16|0x00000000e1000000, 0x00000000e1100000, 0x00000000e1100000|100%| O|  |TAMS 0x00000000e1100000, 0x00000000e1000000| Untracked 
|  17|0x00000000e1100000, 0x00000000e1200000, 0x00000000e1200000|100%| O|  |TAMS 0x00000000e1200000, 0x00000000e1100000| Untracked 
|  18|0x00000000e1200000, 0x00000000e1300000, 0x00000000e1300000|100%| O|  |TAMS 0x00000000e1200000, 0x00000000e1200000| Untracked 
|  19|0x00000000e1300000, 0x00000000e1400000, 0x00000000e1400000|100%| O|  |TAMS 0x00000000e1300000, 0x00000000e1300000| Untracked 
|  20|0x00000000e1400000, 0x00000000e1488e00, 0x00000000e1500000| 53%| O|  |TAMS 0x00000000e1400000, 0x00000000e1400000| Untracked 
|  21|0x00000000e1500000, 0x00000000e1500000, 0x00000000e1600000|  0%| F|  |TAMS 0x00000000e1500000, 0x00000000e1500000| Untracked 
|  22|0x00000000e1600000, 0x00000000e1600000, 0x00000000e1700000|  0%| F|  |TAMS 0x00000000e1600000, 0x00000000e1600000| Untracked 
|  23|0x00000000e1700000, 0x00000000e1700000, 0x00000000e1800000|  0%| F|  |TAMS 0x00000000e1700000, 0x00000000e1700000| Untracked 
|  24|0x00000000e1800000, 0x00000000e1800000, 0x00000000e1900000|  0%| F|  |TAMS 0x00000000e1800000, 0x00000000e1800000| Untracked 
|  25|0x00000000e1900000, 0x00000000e1900000, 0x00000000e1a00000|  0%| F|  |TAMS 0x00000000e1900000, 0x00000000e1900000| Untracked 
|  26|0x00000000e1a00000, 0x00000000e1a00000, 0x00000000e1b00000|  0%| F|  |TAMS 0x00000000e1a00000, 0x00000000e1a00000| Untracked 
|  27|0x00000000e1b00000, 0x00000000e1b00000, 0x00000000e1c00000|  0%| F|  |TAMS 0x00000000e1b00000, 0x00000000e1b00000| Untracked 
|  28|0x00000000e1c00000, 0x00000000e1c00000, 0x00000000e1d00000|  0%| F|  |TAMS 0x00000000e1c00000, 0x00000000e1c00000| Untracked 
|  29|0x00000000e1d00000, 0x00000000e1d7f540, 0x00000000e1e00000| 49%| S|CS|TAMS 0x00000000e1d00000, 0x00000000e1d00000| Complete 
|  30|0x00000000e1e00000, 0x00000000e1f00000, 0x00000000e1f00000|100%| S|CS|TAMS 0x00000000e1e00000, 0x00000000e1e00000| Complete 
|  31|0x00000000e1f00000, 0x00000000e2000000, 0x00000000e2000000|100%| S|CS|TAMS 0x00000000e1f00000, 0x00000000e1f00000| Complete 
|  32|0x00000000e2000000, 0x00000000e2000000, 0x00000000e2100000|  0%| F|  |TAMS 0x00000000e2000000, 0x00000000e2000000| Untracked 
|  33|0x00000000e2100000, 0x00000000e2100000, 0x00000000e2200000|  0%| F|  |TAMS 0x00000000e2100000, 0x00000000e2100000| Untracked 
|  34|0x00000000e2200000, 0x00000000e2200000, 0x00000000e2300000|  0%| F|  |TAMS 0x00000000e2200000, 0x00000000e2200000| Untracked 
|  35|0x00000000e2300000, 0x00000000e2300000, 0x00000000e2400000|  0%| F|  |TAMS 0x00000000e2300000, 0x00000000e2300000| Untracked 
|  36|0x00000000e2400000, 0x00000000e2400000, 0x00000000e2500000|  0%| F|  |TAMS 0x00000000e2400000, 0x00000000e2400000| Untracked 
|  37|0x00000000e2500000, 0x00000000e2573240, 0x00000000e2600000| 44%| E|  |TAMS 0x00000000e2500000, 0x00000000e2500000| Complete 
|  38|0x00000000e2600000, 0x00000000e2700000, 0x00000000e2700000|100%| E|CS|TAMS 0x00000000e2600000, 0x00000000e2600000| Complete 
|  39|0x00000000e2700000, 0x00000000e2800000, 0x00000000e2800000|100%| E|CS|TAMS 0x00000000e2700000, 0x00000000e2700000| Complete 
|  40|0x00000000e2800000, 0x00000000e2900000, 0x00000000e2900000|100%| E|CS|TAMS 0x00000000e2800000, 0x00000000e2800000| Complete 
|  41|0x00000000e2900000, 0x00000000e2a00000, 0x00000000e2a00000|100%| E|CS|TAMS 0x00000000e2900000, 0x00000000e2900000| Complete 
|  42|0x00000000e2a00000, 0x00000000e2b00000, 0x00000000e2b00000|100%| E|CS|TAMS 0x00000000e2a00000, 0x00000000e2a00000| Complete 
|  43|0x00000000e2b00000, 0x00000000e2c00000, 0x00000000e2c00000|100%| E|CS|TAMS 0x00000000e2b00000, 0x00000000e2b00000| Complete 
|  44|0x00000000e2c00000, 0x00000000e2d00000, 0x00000000e2d00000|100%| E|CS|TAMS 0x00000000e2c00000, 0x00000000e2c00000| Complete 
|  45|0x00000000e2d00000, 0x00000000e2e00000, 0x00000000e2e00000|100%| E|CS|TAMS 0x00000000e2d00000, 0x00000000e2d00000| Complete 
|  46|0x00000000e2e00000, 0x00000000e2f00000, 0x00000000e2f00000|100%| E|CS|TAMS 0x00000000e2e00000, 0x00000000e2e00000| Complete 
|  47|0x00000000e2f00000, 0x00000000e3000000, 0x00000000e3000000|100%| E|CS|TAMS 0x00000000e2f00000, 0x00000000e2f00000| Complete 
|  48|0x00000000e3000000, 0x00000000e3100000, 0x00000000e3100000|100%| E|CS|TAMS 0x00000000e3000000, 0x00000000e3000000| Complete 
|  57|0x00000000e3900000, 0x00000000e3a00000, 0x00000000e3a00000|100%| E|CS|TAMS 0x00000000e3900000, 0x00000000e3900000| Complete 
|  58|0x00000000e3a00000, 0x00000000e3b00000, 0x00000000e3b00000|100%| E|CS|TAMS 0x00000000e3a00000, 0x00000000e3a00000| Complete 
|  59|0x00000000e3b00000, 0x00000000e3c00000, 0x00000000e3c00000|100%| E|CS|TAMS 0x00000000e3b00000, 0x00000000e3b00000| Complete 
|  60|0x00000000e3c00000, 0x00000000e3d00000, 0x00000000e3d00000|100%| E|CS|TAMS 0x00000000e3c00000, 0x00000000e3c00000| Complete 
|  61|0x00000000e3d00000, 0x00000000e3e00000, 0x00000000e3e00000|100%| E|CS|TAMS 0x00000000e3d00000, 0x00000000e3d00000| Complete 
|  62|0x00000000e3e00000, 0x00000000e3f00000, 0x00000000e3f00000|100%| E|CS|TAMS 0x00000000e3e00000, 0x00000000e3e00000| Complete 
| 118|0x00000000e7600000, 0x00000000e7700000, 0x00000000e7700000|100%| E|CS|TAMS 0x00000000e7600000, 0x00000000e7600000| Complete 
| 119|0x00000000e7700000, 0x00000000e7800000, 0x00000000e7800000|100%| E|CS|TAMS 0x00000000e7700000, 0x00000000e7700000| Complete 

Card table byte_map: [0x00000227fd1e0000,0x00000227fd2e0000] _byte_map_base: 0x00000227fcae0000

Marking Bits (Prev, Next): (CMBitMap*) 0x00000227f5944190, (CMBitMap*) 0x00000227f59441d0
 Prev Bits: [0x00000227fd3e0000, 0x00000227fdbe0000)
 Next Bits: [0x00000227fdbe0000, 0x00000227fe3e0000)

Polling page: 0x00000227f50f0000

Metaspace:

Usage:
  Non-class:     38.83 MB used.
      Class:      6.18 MB used.
       Both:     45.01 MB used.

Virtual space:
  Non-class space:       64.00 MB reserved,      39.06 MB ( 61%) committed,  1 nodes.
      Class space:        1.00 GB reserved,       6.44 MB ( <1%) committed,  1 nodes.
             Both:        1.06 GB reserved,      45.50 MB (  4%) committed. 

Chunk freelists:
   Non-Class:  8.41 MB
       Class:  9.55 MB
        Both:  17.95 MB

MaxMetaspaceSize: unlimited
CompressedClassSpaceSize: 1.00 GB
Initial GC threshold: 21.00 MB
Current GC threshold: 59.19 MB
CDS: on
MetaspaceReclaimPolicy: balanced
 - commit_granule_bytes: 65536.
 - commit_granule_words: 8192.
 - virtual_space_node_default_size: 8388608.
 - enlarge_chunks_in_place: 1.
 - new_chunks_are_fully_committed: 0.
 - uncommit_free_chunks: 1.
 - use_allocation_guard: 0.
 - handle_deallocations: 1.


Internal statistics:

num_allocs_failed_limit: 6.
num_arena_births: 578.
num_arena_deaths: 0.
num_vsnodes_births: 2.
num_vsnodes_deaths: 0.
num_space_committed: 728.
num_space_uncommitted: 0.
num_chunks_returned_to_freelist: 6.
num_chunks_taken_from_freelist: 2258.
num_chunk_merges: 6.
num_chunk_splits: 1610.
num_chunks_enlarged: 1242.
num_inconsistent_stats: 0.

CodeHeap 'non-profiled nmethods': size=120000Kb used=2130Kb max_used=2732Kb free=117869Kb
 bounds [0x0000022787ad0000, 0x0000022787d80000, 0x000002278f000000]
CodeHeap 'profiled nmethods': size=120000Kb used=7695Kb max_used=9543Kb free=112305Kb
 bounds [0x0000022780000000, 0x0000022780960000, 0x0000022787530000]
CodeHeap 'non-nmethods': size=5760Kb used=1266Kb max_used=1332Kb free=4493Kb
 bounds [0x0000022787530000, 0x00000227877a0000, 0x0000022787ad0000]
 total_blobs=4395 nmethods=3813 adapters=493
 compilation: enabled
              stopped_count=0, restarted_count=0
 full_count=0

Compilation events (20 events):
Event: 10.314 Thread 0x00000227fe9509a0 4449       3       java.lang.Character::isJavaIdentifierStart (9 bytes)
Event: 10.315 Thread 0x00000227fe9509a0 nmethod 4449 0x00000227802f9410 code [0x00000227802f95c0, 0x00000227802f97b8]
Event: 10.315 Thread 0x00000227fe9509a0 4451       3       org.postgresql.util.internal.IntSet::add (68 bytes)
Event: 10.316 Thread 0x00000227fe9509a0 nmethod 4451 0x0000022780159610 code [0x0000022780159860, 0x000002278015a2e8]
Event: 10.316 Thread 0x00000227fe9509a0 4450       3       java.lang.CharacterDataLatin1::isJavaIdentifierStart (23 bytes)
Event: 10.316 Thread 0x00000227fe9509a0 nmethod 4450 0x00000227802faa90 code [0x00000227802fac40, 0x00000227802fae58]
Event: 10.317 Thread 0x00000227fe9509a0 4452       1       org.hibernate.boot.internal.BootstrapContextImpl::getTypeConfiguration (5 bytes)
Event: 10.317 Thread 0x00000227fe9509a0 nmethod 4452 0x0000022787ccd890 code [0x0000022787ccda20, 0x0000022787ccdaf8]
Event: 10.321 Thread 0x00000227fe9509a0 4453       3       org.hibernate.boot.model.internal.HCANNHelper::findAnnotation (90 bytes)
Event: 10.322 Thread 0x00000227fe9509a0 nmethod 4453 0x0000022780252d90 code [0x0000022780252fe0, 0x0000022780253a98]
Event: 10.325 Thread 0x00000227fe9509a0 4454       3       jdk.internal.reflect.MethodAccessorImpl::<init> (5 bytes)
Event: 10.326 Thread 0x00000227fe9509a0 nmethod 4454 0x0000022780381210 code [0x00000227803813c0, 0x0000022780381578]
Event: 10.327 Thread 0x00000227fe9509a0 4455       1       org.hibernate.mapping.SimpleValue::getBuildingContext (5 bytes)
Event: 10.327 Thread 0x00000227fe9509a0 nmethod 4455 0x0000022787ccd310 code [0x0000022787ccd4a0, 0x0000022787ccd578]
Event: 10.327 Thread 0x00000227fe9509a0 4456       1       org.hibernate.type.AbstractStandardBasicType::getJavaTypeDescriptor (5 bytes)
Event: 10.327 Thread 0x00000227fe9509a0 nmethod 4456 0x0000022787b17d90 code [0x0000022787b17f20, 0x0000022787b17ff8]
Event: 10.328 Thread 0x00000227fe9509a0 4457       3       java.util.concurrent.ConcurrentHashMap::getOrDefault (16 bytes)
Event: 10.329 Thread 0x00000227fe9509a0 nmethod 4457 0x00000227802aa510 code [0x00000227802aa6c0, 0x00000227802aa868]
Event: 10.329 Thread 0x00000227fe9509a0 4458       3       jdk.internal.module.ServicesCatalog::findServices (17 bytes)
Event: 10.329 Thread 0x00000227fe9509a0 nmethod 4458 0x00000227806e6310 code [0x00000227806e64c0, 0x00000227806e6808]

GC Heap History (20 events):
Event: 0.658 GC heap before
{Heap before GC invocations=0 (full 0):
 garbage-first heap   total 122880K, used 15360K [0x00000000e0000000, 0x0000000100000000)
  region size 1024K, 13 young (13312K), 0 survivors (0K)
 Metaspace       used 2269K, committed 2432K, reserved 1114112K
  class space    used 232K, committed 320K, reserved 1048576K
}
Event: 0.665 GC heap after
{Heap after GC invocations=1 (full 0):
 garbage-first heap   total 122880K, used 8860K [0x00000000e0000000, 0x0000000100000000)
  region size 1024K, 2 young (2048K), 2 survivors (2048K)
 Metaspace       used 2269K, committed 2432K, reserved 1114112K
  class space    used 232K, committed 320K, reserved 1048576K
}
Event: 1.007 GC heap before
{Heap before GC invocations=1 (full 0):
 garbage-first heap   total 122880K, used 15004K [0x00000000e0000000, 0x0000000100000000)
  region size 1024K, 9 young (9216K), 2 survivors (2048K)
 Metaspace       used 4062K, committed 4224K, reserved 1114112K
  class space    used 477K, committed 576K, reserved 1048576K
}
Event: 1.012 GC heap after
{Heap after GC invocations=2 (full 0):
 garbage-first heap   total 122880K, used 9526K [0x00000000e0000000, 0x0000000100000000)
  region size 1024K, 1 young (1024K), 1 survivors (1024K)
 Metaspace       used 4062K, committed 4224K, reserved 1114112K
  class space    used 477K, committed 576K, reserved 1048576K
}
Event: 1.973 GC heap before
{Heap before GC invocations=2 (full 0):
 garbage-first heap   total 122880K, used 32054K [0x00000000e0000000, 0x0000000100000000)
  region size 1024K, 23 young (23552K), 1 survivors (1024K)
 Metaspace       used 9863K, committed 10048K, reserved 1114112K
  class space    used 1246K, committed 1344K, reserved 1048576K
}
Event: 1.980 GC heap after
{Heap after GC invocations=3 (full 0):
 garbage-first heap   total 122880K, used 11044K [0x00000000e0000000, 0x0000000100000000)
  region size 1024K, 2 young (2048K), 2 survivors (2048K)
 Metaspace       used 9863K, committed 10048K, reserved 1114112K
  class space    used 1246K, committed 1344K, reserved 1048576K
}
Event: 4.109 GC heap before
{Heap before GC invocations=3 (full 0):
 garbage-first heap   total 122880K, used 65316K [0x00000000e0000000, 0x0000000100000000)
  region size 1024K, 57 young (58368K), 2 survivors (2048K)
 Metaspace       used 21275K, committed 21504K, reserved 1114112K
  class space    used 2841K, committed 2944K, reserved 1048576K
}
Event: 4.120 GC heap after
{Heap after GC invocations=4 (full 0):
 garbage-first heap   total 122880K, used 14781K [0x00000000e0000000, 0x0000000100000000)
  region size 1024K, 6 young (6144K), 6 survivors (6144K)
 Metaspace       used 21275K, committed 21504K, reserved 1114112K
  class space    used 2841K, committed 2944K, reserved 1048576K
}
Event: 5.145 GC heap before
{Heap before GC invocations=5 (full 0):
 garbage-first heap   total 58368K, used 42429K [0x00000000e0000000, 0x0000000100000000)
  region size 1024K, 34 young (34816K), 6 survivors (6144K)
 Metaspace       used 25612K, committed 25984K, reserved 1114112K
  class space    used 3426K, committed 3584K, reserved 1048576K
}
Event: 5.167 GC heap after
{Heap after GC invocations=6 (full 0):
 garbage-first heap   total 58368K, used 17425K [0x00000000e0000000, 0x0000000100000000)
  region size 1024K, 3 young (3072K), 3 survivors (3072K)
 Metaspace       used 25612K, committed 25984K, reserved 1114112K
  class space    used 3426K, committed 3584K, reserved 1048576K
}
Event: 5.228 GC heap before
{Heap before GC invocations=6 (full 0):
 garbage-first heap   total 58368K, used 17425K [0x00000000e0000000, 0x0000000100000000)
  region size 1024K, 4 young (4096K), 3 survivors (3072K)
 Metaspace       used 25646K, committed 25984K, reserved 1114112K
  class space    used 3430K, committed 3584K, reserved 1048576K
}
Event: 5.238 GC heap after
{Heap after GC invocations=7 (full 0):
 garbage-first heap   total 58368K, used 18051K [0x00000000e0000000, 0x0000000100000000)
  region size 1024K, 1 young (1024K), 1 survivors (1024K)
 Metaspace       used 25646K, committed 25984K, reserved 1114112K
  class space    used 3430K, committed 3584K, reserved 1048576K
}
Event: 6.323 GC heap before
{Heap before GC invocations=7 (full 0):
 garbage-first heap   total 58368K, used 40579K [0x00000000e0000000, 0x0000000100000000)
  region size 1024K, 23 young (23552K), 1 survivors (1024K)
 Metaspace       used 28731K, committed 29056K, reserved 1114112K
  class space    used 3843K, committed 3968K, reserved 1048576K
}
Event: 6.331 GC heap after
{Heap after GC invocations=8 (full 0):
 garbage-first heap   total 58368K, used 18951K [0x00000000e0000000, 0x0000000100000000)
  region size 1024K, 2 young (2048K), 2 survivors (2048K)
 Metaspace       used 28731K, committed 29056K, reserved 1114112K
  class space    used 3843K, committed 3968K, reserved 1048576K
}
Event: 7.246 GC heap before
{Heap before GC invocations=8 (full 0):
 garbage-first heap   total 58368K, used 41479K [0x00000000e0000000, 0x0000000100000000)
  region size 1024K, 24 young (24576K), 2 survivors (2048K)
 Metaspace       used 31951K, committed 32384K, reserved 1114112K
  class space    used 4318K, committed 4544K, reserved 1048576K
}
Event: 7.255 GC heap after
{Heap after GC invocations=9 (full 0):
 garbage-first heap   total 58368K, used 20893K [0x00000000e0000000, 0x0000000100000000)
  region size 1024K, 3 young (3072K), 3 survivors (3072K)
 Metaspace       used 31951K, committed 32384K, reserved 1114112K
  class space    used 4318K, committed 4544K, reserved 1048576K
}
Event: 8.185 GC heap before
{Heap before GC invocations=9 (full 0):
 garbage-first heap   total 58368K, used 37277K [0x00000000e0000000, 0x0000000100000000)
  region size 1024K, 21 young (21504K), 3 survivors (3072K)
 Metaspace       used 35874K, committed 36288K, reserved 1114112K
  class space    used 4881K, committed 5120K, reserved 1048576K
}
Event: 8.196 GC heap after
{Heap after GC invocations=10 (full 0):
 garbage-first heap   total 58368K, used 21771K [0x00000000e0000000, 0x0000000100000000)
  region size 1024K, 3 young (3072K), 3 survivors (3072K)
 Metaspace       used 35874K, committed 36288K, reserved 1114112K
  class space    used 4881K, committed 5120K, reserved 1048576K
}
Event: 9.410 GC heap before
{Heap before GC invocations=11 (full 0):
 garbage-first heap   total 58368K, used 44299K [0x00000000e0000000, 0x0000000100000000)
  region size 1024K, 25 young (25600K), 3 survivors (3072K)
 Metaspace       used 41404K, committed 41856K, reserved 1114112K
  class space    used 5730K, committed 5952K, reserved 1048576K
}
Event: 9.423 GC heap after
{Heap after GC invocations=12 (full 0):
 garbage-first heap   total 58368K, used 23584K [0x00000000e0000000, 0x0000000100000000)
  region size 1024K, 3 young (3072K), 3 survivors (3072K)
 Metaspace       used 41404K, committed 41856K, reserved 1114112K
  class space    used 5730K, committed 5952K, reserved 1048576K
}

Deoptimization events (20 events):
Event: 10.292 Thread 0x00000227f591a7a0 Uncommon trap: trap_request=0xffffff45 fr.pc=0x0000022787d66d08 relative=0x0000000000000088
Event: 10.292 Thread 0x00000227f591a7a0 Uncommon trap: reason=unstable_if action=reinterpret pc=0x0000022787d66d08 method=jdk.internal.misc.Unsafe.convEndian(ZI)I @ 4 c2
Event: 10.292 Thread 0x00000227f591a7a0 DEOPT PACKING pc=0x0000022787d66d08 sp=0x000000e72b9fb380
Event: 10.292 Thread 0x00000227f591a7a0 DEOPT UNPACKING pc=0x00000227875823a3 sp=0x000000e72b9fb270 mode 2
Event: 10.292 Thread 0x00000227f591a7a0 Uncommon trap: trap_request=0xffffff45 fr.pc=0x0000022787d50cb8 relative=0x0000000000000038
Event: 10.292 Thread 0x00000227f591a7a0 Uncommon trap: reason=unstable_if action=reinterpret pc=0x0000022787d50cb8 method=jdk.internal.misc.Unsafe.convEndian(ZI)I @ 4 c2
Event: 10.292 Thread 0x00000227f591a7a0 DEOPT PACKING pc=0x0000022787d50cb8 sp=0x000000e72b9fb2c0
Event: 10.292 Thread 0x00000227f591a7a0 DEOPT UNPACKING pc=0x00000227875823a3 sp=0x000000e72b9fb258 mode 2
Event: 10.292 Thread 0x00000227f591a7a0 Uncommon trap: trap_request=0xffffff45 fr.pc=0x0000022787d11974 relative=0x0000000000000074
Event: 10.292 Thread 0x00000227f591a7a0 Uncommon trap: reason=unstable_if action=reinterpret pc=0x0000022787d11974 method=jdk.internal.misc.Unsafe.convEndian(ZI)I @ 4 c2
Event: 10.292 Thread 0x00000227f591a7a0 DEOPT PACKING pc=0x0000022787d11974 sp=0x000000e72b9fb2d0
Event: 10.292 Thread 0x00000227f591a7a0 DEOPT UNPACKING pc=0x00000227875823a3 sp=0x000000e72b9fb1d8 mode 2
Event: 10.295 Thread 0x00000227f591a7a0 Uncommon trap: trap_request=0xffffffde fr.pc=0x0000022787cb37b8 relative=0x00000000000003f8
Event: 10.295 Thread 0x00000227f591a7a0 Uncommon trap: reason=class_check action=maybe_recompile pc=0x0000022787cb37b8 method=sun.security.provider.DigestBase.engineDigest([BII)I @ 97 c2
Event: 10.295 Thread 0x00000227f591a7a0 DEOPT PACKING pc=0x0000022787cb37b8 sp=0x000000e72b9fb6e0
Event: 10.295 Thread 0x00000227f591a7a0 DEOPT UNPACKING pc=0x00000227875823a3 sp=0x000000e72b9fb690 mode 2
Event: 10.295 Thread 0x00000227f591a7a0 Uncommon trap: trap_request=0xffffffde fr.pc=0x0000022787cb37b8 relative=0x00000000000003f8
Event: 10.295 Thread 0x00000227f591a7a0 Uncommon trap: reason=class_check action=maybe_recompile pc=0x0000022787cb37b8 method=sun.security.provider.DigestBase.engineDigest([BII)I @ 97 c2
Event: 10.295 Thread 0x00000227f591a7a0 DEOPT PACKING pc=0x0000022787cb37b8 sp=0x000000e72b9fb6e0
Event: 10.295 Thread 0x00000227f591a7a0 DEOPT UNPACKING pc=0x00000227875823a3 sp=0x000000e72b9fb690 mode 2

Classes unloaded (0 events):
No events

Classes redefined (0 events):
No events

Internal exceptions (20 events):
Event: 7.133 Thread 0x00000227f591a7a0 Exception <a 'java/lang/NoSuchMethodError'{0x00000000e27d3228}: 'java.lang.Object java.lang.invoke.DirectMethodHandle$Holder.invokeSpecialIFC(java.lang.Object, java.lang.Object, java.lang.Object)'> (0x00000000e27d3228) 
thrown [s\open\src\hotspot\share\interpreter\linkResolver.cpp, line 759]
Event: 7.365 Thread 0x00000227f591a7a0 Implicit null exception at 0x0000022787cb184b to 0x0000022787cb1a68
Event: 7.372 Thread 0x00000227f591a7a0 Exception <a 'sun/nio/fs/WindowsException'{0x00000000e3d00510}> (0x00000000e3d00510) 
thrown [s\open\src\hotspot\share\prims\jni.cpp, line 516]
Event: 7.373 Thread 0x00000227f591a7a0 Exception <a 'sun/nio/fs/WindowsException'{0x00000000e3d03a40}> (0x00000000e3d03a40) 
thrown [s\open\src\hotspot\share\prims\jni.cpp, line 516]
Event: 7.832 Thread 0x00000227f591a7a0 Exception <a 'java/lang/NoSuchMethodError'{0x00000000e2ca2810}: 'java.lang.Object java.lang.invoke.DirectMethodHandle$Holder.invokeStaticInit(java.lang.Object, int, int, int, int)'> (0x00000000e2ca2810) 
thrown [s\open\src\hotspot\share\interpreter\linkResolver.cpp, line 759]
Event: 8.059 Thread 0x00000227f591a7a0 Exception <a 'java/lang/NoSuchMethodError'{0x00000000e2b9eaf0}: 'java.lang.Object java.lang.invoke.DirectMethodHandle$Holder.invokeStaticInit(java.lang.Object, java.lang.Object, int, int, int, int)'> (0x00000000e2b9eaf0) 
thrown [s\open\src\hotspot\share\interpreter\linkResolver.cpp, line 759]
Event: 8.919 Thread 0x00000227f591a7a0 Exception <a 'java/lang/NoSuchMethodError'{0x00000000e29e8a20}: 'int java.lang.invoke.DirectMethodHandle$Holder.invokeStatic(java.lang.Object)'> (0x00000000e29e8a20) 
thrown [s\open\src\hotspot\share\interpreter\linkResolver.cpp, line 759]
Event: 8.953 Thread 0x00000227f591a7a0 Implicit null exception at 0x0000022787c7fb92 to 0x0000022787c801a0
Event: 9.006 Thread 0x00000227f591a7a0 Exception <a 'java/lang/NoSuchMethodError'{0x00000000e271b220}: 'int java.lang.invoke.DirectMethodHandle$Holder.invokeStaticInit(java.lang.Object, java.lang.Object, java.lang.Object, java.lang.Object)'> (0x00000000e271b220) 
thrown [s\open\src\hotspot\share\interpreter\linkResolver.cpp, line 759]
Event: 9.159 Thread 0x00000227f591a7a0 Exception <a 'sun/nio/fs/WindowsException'{0x00000000e23ad038}> (0x00000000e23ad038) 
thrown [s\open\src\hotspot\share\prims\jni.cpp, line 516]
Event: 9.207 Thread 0x00000227f591a7a0 Exception <a 'java/lang/NoSuchMethodError'{0x00000000e227ac48}: 'int java.lang.invoke.DirectMethodHandle$Holder.invokeInterface(java.lang.Object, java.lang.Object, int)'> (0x00000000e227ac48) 
thrown [s\open\src\hotspot\share\interpreter\linkResolver.cpp, line 759]
Event: 9.208 Thread 0x00000227f591a7a0 Exception <a 'java/lang/IncompatibleClassChangeError'{0x00000000e227ea20}: Found class java.lang.Object, but interface was expected> (0x00000000e227ea20) 
thrown [s\open\src\hotspot\share\interpreter\linkResolver.cpp, line 826]
Event: 9.595 Thread 0x00000227f591a7a0 Exception <a 'java/lang/NoSuchMethodError'{0x00000000e3efda00}: 'java.lang.Object java.lang.invoke.DirectMethodHandle$Holder.invokeStaticInit(java.lang.Object, java.lang.Object, java.lang.Object, java.lang.Object)'> (0x00000000e3efda00) 
thrown [s\open\src\hotspot\share\interpreter\linkResolver.cpp, line 759]
Event: 9.617 Thread 0x00000227f591a7a0 Exception <a 'java/lang/NoSuchMethodError'{0x00000000e3dbd6b0}: 'java.lang.Object java.lang.invoke.DirectMethodHandle$Holder.invokeSpecial(java.lang.Object, java.lang.Object, long, java.lang.Object, java.lang.Object, java.lang.Object, java.lang.Object, java.lang.Object, java.lang.Object, java.lang.Object)'> (0x00000000e3dbd6b0) 
thrown [s\open\src\hotspot\share\interpreter\linkResolver.cpp, line 759]
Event: 9.617 Thread 0x00000227f591a7a0 Exception <a 'java/lang/NoSuchMethodError'{0x00000000e3dc29b8}: 'java.lang.Object java.lang.invoke.DelegatingMethodHandle$Holder.reinvoke_L(java.lang.Object, long, java.lang.Object, java.lang.Object, java.lang.Object, java.lang.Object, java.lang.Object, java.lang.Object, java.lang.Object)'> (0x00000000e3dc29b8) 
thrown [s\open\src\hotspot\share\interpreter\linkResolver.cpp, line 759]
Event: 9.620 Thread 0x00000227f591a7a0 Exception <a 'java/lang/NoSuchMethodError'{0x00000000e3ddaa48}: 'java.lang.Object java.lang.invoke.Invokers$Holder.linkToTargetMethod(java.lang.Object, java.lang.Object, java.lang.Object, java.lang.Object, java.lang.Object, java.lang.Object, java.lang.Object, java.lang.Object)'> (0x00000000e3ddaa48) 
thrown [s\open\src\hotspot\share\interpreter\linkResolver.cpp, line 759]
Event: 9.867 Thread 0x00000227fe95ed80 Implicit null exception at 0x0000022787d67437 to 0x0000022787d67cc4
Event: 9.930 Thread 0x00000227f591a7a0 Exception <a 'java/lang/NoSuchMethodError'{0x00000000e2e44b38}: 'java.lang.Object java.lang.invoke.DirectMethodHandle$Holder.newInvokeSpecial(java.lang.Object, java.lang.Object, java.lang.Object, int)'> (0x00000000e2e44b38) 
thrown [s\open\src\hotspot\share\interpreter\linkResolver.cpp, line 759]
Event: 9.941 Thread 0x00000227f591a7a0 Exception <a 'java/lang/NoSuchMethodError'{0x00000000e2e493a8}: 'java.lang.Object java.lang.invoke.DirectMethodHandle$Holder.invokeSpecial(java.lang.Object, java.lang.Object, java.lang.Object, java.lang.Object, int)'> (0x00000000e2e493a8) 
thrown [s\open\src\hotspot\share\interpreter\linkResolver.cpp, line 759]
Event: 9.941 Thread 0x00000227f591a7a0 Exception <a 'java/lang/NoSuchMethodError'{0x00000000e2e4d578}: 'java.lang.Object java.lang.invoke.Invokers$Holder.linkToTargetMethod(java.lang.Object, java.lang.Object, int, java.lang.Object)'> (0x00000000e2e4d578) 
thrown [s\open\src\hotspot\share\interpreter\linkResolver.cpp, line 759]

VM Operations (20 events):
Event: 8.240 Executing VM operation: G1Concurrent
Event: 8.247 Executing VM operation: G1Concurrent done
Event: 8.266 Executing VM operation: G1Concurrent
Event: 8.268 Executing VM operation: G1Concurrent done
Event: 8.624 Executing VM operation: HandshakeAllThreads
Event: 8.624 Executing VM operation: HandshakeAllThreads done
Event: 9.160 Executing VM operation: HandshakeAllThreads
Event: 9.160 Executing VM operation: HandshakeAllThreads done
Event: 9.167 Executing VM operation: HandshakeAllThreads
Event: 9.167 Executing VM operation: HandshakeAllThreads done
Event: 9.168 Executing VM operation: HandshakeAllThreads
Event: 9.168 Executing VM operation: HandshakeAllThreads done
Event: 9.410 Executing VM operation: G1CollectForAllocation
Event: 9.423 Executing VM operation: G1CollectForAllocation done
Event: 9.445 Executing VM operation: HandshakeAllThreads
Event: 9.446 Executing VM operation: HandshakeAllThreads done
Event: 9.583 Executing VM operation: HandshakeAllThreads
Event: 9.583 Executing VM operation: HandshakeAllThreads done
Event: 9.626 Executing VM operation: HandshakeAllThreads
Event: 9.626 Executing VM operation: HandshakeAllThreads done

Events (20 events):
Event: 9.634 Thread 0x00000227fe95f290 flushing nmethod 0x0000022780935d10
Event: 9.634 Thread 0x00000227fe95f290 flushing nmethod 0x0000022780945710
Event: 9.638 loading class jdk/internal/reflect/UnsafeQualifiedStaticIntegerFieldAccessorImpl
Event: 9.639 loading class jdk/internal/reflect/UnsafeQualifiedStaticIntegerFieldAccessorImpl done
Event: 10.049 loading class java/util/regex/Pattern$SliceS
Event: 10.049 loading class java/util/regex/Pattern$SliceS done
Event: 10.057 loading class jdk/internal/ValueBased
Event: 10.057 loading class jdk/internal/ValueBased done
Event: 10.162 loading class sun/reflect/generics/repository/FieldRepository
Event: 10.162 loading class sun/reflect/generics/repository/FieldRepository done
Event: 10.285 loading class java/util/stream/ReduceOps$1
Event: 10.286 loading class java/util/stream/ReduceOps$1 done
Event: 10.286 loading class java/util/stream/ReduceOps$1ReducingSink
Event: 10.286 loading class java/util/stream/ReduceOps$1ReducingSink done
Event: 10.291 loading class sun/security/provider/MD5
Event: 10.291 loading class sun/security/provider/MD5 done
Event: 10.292 loading class sun/security/provider/ByteArrayAccess$LE
Event: 10.292 loading class sun/security/provider/ByteArrayAccess$LE done
Event: 10.292 loading class java/math/MutableBigInteger
Event: 10.294 loading class java/math/MutableBigInteger done


Dynamic libraries:
0x00007ff7c0780000 - 0x00007ff7c0790000 	C:\Program Files\Java\jdk-17\bin\java.exe
0x00007fffda490000 - 0x00007fffda688000 	C:\Windows\SYSTEM32\ntdll.dll
0x00007fffd9130000 - 0x00007fffd91f2000 	C:\Windows\System32\KERNEL32.DLL
0x00007fffd7b30000 - 0x00007fffd7e26000 	C:\Windows\System32\KERNELBASE.dll
0x00007fffd83c0000 - 0x00007fffd84c0000 	C:\Windows\System32\ucrtbase.dll
0x00007fffbc2f0000 - 0x00007fffbc309000 	C:\Program Files\Java\jdk-17\bin\jli.dll
0x00007fffda3a0000 - 0x00007fffda44f000 	C:\Windows\System32\ADVAPI32.dll
0x00007fffd9200000 - 0x00007fffd929e000 	C:\Windows\System32\msvcrt.dll
0x00007fffbda20000 - 0x00007fffbda3b000 	C:\Program Files\Java\jdk-17\bin\VCRUNTIME140.dll
0x00007fffd9cb0000 - 0x00007fffd9d4f000 	C:\Windows\System32\sechost.dll
0x00007fffd8de0000 - 0x00007fffd8f03000 	C:\Windows\System32\RPCRT4.dll
0x00007fffd82c0000 - 0x00007fffd82e7000 	C:\Windows\System32\bcrypt.dll
0x00007fffd9a80000 - 0x00007fffd9c1d000 	C:\Windows\System32\USER32.dll
0x00007fffd8390000 - 0x00007fffd83b2000 	C:\Windows\System32\win32u.dll
0x00007fffd96f0000 - 0x00007fffd971b000 	C:\Windows\System32\GDI32.dll
0x00007fffc3580000 - 0x00007fffc381a000 	C:\Windows\WinSxS\amd64_microsoft.windows.common-controls_6595b64144ccf1df_6.0.19041.5794_none_60bcd33171f2783c\COMCTL32.dll
0x00007fffd7e80000 - 0x00007fffd7f9a000 	C:\Windows\System32\gdi32full.dll
0x00007fffd82f0000 - 0x00007fffd838d000 	C:\Windows\System32\msvcp_win.dll
0x00007fffd6260000 - 0x00007fffd626a000 	C:\Windows\SYSTEM32\VERSION.dll
0x00007fffd9c80000 - 0x00007fffd9caf000 	C:\Windows\System32\IMM32.DLL
0x00007fffc4570000 - 0x00007fffc457c000 	C:\Program Files\Java\jdk-17\bin\vcruntime140_1.dll
0x00007fffb71f0000 - 0x00007fffb727e000 	C:\Program Files\Java\jdk-17\bin\msvcp140.dll
0x00007fff486d0000 - 0x00007fff492b0000 	C:\Program Files\Java\jdk-17\bin\server\jvm.dll
0x00007fffd93e0000 - 0x00007fffd93e8000 	C:\Windows\System32\PSAPI.DLL
0x00007fffbcf90000 - 0x00007fffbcf99000 	C:\Windows\SYSTEM32\WSOCK32.dll
0x00007fffc15d0000 - 0x00007fffc15f7000 	C:\Windows\SYSTEM32\WINMM.dll
0x00007fffd9520000 - 0x00007fffd958b000 	C:\Windows\System32\WS2_32.dll
0x00007fffd65b0000 - 0x00007fffd65c2000 	C:\Windows\SYSTEM32\kernel.appcore.dll
0x00007fffc20d0000 - 0x00007fffc20da000 	C:\Program Files\Java\jdk-17\bin\jimage.dll
0x00007fffc1610000 - 0x00007fffc1811000 	C:\Windows\SYSTEM32\DBGHELP.DLL
0x00007fffb9fa0000 - 0x00007fffb9fd4000 	C:\Windows\SYSTEM32\dbgcore.DLL
0x00007fffd7fa0000 - 0x00007fffd8022000 	C:\Windows\System32\bcryptPrimitives.dll
0x00007fffb8110000 - 0x00007fffb8135000 	C:\Program Files\Java\jdk-17\bin\java.dll
0x00007fffb6ea0000 - 0x00007fffb6f77000 	C:\Program Files\Java\jdk-17\bin\jsvml.dll
0x00007fffd8670000 - 0x00007fffd8dde000 	C:\Windows\System32\SHELL32.dll
0x00007fffd58a0000 - 0x00007fffd6043000 	C:\Windows\SYSTEM32\windows.storage.dll
0x00007fffd9720000 - 0x00007fffd9a73000 	C:\Windows\System32\combase.dll
0x00007fffd7480000 - 0x00007fffd74ab000 	C:\Windows\SYSTEM32\Wldp.dll
0x00007fffd84c0000 - 0x00007fffd858d000 	C:\Windows\System32\OLEAUT32.dll
0x00007fffd9d50000 - 0x00007fffd9dfd000 	C:\Windows\System32\SHCORE.dll
0x00007fffd85b0000 - 0x00007fffd8605000 	C:\Windows\System32\shlwapi.dll
0x00007fffd7a60000 - 0x00007fffd7a85000 	C:\Windows\SYSTEM32\profapi.dll
0x00007fffbc180000 - 0x00007fffbc199000 	C:\Program Files\Java\jdk-17\bin\net.dll
0x00007fffd6050000 - 0x00007fffd615a000 	C:\Windows\SYSTEM32\WINHTTP.dll
0x00007fffd7260000 - 0x00007fffd72cc000 	C:\Windows\system32\mswsock.dll
0x00007fffb80f0000 - 0x00007fffb8106000 	C:\Program Files\Java\jdk-17\bin\nio.dll
0x00007fffb80d0000 - 0x00007fffb80e8000 	C:\Program Files\Java\jdk-17\bin\zip.dll
0x00007fffbe1e0000 - 0x00007fffbe1ea000 	C:\Program Files\Java\jdk-17\bin\management.dll
0x00007fffbdf40000 - 0x00007fffbdf4b000 	C:\Program Files\Java\jdk-17\bin\management_ext.dll
0x00007fffd0e20000 - 0x00007fffd0e2e000 	C:\Program Files\Java\jdk-17\bin\sunmscapi.dll
0x00007fffd80e0000 - 0x00007fffd823d000 	C:\Windows\System32\CRYPT32.dll
0x00007fffd74f0000 - 0x00007fffd7517000 	C:\Windows\SYSTEM32\ncrypt.dll
0x00007fffd74b0000 - 0x00007fffd74eb000 	C:\Windows\SYSTEM32\NTASN1.dll
0x00007fffd77d0000 - 0x00007fffd77e8000 	C:\Windows\SYSTEM32\CRYPTSP.dll
0x00007fffd6b30000 - 0x00007fffd6b68000 	C:\Windows\system32\rsaenh.dll
0x00007fffd7a20000 - 0x00007fffd7a4e000 	C:\Windows\SYSTEM32\USERENV.dll
0x00007fffd73f0000 - 0x00007fffd73fc000 	C:\Windows\SYSTEM32\CRYPTBASE.dll
0x00007fffd6f10000 - 0x00007fffd6f4b000 	C:\Windows\SYSTEM32\IPHLPAPI.DLL
0x00007fffd90c0000 - 0x00007fffd90c8000 	C:\Windows\System32\NSI.dll
0x00007fffcef60000 - 0x00007fffcef77000 	C:\Windows\SYSTEM32\dhcpcsvc6.DLL
0x00007fffceef0000 - 0x00007fffcef0d000 	C:\Windows\SYSTEM32\dhcpcsvc.DLL
0x00007fffd6f60000 - 0x00007fffd702a000 	C:\Windows\SYSTEM32\DNSAPI.dll
0x00007fffc1d00000 - 0x00007fffc1d10000 	C:\Program Files\Java\jdk-17\bin\verify.dll
0x00007fffcfe90000 - 0x00007fffcfe9a000 	C:\Windows\System32\rasadhlp.dll
0x00007fffcd8e0000 - 0x00007fffcd960000 	C:\Windows\System32\fwpuclnt.dll

dbghelp: loaded successfully - version: 4.0.5 - missing functions: none
symbol engine: initialized successfully - sym options: 0x614 - pdb path: .;C:\Program Files\Java\jdk-17\bin;C:\Windows\SYSTEM32;C:\Windows\WinSxS\amd64_microsoft.windows.common-controls_6595b64144ccf1df_6.0.19041.5794_none_60bcd33171f2783c;C:\Program Files\Java\jdk-17\bin\server

VM Arguments:
jvm_args: -Xmx512m 
java_command: C:\Users\user\AppData\Local\Temp\surefire16083295700391378517\surefirebooter-20250518200143440_3.jar C:\Users\user\AppData\Local\Temp\surefire16083295700391378517 2025-05-18T20-01-42_523-jvmRun1 surefire-20250518200143440_1tmp surefire_0-20250518200143440_2tmp
java_class_path (initial): C:\Users\user\AppData\Local\Temp\surefire16083295700391378517\surefirebooter-20250518200143440_3.jar
Launcher Type: SUN_STANDARD

[Global flags]
     intx CICompilerCount                          = 3                                         {product} {ergonomic}
     uint ConcGCThreads                            = 1                                         {product} {ergonomic}
     uint G1ConcRefinementThreads                  = 4                                         {product} {ergonomic}
   size_t G1HeapRegionSize                         = 1048576                                   {product} {ergonomic}
    uintx GCDrainStackTargetSize                   = 64                                        {product} {ergonomic}
   size_t InitialHeapSize                          = 125829120                                 {product} {ergonomic}
   size_t MarkStackSize                            = 4194304                                   {product} {ergonomic}
   size_t MaxHeapSize                              = 536870912                                 {product} {command line}
   size_t MaxNewSize                               = 321912832                                 {product} {ergonomic}
   size_t MinHeapDeltaBytes                        = 1048576                                   {product} {ergonomic}
   size_t MinHeapSize                              = 8388608                                   {product} {ergonomic}
    uintx NonNMethodCodeHeapSize                   = 5832780                                {pd product} {ergonomic}
    uintx NonProfiledCodeHeapSize                  = 122912730                              {pd product} {ergonomic}
    uintx ProfiledCodeHeapSize                     = 122912730                              {pd product} {ergonomic}
    uintx ReservedCodeCacheSize                    = 251658240                              {pd product} {ergonomic}
     bool SegmentedCodeCache                       = true                                      {product} {ergonomic}
   size_t SoftMaxHeapSize                          = 536870912                              {manageable} {ergonomic}
     bool UseCompressedClassPointers               = true                           {product lp64_product} {ergonomic}
     bool UseCompressedOops                        = true                           {product lp64_product} {ergonomic}
     bool UseG1GC                                  = true                                      {product} {ergonomic}
     bool UseLargePagesIndividualAllocation        = false                                  {pd product} {ergonomic}

Logging:
Log output configuration:
 #0: stdout all=warning uptime,level,tags
 #1: stderr all=off uptime,level,tags

Environment Variables:
JAVA_HOME=C:\Program Files\Java\jdk-17
PATH=C:\Python313\Scripts\;C:\Python313\;C:\Program Files\Common Files\Oracle\Java\javapath;C:\Windows\system32;C:\Windows;C:\Windows\System32\Wbem;C:\Windows\System32\WindowsPowerShell\v1.0\;C:\Windows\System32\OpenSSH\;C:\Program Files\Git\cmd;C:\Program Files\PuTTY\;C:\xampp\php;C:\apache-maven-3.9.9\bin;C:\Program Files\Docker\Docker\resources\bin;C:\Program Files\Java\jdk-17\bin;C:\Program Files\Amazon\AWSCLIV2\;C:\terraform\;C:\Users\user\AppData\Local\Microsoft\WindowsApps;C:\Program Files\JetBrains\IntelliJ IDEA 2023.2\bin;C:\Program Files\JetBrains\PyCharm 2024.1.4\bin;C:\Program Files\JetBrains\PyCharm Community Edition 2023.2\bin;C:\Users\user\AppData\Local\Programs\Microsoft VS Code\bin;C:\Users\user\AppData\Local\GitHubDesktop\bin;C:\Program Files\kubectl;C:\chromedriver\;;C:\minikube;C:\Program Files\nodejs\;C:\ProgramData\chocolatey\bin;C:\Users\user\AppData\Local\Microsoft\WindowsApps;C:\Program Files\JetBrains\IntelliJ IDEA 2023.2\bin;;C:\Program Files\JetBrains\PyCharm 2024.1.4\bin;;C:\Program Files\JetBrains\PyCharm Community Edition 2023.2\bin;;C:\Users\user\AppData\Local\Programs\Microsoft VS Code\bin;C:\Users\user\AppData\Local\GitHubDesktop\bin;C:\apache-maven-3.9.9\bin;C:\Users\user\AppData\Roaming\npm;C:\Program Files\Java\jdk-17\bin;
USERNAME=user
OS=Windows_NT
PROCESSOR_IDENTIFIER=Intel64 Family 6 Model 78 Stepping 3, GenuineIntel



---------------  S Y S T E M  ---------------

OS:
 Windows 10 , 64 bit Build 19041 (10.0.19041.5794)
OS uptime: 2 days 4:59 hours
Hyper-V role detected

CPU: total 4 (initial active 4) (2 cores per cpu, 2 threads per core) family 6 model 78 stepping 3 microcode 0xd6, cx8, cmov, fxsr, ht, mmx, 3dnowpref, sse, sse2, sse3, ssse3, sse4.1, sse4.2, popcnt, lzcnt, tsc, tscinvbit, avx, avx2, aes, erms, clmul, bmi1, bmi2, rtm, adx, fma, vzeroupper, clflush, clflushopt, hv

Memory: 4k page, system-wide physical 7591M (596M free)
TotalPageFile size 15683M (AvailPageFile size 3M)
current process WorkingSet (physical memory assigned to process): 206M, peak: 214M
current process commit charge ("private bytes"): 240M, peak: 266M

vm_info: Java HotSpot(TM) 64-Bit Server VM (17.0.12+8-LTS-286) for windows-amd64 JRE (17.0.12+8-LTS-286), built on Jun  5 2024 06:46:59 by "mach5one" with MS VC++ 17.6 (VS2022)

END.
