#
# There is insufficient memory for the Java Runtime Environment to continue.
# Native memory allocation (malloc) failed to allocate 653328 bytes for Chunk::new
# Possible reasons:
#   The system is out of physical RAM or swap space
#   The process is running with CompressedOops enabled, and the Java Heap may be blocking the growth of the native heap
# Possible solutions:
#   Reduce memory load on the system
#   Increase physical memory or swap space
#   Check if swap backing store is full
#   Decrease Java heap size (-Xmx/-Xms)
#   Decrease number of Java threads
#   Decrease Java thread stack sizes (-Xss)
#   Set larger code cache with -XX:ReservedCodeCacheSize=
#   JVM is running with Unscaled Compressed Oops mode in which the Java heap is
#     placed in the first 4GB address space. The Java Heap base address is the
#     maximum limit for the native heap growth. Please use -XX:HeapBaseMinAddress
#     to set the Java Heap base and to place the Java Heap above 4GB virtual address.
# This output file may be truncated or incomplete.
#
#  Out of Memory Error (arena.cpp:189), pid=11176, tid=12640
#
# JRE version: Java(TM) SE Runtime Environment (17.0.12+8) (build 17.0.12+8-LTS-286)
# Java VM: Java HotSpot(TM) 64-Bit Server VM (17.0.12+8-LTS-286, mixed mode, sharing, tiered, compressed oops, compressed class ptrs, g1 gc, windows-amd64)
# No core dump will be written. Minidumps are not enabled by default on client versions of Windows
#

---------------  S U M M A R Y ------------

Command Line: -Dclassworlds.conf=C:\apache-maven-3.9.9\bin\m2.conf -Dmaven.home=C:\apache-maven-3.9.9 -Dlibrary.jansi.path=C:\apache-maven-3.9.9\lib\jansi-native -Dmaven.multiModuleProjectDirectory=D:\ResidentCommunityApp org.codehaus.plexus.classworlds.launcher.Launcher clean install

Host: Intel(R) Core(TM) i5-6300U CPU @ 2.40GHz, 4 cores, 7G,  Windows 10 , 64 bit Build 19041 (10.0.19041.5794)
Time: Sun May 18 19:57:29 2025 India Standard Time elapsed time: 7.539401 seconds (0d 0h 0m 7s)

---------------  T H R E A D  ---------------

Current thread (0x000002937ff0eba0):  JavaThread "C2 CompilerThread0" daemon [_thread_in_native, id=12640, stack(0x000000a2bf700000,0x000000a2bf800000)]


Current CompileTask:
C2:   7539 4824       4       jdk.nio.zipfs.ZipFileSystem::makeParentDirs (141 bytes)

Stack: [0x000000a2bf700000,0x000000a2bf800000]
Native frames: (J=compiled Java code, j=interpreted, Vv=VM code, C=native code)
V  [jvm.dll+0x67a04a]
V  [jvm.dll+0x7da4ed]
V  [jvm.dll+0x7dbe33]
V  [jvm.dll+0x7dc4a3]
V  [jvm.dll+0x24508f]
V  [jvm.dll+0xab773]
V  [jvm.dll+0xabd3c]
V  [jvm.dll+0x361bee]
V  [jvm.dll+0x32c431]
V  [jvm.dll+0x32b8ca]
V  [jvm.dll+0x21683f]
V  [jvm.dll+0x215c6f]
V  [jvm.dll+0x1a2960]
V  [jvm.dll+0x22610b]
V  [jvm.dll+0x2242ab]
V  [jvm.dll+0x79075c]
V  [jvm.dll+0x78abea]
V  [jvm.dll+0x678f35]
C  [ucrtbase.dll+0x21bb2]
C  [KERNEL32.DLL+0x17374]
C  [ntdll.dll+0x4cc91]


---------------  P R O C E S S  ---------------

Threads class SMR info:
_java_thread_list=0x000002934c334130, length=13, elements={
0x000002936866a5c0, 0x000002937fee5f70, 0x000002937fee6b00, 0x000002937fefe000,
0x000002937feff8e0, 0x000002937ff001b0, 0x000002937ff02a90, 0x000002937ff0eba0,
0x000002937ff104c0, 0x000002937ff131e0, 0x000002934b09e240, 0x000002934b0a5100,
0x000002934c6e1940
}

Java Threads: ( => current thread )
  0x000002936866a5c0 JavaThread "main" [_thread_in_vm, id=13432, stack(0x000000a2bea00000,0x000000a2beb00000)]
  0x000002937fee5f70 JavaThread "Reference Handler" daemon [_thread_blocked, id=11456, stack(0x000000a2bf100000,0x000000a2bf200000)]
  0x000002937fee6b00 JavaThread "Finalizer" daemon [_thread_blocked, id=1304, stack(0x000000a2bf200000,0x000000a2bf300000)]
  0x000002937fefe000 JavaThread "Signal Dispatcher" daemon [_thread_blocked, id=13956, stack(0x000000a2bf300000,0x000000a2bf400000)]
  0x000002937feff8e0 JavaThread "Attach Listener" daemon [_thread_blocked, id=12360, stack(0x000000a2bf400000,0x000000a2bf500000)]
  0x000002937ff001b0 JavaThread "Service Thread" daemon [_thread_blocked, id=15352, stack(0x000000a2bf500000,0x000000a2bf600000)]
  0x000002937ff02a90 JavaThread "Monitor Deflation Thread" daemon [_thread_blocked, id=3288, stack(0x000000a2bf600000,0x000000a2bf700000)]
=>0x000002937ff0eba0 JavaThread "C2 CompilerThread0" daemon [_thread_in_native, id=12640, stack(0x000000a2bf700000,0x000000a2bf800000)]
  0x000002937ff104c0 JavaThread "C1 CompilerThread0" daemon [_thread_blocked, id=13412, stack(0x000000a2bf800000,0x000000a2bf900000)]
  0x000002937ff131e0 JavaThread "Sweeper thread" daemon [_thread_blocked, id=9456, stack(0x000000a2bf900000,0x000000a2bfa00000)]
  0x000002934b09e240 JavaThread "Notification Thread" daemon [_thread_blocked, id=15724, stack(0x000000a2bfa00000,0x000000a2bfb00000)]
  0x000002934b0a5100 JavaThread "Common-Cleaner" daemon [_thread_blocked, id=5020, stack(0x000000a2bfc00000,0x000000a2bfd00000)]
  0x000002934c6e1940 JavaThread "Thread-1" daemon [_thread_blocked, id=16608, stack(0x000000a2c0000000,0x000000a2c0100000)]

Other Threads:
  0x000002937fee0550 VMThread "VM Thread" [stack: 0x000000a2bf000000,0x000000a2bf100000] [id=4036]
  0x00000293686d5e60 WatcherThread [stack: 0x000000a2bfb00000,0x000000a2bfc00000] [id=18264]
  0x00000293686bd500 GCTaskThread "GC Thread#0" [stack: 0x000000a2beb00000,0x000000a2bec00000] [id=11644]
  0x000002934b9d77e0 GCTaskThread "GC Thread#1" [stack: 0x000000a2bfd00000,0x000000a2bfe00000] [id=3248]
  0x000002934b955b70 GCTaskThread "GC Thread#2" [stack: 0x000000a2bfe00000,0x000000a2bff00000] [id=13296]
  0x000002934b9bd0d0 GCTaskThread "GC Thread#3" [stack: 0x000000a2bff00000,0x000000a2c0000000] [id=4172]
  0x00000293686cf0c0 ConcurrentGCThread "G1 Main Marker" [stack: 0x000000a2bec00000,0x000000a2bed00000] [id=17764]
  0x00000293686cf9e0 ConcurrentGCThread "G1 Conc#0" [stack: 0x000000a2bed00000,0x000000a2bee00000] [id=15468]
  0x0000029368736f50 ConcurrentGCThread "G1 Refine#0" [stack: 0x000000a2bee00000,0x000000a2bef00000] [id=8544]
  0x0000029368737890 ConcurrentGCThread "G1 Service" [stack: 0x000000a2bef00000,0x000000a2bf000000] [id=13732]

Threads with active compile tasks:
C2 CompilerThread0     7606 4824       4       jdk.nio.zipfs.ZipFileSystem::makeParentDirs (141 bytes)

VM state: not at safepoint (normal execution)

VM Mutex/Monitor currently owned by a thread: None

Heap address: 0x0000000089600000, size: 1898 MB, Compressed Oops mode: 32-bit

CDS archive(s) mapped at: [0x0000029306000000-0x0000029306bd0000-0x0000029306bd0000), size 12386304, SharedBaseAddress: 0x0000029306000000, ArchiveRelocationMode: 1.
Compressed class space mapped at: 0x0000029307000000-0x0000029347000000, reserved size: 1073741824
Narrow klass base: 0x0000029306000000, Narrow klass shift: 0, Narrow klass range: 0x100000000

GC Precious Log:
 CPUs: 4 total, 4 available
 Memory: 7591M
 Large Page Support: Disabled
 NUMA Support: Disabled
 Compressed Oops: Enabled (32-bit)
 Heap Region Size: 1M
 Heap Min Capacity: 8M
 Heap Initial Capacity: 120M
 Heap Max Capacity: 1898M
 Pre-touch: Disabled
 Parallel Workers: 4
 Concurrent Workers: 1
 Concurrent Refinement Workers: 4
 Periodic GC: Disabled

Heap:
 garbage-first heap   total 122880K, used 32406K [0x0000000089600000, 0x0000000100000000)
  region size 1024K, 17 young (17408K), 4 survivors (4096K)
 Metaspace       used 20994K, committed 21312K, reserved 1114112K
  class space    used 2472K, committed 2624K, reserved 1048576K

Heap Regions: E=young(eden), S=young(survivor), O=old, HS=humongous(starts), HC=humongous(continues), CS=collection set, F=free, OA=open archive, CA=closed archive, TAMS=top-at-mark-start (previous, next)
|   0|0x0000000089600000, 0x0000000089700000, 0x0000000089700000|100%| O|  |TAMS 0x0000000089600000, 0x0000000089600000| Untracked 
|   1|0x0000000089700000, 0x0000000089800000, 0x0000000089800000|100%| O|  |TAMS 0x0000000089700000, 0x0000000089700000| Untracked 
|   2|0x0000000089800000, 0x0000000089900000, 0x0000000089900000|100%| O|  |TAMS 0x0000000089800000, 0x0000000089800000| Untracked 
|   3|0x0000000089900000, 0x0000000089a00000, 0x0000000089a00000|100%| O|  |TAMS 0x0000000089900000, 0x0000000089900000| Untracked 
|   4|0x0000000089a00000, 0x0000000089b00000, 0x0000000089b00000|100%| O|  |TAMS 0x0000000089a00000, 0x0000000089a00000| Untracked 
|   5|0x0000000089b00000, 0x0000000089c00000, 0x0000000089c00000|100%| O|  |TAMS 0x0000000089b00000, 0x0000000089b00000| Untracked 
|   6|0x0000000089c00000, 0x0000000089d00000, 0x0000000089d00000|100%| O|  |TAMS 0x0000000089c00000, 0x0000000089c00000| Untracked 
|   7|0x0000000089d00000, 0x0000000089e00000, 0x0000000089e00000|100%| O|  |TAMS 0x0000000089d00000, 0x0000000089d00000| Untracked 
|   8|0x0000000089e00000, 0x0000000089f00000, 0x0000000089f00000|100%| O|  |TAMS 0x0000000089e00000, 0x0000000089e00000| Untracked 
|   9|0x0000000089f00000, 0x000000008a000000, 0x000000008a000000|100%| O|  |TAMS 0x0000000089f00000, 0x0000000089f00000| Untracked 
|  10|0x000000008a000000, 0x000000008a100000, 0x000000008a100000|100%| O|  |TAMS 0x000000008a000000, 0x000000008a000000| Untracked 
|  11|0x000000008a100000, 0x000000008a1a5a00, 0x000000008a200000| 64%| O|  |TAMS 0x000000008a100000, 0x000000008a100000| Untracked 
|  12|0x000000008a200000, 0x000000008a300000, 0x000000008a300000|100%|HS|  |TAMS 0x000000008a200000, 0x000000008a200000| Complete 
|  13|0x000000008a300000, 0x000000008a400000, 0x000000008a400000|100%|HC|  |TAMS 0x000000008a300000, 0x000000008a300000| Complete 
|  14|0x000000008a400000, 0x000000008a500000, 0x000000008a500000|100%|HS|  |TAMS 0x000000008a400000, 0x000000008a400000| Complete 
|  15|0x000000008a500000, 0x000000008a600000, 0x000000008a600000|100%|HC|  |TAMS 0x000000008a500000, 0x000000008a500000| Complete 
|  16|0x000000008a600000, 0x000000008a600000, 0x000000008a700000|  0%| F|  |TAMS 0x000000008a600000, 0x000000008a600000| Untracked 
|  17|0x000000008a700000, 0x000000008a700000, 0x000000008a800000|  0%| F|  |TAMS 0x000000008a700000, 0x000000008a700000| Untracked 
|  18|0x000000008a800000, 0x000000008a800000, 0x000000008a900000|  0%| F|  |TAMS 0x000000008a800000, 0x000000008a800000| Untracked 
|  19|0x000000008a900000, 0x000000008a900000, 0x000000008aa00000|  0%| F|  |TAMS 0x000000008a900000, 0x000000008a900000| Untracked 
|  20|0x000000008aa00000, 0x000000008aa00000, 0x000000008ab00000|  0%| F|  |TAMS 0x000000008aa00000, 0x000000008aa00000| Untracked 
|  21|0x000000008ab00000, 0x000000008ab00000, 0x000000008ac00000|  0%| F|  |TAMS 0x000000008ab00000, 0x000000008ab00000| Untracked 
|  22|0x000000008ac00000, 0x000000008ac00000, 0x000000008ad00000|  0%| F|  |TAMS 0x000000008ac00000, 0x000000008ac00000| Untracked 
|  23|0x000000008ad00000, 0x000000008ad00000, 0x000000008ae00000|  0%| F|  |TAMS 0x000000008ad00000, 0x000000008ad00000| Untracked 
|  24|0x000000008ae00000, 0x000000008ae00000, 0x000000008af00000|  0%| F|  |TAMS 0x000000008ae00000, 0x000000008ae00000| Untracked 
|  25|0x000000008af00000, 0x000000008af00000, 0x000000008b000000|  0%| F|  |TAMS 0x000000008af00000, 0x000000008af00000| Untracked 
|  26|0x000000008b000000, 0x000000008b000000, 0x000000008b100000|  0%| F|  |TAMS 0x000000008b000000, 0x000000008b000000| Untracked 
|  27|0x000000008b100000, 0x000000008b100000, 0x000000008b200000|  0%| F|  |TAMS 0x000000008b100000, 0x000000008b100000| Untracked 
|  28|0x000000008b200000, 0x000000008b200000, 0x000000008b300000|  0%| F|  |TAMS 0x000000008b200000, 0x000000008b200000| Untracked 
|  29|0x000000008b300000, 0x000000008b300000, 0x000000008b400000|  0%| F|  |TAMS 0x000000008b300000, 0x000000008b300000| Untracked 
|  30|0x000000008b400000, 0x000000008b400000, 0x000000008b500000|  0%| F|  |TAMS 0x000000008b400000, 0x000000008b400000| Untracked 
|  31|0x000000008b500000, 0x000000008b500000, 0x000000008b600000|  0%| F|  |TAMS 0x000000008b500000, 0x000000008b500000| Untracked 
|  32|0x000000008b600000, 0x000000008b600000, 0x000000008b700000|  0%| F|  |TAMS 0x000000008b600000, 0x000000008b600000| Untracked 
|  33|0x000000008b700000, 0x000000008b700000, 0x000000008b800000|  0%| F|  |TAMS 0x000000008b700000, 0x000000008b700000| Untracked 
|  34|0x000000008b800000, 0x000000008b800000, 0x000000008b900000|  0%| F|  |TAMS 0x000000008b800000, 0x000000008b800000| Untracked 
|  35|0x000000008b900000, 0x000000008b900000, 0x000000008ba00000|  0%| F|  |TAMS 0x000000008b900000, 0x000000008b900000| Untracked 
|  36|0x000000008ba00000, 0x000000008ba00000, 0x000000008bb00000|  0%| F|  |TAMS 0x000000008ba00000, 0x000000008ba00000| Untracked 
|  37|0x000000008bb00000, 0x000000008bb00000, 0x000000008bc00000|  0%| F|  |TAMS 0x000000008bb00000, 0x000000008bb00000| Untracked 
|  38|0x000000008bc00000, 0x000000008bc00000, 0x000000008bd00000|  0%| F|  |TAMS 0x000000008bc00000, 0x000000008bc00000| Untracked 
|  39|0x000000008bd00000, 0x000000008bd00000, 0x000000008be00000|  0%| F|  |TAMS 0x000000008bd00000, 0x000000008bd00000| Untracked 
|  40|0x000000008be00000, 0x000000008be00000, 0x000000008bf00000|  0%| F|  |TAMS 0x000000008be00000, 0x000000008be00000| Untracked 
|  41|0x000000008bf00000, 0x000000008bf00000, 0x000000008c000000|  0%| F|  |TAMS 0x000000008bf00000, 0x000000008bf00000| Untracked 
|  42|0x000000008c000000, 0x000000008c000000, 0x000000008c100000|  0%| F|  |TAMS 0x000000008c000000, 0x000000008c000000| Untracked 
|  43|0x000000008c100000, 0x000000008c100000, 0x000000008c200000|  0%| F|  |TAMS 0x000000008c100000, 0x000000008c100000| Untracked 
|  44|0x000000008c200000, 0x000000008c200000, 0x000000008c300000|  0%| F|  |TAMS 0x000000008c200000, 0x000000008c200000| Untracked 
|  45|0x000000008c300000, 0x000000008c300000, 0x000000008c400000|  0%| F|  |TAMS 0x000000008c300000, 0x000000008c300000| Untracked 
|  46|0x000000008c400000, 0x000000008c400000, 0x000000008c500000|  0%| F|  |TAMS 0x000000008c400000, 0x000000008c400000| Untracked 
|  47|0x000000008c500000, 0x000000008c500000, 0x000000008c600000|  0%| F|  |TAMS 0x000000008c500000, 0x000000008c500000| Untracked 
|  48|0x000000008c600000, 0x000000008c600000, 0x000000008c700000|  0%| F|  |TAMS 0x000000008c600000, 0x000000008c600000| Untracked 
|  49|0x000000008c700000, 0x000000008c700000, 0x000000008c800000|  0%| F|  |TAMS 0x000000008c700000, 0x000000008c700000| Untracked 
|  50|0x000000008c800000, 0x000000008c800000, 0x000000008c900000|  0%| F|  |TAMS 0x000000008c800000, 0x000000008c800000| Untracked 
|  51|0x000000008c900000, 0x000000008c900000, 0x000000008ca00000|  0%| F|  |TAMS 0x000000008c900000, 0x000000008c900000| Untracked 
|  52|0x000000008ca00000, 0x000000008ca00000, 0x000000008cb00000|  0%| F|  |TAMS 0x000000008ca00000, 0x000000008ca00000| Untracked 
|  53|0x000000008cb00000, 0x000000008cc00000, 0x000000008cc00000|100%| S|CS|TAMS 0x000000008cb00000, 0x000000008cb00000| Complete 
|  54|0x000000008cc00000, 0x000000008cd00000, 0x000000008cd00000|100%| S|CS|TAMS 0x000000008cc00000, 0x000000008cc00000| Complete 
|  55|0x000000008cd00000, 0x000000008ce00000, 0x000000008ce00000|100%| S|CS|TAMS 0x000000008cd00000, 0x000000008cd00000| Complete 
|  56|0x000000008ce00000, 0x000000008cf00000, 0x000000008cf00000|100%| S|CS|TAMS 0x000000008ce00000, 0x000000008ce00000| Complete 
|  57|0x000000008cf00000, 0x000000008cf00000, 0x000000008d000000|  0%| F|  |TAMS 0x000000008cf00000, 0x000000008cf00000| Untracked 
|  58|0x000000008d000000, 0x000000008d000000, 0x000000008d100000|  0%| F|  |TAMS 0x000000008d000000, 0x000000008d000000| Untracked 
|  59|0x000000008d100000, 0x000000008d100000, 0x000000008d200000|  0%| F|  |TAMS 0x000000008d100000, 0x000000008d100000| Untracked 
|  60|0x000000008d200000, 0x000000008d200000, 0x000000008d300000|  0%| F|  |TAMS 0x000000008d200000, 0x000000008d200000| Untracked 
|  61|0x000000008d300000, 0x000000008d300000, 0x000000008d400000|  0%| F|  |TAMS 0x000000008d300000, 0x000000008d300000| Untracked 
|  62|0x000000008d400000, 0x000000008d400000, 0x000000008d500000|  0%| F|  |TAMS 0x000000008d400000, 0x000000008d400000| Untracked 
|  63|0x000000008d500000, 0x000000008d500000, 0x000000008d600000|  0%| F|  |TAMS 0x000000008d500000, 0x000000008d500000| Untracked 
|  64|0x000000008d600000, 0x000000008d600000, 0x000000008d700000|  0%| F|  |TAMS 0x000000008d600000, 0x000000008d600000| Untracked 
|  65|0x000000008d700000, 0x000000008d700000, 0x000000008d800000|  0%| F|  |TAMS 0x000000008d700000, 0x000000008d700000| Untracked 
|  66|0x000000008d800000, 0x000000008d800000, 0x000000008d900000|  0%| F|  |TAMS 0x000000008d800000, 0x000000008d800000| Untracked 
|  67|0x000000008d900000, 0x000000008d900000, 0x000000008da00000|  0%| F|  |TAMS 0x000000008d900000, 0x000000008d900000| Untracked 
|  68|0x000000008da00000, 0x000000008da00000, 0x000000008db00000|  0%| F|  |TAMS 0x000000008da00000, 0x000000008da00000| Untracked 
|  69|0x000000008db00000, 0x000000008db00000, 0x000000008dc00000|  0%| F|  |TAMS 0x000000008db00000, 0x000000008db00000| Untracked 
|  70|0x000000008dc00000, 0x000000008dc00000, 0x000000008dd00000|  0%| F|  |TAMS 0x000000008dc00000, 0x000000008dc00000| Untracked 
|  71|0x000000008dd00000, 0x000000008dd00000, 0x000000008de00000|  0%| F|  |TAMS 0x000000008dd00000, 0x000000008dd00000| Untracked 
|  72|0x000000008de00000, 0x000000008de00000, 0x000000008df00000|  0%| F|  |TAMS 0x000000008de00000, 0x000000008de00000| Untracked 
|  73|0x000000008df00000, 0x000000008df00000, 0x000000008e000000|  0%| F|  |TAMS 0x000000008df00000, 0x000000008df00000| Untracked 
|  74|0x000000008e000000, 0x000000008e000000, 0x000000008e100000|  0%| F|  |TAMS 0x000000008e000000, 0x000000008e000000| Untracked 
|  75|0x000000008e100000, 0x000000008e100000, 0x000000008e200000|  0%| F|  |TAMS 0x000000008e100000, 0x000000008e100000| Untracked 
|  76|0x000000008e200000, 0x000000008e200000, 0x000000008e300000|  0%| F|  |TAMS 0x000000008e200000, 0x000000008e200000| Untracked 
|  77|0x000000008e300000, 0x000000008e300000, 0x000000008e400000|  0%| F|  |TAMS 0x000000008e300000, 0x000000008e300000| Untracked 
|  78|0x000000008e400000, 0x000000008e400000, 0x000000008e500000|  0%| F|  |TAMS 0x000000008e400000, 0x000000008e400000| Untracked 
|  79|0x000000008e500000, 0x000000008e500000, 0x000000008e600000|  0%| F|  |TAMS 0x000000008e500000, 0x000000008e500000| Untracked 
|  80|0x000000008e600000, 0x000000008e600000, 0x000000008e700000|  0%| F|  |TAMS 0x000000008e600000, 0x000000008e600000| Untracked 
|  81|0x000000008e700000, 0x000000008e700000, 0x000000008e800000|  0%| F|  |TAMS 0x000000008e700000, 0x000000008e700000| Untracked 
|  82|0x000000008e800000, 0x000000008e800000, 0x000000008e900000|  0%| F|  |TAMS 0x000000008e800000, 0x000000008e800000| Untracked 
|  83|0x000000008e900000, 0x000000008e900000, 0x000000008ea00000|  0%| F|  |TAMS 0x000000008e900000, 0x000000008e900000| Untracked 
|  84|0x000000008ea00000, 0x000000008ea00000, 0x000000008eb00000|  0%| F|  |TAMS 0x000000008ea00000, 0x000000008ea00000| Untracked 
|  85|0x000000008eb00000, 0x000000008eb00000, 0x000000008ec00000|  0%| F|  |TAMS 0x000000008eb00000, 0x000000008eb00000| Untracked 
|  86|0x000000008ec00000, 0x000000008ec00000, 0x000000008ed00000|  0%| F|  |TAMS 0x000000008ec00000, 0x000000008ec00000| Untracked 
|  87|0x000000008ed00000, 0x000000008ed00000, 0x000000008ee00000|  0%| F|  |TAMS 0x000000008ed00000, 0x000000008ed00000| Untracked 
|  88|0x000000008ee00000, 0x000000008ee00000, 0x000000008ef00000|  0%| F|  |TAMS 0x000000008ee00000, 0x000000008ee00000| Untracked 
|  89|0x000000008ef00000, 0x000000008ef00000, 0x000000008f000000|  0%| F|  |TAMS 0x000000008ef00000, 0x000000008ef00000| Untracked 
|  90|0x000000008f000000, 0x000000008f000000, 0x000000008f100000|  0%| F|  |TAMS 0x000000008f000000, 0x000000008f000000| Untracked 
|  91|0x000000008f100000, 0x000000008f100000, 0x000000008f200000|  0%| F|  |TAMS 0x000000008f100000, 0x000000008f100000| Untracked 
|  92|0x000000008f200000, 0x000000008f200000, 0x000000008f300000|  0%| F|  |TAMS 0x000000008f200000, 0x000000008f200000| Untracked 
|  93|0x000000008f300000, 0x000000008f300000, 0x000000008f400000|  0%| F|  |TAMS 0x000000008f300000, 0x000000008f300000| Untracked 
|  94|0x000000008f400000, 0x000000008f400000, 0x000000008f500000|  0%| F|  |TAMS 0x000000008f400000, 0x000000008f400000| Untracked 
|  95|0x000000008f500000, 0x000000008f500000, 0x000000008f600000|  0%| F|  |TAMS 0x000000008f500000, 0x000000008f500000| Untracked 
|  96|0x000000008f600000, 0x000000008f600000, 0x000000008f700000|  0%| F|  |TAMS 0x000000008f600000, 0x000000008f600000| Untracked 
|  97|0x000000008f700000, 0x000000008f700000, 0x000000008f800000|  0%| F|  |TAMS 0x000000008f700000, 0x000000008f700000| Untracked 
|  98|0x000000008f800000, 0x000000008f800000, 0x000000008f900000|  0%| F|  |TAMS 0x000000008f800000, 0x000000008f800000| Untracked 
|  99|0x000000008f900000, 0x000000008f900000, 0x000000008fa00000|  0%| F|  |TAMS 0x000000008f900000, 0x000000008f900000| Untracked 
| 100|0x000000008fa00000, 0x000000008fa00000, 0x000000008fb00000|  0%| F|  |TAMS 0x000000008fa00000, 0x000000008fa00000| Untracked 
| 101|0x000000008fb00000, 0x000000008fb00000, 0x000000008fc00000|  0%| F|  |TAMS 0x000000008fb00000, 0x000000008fb00000| Untracked 
| 102|0x000000008fc00000, 0x000000008fc00000, 0x000000008fd00000|  0%| F|  |TAMS 0x000000008fc00000, 0x000000008fc00000| Untracked 
| 103|0x000000008fd00000, 0x000000008fd00000, 0x000000008fe00000|  0%| F|  |TAMS 0x000000008fd00000, 0x000000008fd00000| Untracked 
| 104|0x000000008fe00000, 0x000000008fe00000, 0x000000008ff00000|  0%| F|  |TAMS 0x000000008fe00000, 0x000000008fe00000| Untracked 
| 105|0x000000008ff00000, 0x000000008ff00000, 0x0000000090000000|  0%| F|  |TAMS 0x000000008ff00000, 0x000000008ff00000| Untracked 
| 106|0x0000000090000000, 0x0000000090000000, 0x0000000090100000|  0%| F|  |TAMS 0x0000000090000000, 0x0000000090000000| Untracked 
| 107|0x0000000090100000, 0x0000000090180800, 0x0000000090200000| 50%| E|  |TAMS 0x0000000090100000, 0x0000000090100000| Complete 
| 108|0x0000000090200000, 0x0000000090300000, 0x0000000090300000|100%| E|CS|TAMS 0x0000000090200000, 0x0000000090200000| Complete 
| 109|0x0000000090300000, 0x0000000090400000, 0x0000000090400000|100%| E|CS|TAMS 0x0000000090300000, 0x0000000090300000| Complete 
| 110|0x0000000090400000, 0x0000000090500000, 0x0000000090500000|100%| E|CS|TAMS 0x0000000090400000, 0x0000000090400000| Complete 
| 111|0x0000000090500000, 0x0000000090600000, 0x0000000090600000|100%| E|CS|TAMS 0x0000000090500000, 0x0000000090500000| Complete 
| 112|0x0000000090600000, 0x0000000090700000, 0x0000000090700000|100%| E|CS|TAMS 0x0000000090600000, 0x0000000090600000| Complete 
| 113|0x0000000090700000, 0x0000000090800000, 0x0000000090800000|100%| E|CS|TAMS 0x0000000090700000, 0x0000000090700000| Complete 
| 114|0x0000000090800000, 0x0000000090900000, 0x0000000090900000|100%| E|CS|TAMS 0x0000000090800000, 0x0000000090800000| Complete 
| 115|0x0000000090900000, 0x0000000090a00000, 0x0000000090a00000|100%| E|CS|TAMS 0x0000000090900000, 0x0000000090900000| Complete 
| 116|0x0000000090a00000, 0x0000000090b00000, 0x0000000090b00000|100%| E|CS|TAMS 0x0000000090a00000, 0x0000000090a00000| Complete 
| 117|0x0000000090b00000, 0x0000000090c00000, 0x0000000090c00000|100%| E|CS|TAMS 0x0000000090b00000, 0x0000000090b00000| Complete 
| 118|0x0000000090c00000, 0x0000000090d00000, 0x0000000090d00000|100%| E|CS|TAMS 0x0000000090c00000, 0x0000000090c00000| Complete 
| 119|0x0000000090d00000, 0x0000000090e00000, 0x0000000090e00000|100%| E|CS|TAMS 0x0000000090d00000, 0x0000000090d00000| Complete 

Card table byte_map: [0x000002937f2f0000,0x000002937f6b0000] _byte_map_base: 0x000002937eea5000

Marking Bits (Prev, Next): (CMBitMap*) 0x00000293686bea40, (CMBitMap*) 0x00000293686bea80
 Prev Bits: [0x0000029300000000, 0x0000029301da8000)
 Next Bits: [0x0000029301db0000, 0x0000029303b58000)

Polling page: 0x0000029366640000

Metaspace:

Usage:
  Non-class:     18.13 MB used.
      Class:      2.42 MB used.
       Both:     20.55 MB used.

Virtual space:
  Non-class space:       64.00 MB reserved,      18.25 MB ( 29%) committed,  1 nodes.
      Class space:        1.00 GB reserved,       2.56 MB ( <1%) committed,  1 nodes.
             Both:        1.06 GB reserved,      20.81 MB (  2%) committed. 

Chunk freelists:
   Non-Class:  13.44 MB
       Class:  13.39 MB
        Both:  26.83 MB

MaxMetaspaceSize: unlimited
CompressedClassSpaceSize: 1.00 GB
Initial GC threshold: 21.00 MB
Current GC threshold: 21.00 MB
CDS: on
MetaspaceReclaimPolicy: balanced
 - commit_granule_bytes: 65536.
 - commit_granule_words: 8192.
 - virtual_space_node_default_size: 8388608.
 - enlarge_chunks_in_place: 1.
 - new_chunks_are_fully_committed: 0.
 - uncommit_free_chunks: 1.
 - use_allocation_guard: 0.
 - handle_deallocations: 1.


Internal statistics:

num_allocs_failed_limit: 0.
num_arena_births: 164.
num_arena_deaths: 0.
num_vsnodes_births: 2.
num_vsnodes_deaths: 0.
num_space_committed: 333.
num_space_uncommitted: 0.
num_chunks_returned_to_freelist: 0.
num_chunks_taken_from_freelist: 935.
num_chunk_merges: 0.
num_chunk_splits: 631.
num_chunks_enlarged: 481.
num_inconsistent_stats: 0.

CodeHeap 'non-profiled nmethods': size=120000Kb used=2129Kb max_used=2129Kb free=117870Kb
 bounds [0x0000029377a00000, 0x0000029377c70000, 0x000002937ef30000]
CodeHeap 'profiled nmethods': size=120000Kb used=10344Kb max_used=10344Kb free=109655Kb
 bounds [0x000002936ff30000, 0x0000029370950000, 0x0000029377460000]
CodeHeap 'non-nmethods': size=5760Kb used=1197Kb max_used=1261Kb free=4562Kb
 bounds [0x0000029377460000, 0x00000293776d0000, 0x0000029377a00000]
 total_blobs=5389 nmethods=4893 adapters=408
 compilation: enabled
              stopped_count=0, restarted_count=0
 full_count=0

Compilation events (20 events):
Event: 7.510 Thread 0x000002937ff104c0 4861       2       java.nio.ByteBuffer::order (48 bytes)
Event: 7.511 Thread 0x000002937ff104c0 nmethod 4861 0x0000029370936610 code [0x00000293709367a0, 0x00000293709368f8]
Event: 7.520 Thread 0x000002937ff104c0 4862       2       java.lang.Module::isExported (18 bytes)
Event: 7.520 Thread 0x000002937ff104c0 nmethod 4862 0x0000029370936990 code [0x0000029370936b60, 0x0000029370936e08]
Event: 7.520 Thread 0x000002937ff104c0 4863       2       java.lang.invoke.MethodHandleNatives::linkCallSite (66 bytes)
Event: 7.521 Thread 0x000002937ff104c0 nmethod 4863 0x0000029370936f90 code [0x0000029370937160, 0x0000029370937388]
Event: 7.521 Thread 0x000002937ff104c0 4864       2       java.lang.invoke.MethodHandleNatives::linkCallSiteImpl (44 bytes)
Event: 7.521 Thread 0x000002937ff104c0 nmethod 4864 0x0000029370937510 code [0x0000029370937700, 0x0000029370937bb8]
Event: 7.521 Thread 0x000002937ff104c0 4865       2       java.lang.invoke.ConstantCallSite::<init> (17 bytes)
Event: 7.522 Thread 0x000002937ff104c0 nmethod 4865 0x0000029370937e90 code [0x0000029370938040, 0x00000293709382c8]
Event: 7.523 Thread 0x000002937ff104c0 4866       2       java.lang.invoke.MethodHandles$Lookup::getDirectMethodForConstant (72 bytes)
Event: 7.524 Thread 0x000002937ff104c0 nmethod 4866 0x0000029370938410 code [0x0000029370938660, 0x0000029370938d08]
Event: 7.524 Thread 0x000002937ff104c0 4867       2       java.lang.invoke.InfoFromMemberName::getName (8 bytes)
Event: 7.525 Thread 0x000002937ff104c0 nmethod 4867 0x0000029370939090 code [0x0000029370939240, 0x00000293709393e8]
Event: 7.525 Thread 0x000002937ff104c0 4868       2       java.lang.invoke.InfoFromMemberName::getMethodType (8 bytes)
Event: 7.525 Thread 0x000002937ff104c0 nmethod 4868 0x0000029370939510 code [0x00000293709396a0, 0x00000293709397c8]
Event: 7.526 Thread 0x000002937ff104c0 4870       2       java.lang.invoke.DirectMethodHandle::make (275 bytes)
Event: 7.527 Thread 0x000002937ff104c0 nmethod 4870 0x0000029370939890 code [0x0000029370939b80, 0x000002937093a6b8]
Event: 7.527 Thread 0x000002937ff104c0 4872   !   2       java.lang.invoke.MethodHandles$Lookup::canBeCached (150 bytes)
Event: 7.530 Thread 0x000002937ff104c0 nmethod 4872 0x000002937093ac90 code [0x000002937093af20, 0x000002937093b908]

GC Heap History (10 events):
Event: 0.794 GC heap before
{Heap before GC invocations=0 (full 0):
 garbage-first heap   total 122880K, used 12288K [0x0000000089600000, 0x0000000100000000)
  region size 1024K, 13 young (13312K), 0 survivors (0K)
 Metaspace       used 3686K, committed 3904K, reserved 1114112K
  class space    used 407K, committed 512K, reserved 1048576K
}
Event: 0.800 GC heap after
{Heap after GC invocations=1 (full 0):
 garbage-first heap   total 122880K, used 3136K [0x0000000089600000, 0x0000000100000000)
  region size 1024K, 2 young (2048K), 2 survivors (2048K)
 Metaspace       used 3686K, committed 3904K, reserved 1114112K
  class space    used 407K, committed 512K, reserved 1048576K
}
Event: 1.183 GC heap before
{Heap before GC invocations=1 (full 0):
 garbage-first heap   total 122880K, used 16448K [0x0000000089600000, 0x0000000100000000)
  region size 1024K, 15 young (15360K), 2 survivors (2048K)
 Metaspace       used 5735K, committed 5888K, reserved 1114112K
  class space    used 696K, committed 768K, reserved 1048576K
}
Event: 1.188 GC heap after
{Heap after GC invocations=2 (full 0):
 garbage-first heap   total 122880K, used 3816K [0x0000000089600000, 0x0000000100000000)
  region size 1024K, 1 young (1024K), 1 survivors (1024K)
 Metaspace       used 5735K, committed 5888K, reserved 1114112K
  class space    used 696K, committed 768K, reserved 1048576K
}
Event: 2.206 GC heap before
{Heap before GC invocations=2 (full 0):
 garbage-first heap   total 122880K, used 33512K [0x0000000089600000, 0x0000000100000000)
  region size 1024K, 30 young (30720K), 1 survivors (1024K)
 Metaspace       used 10416K, committed 10560K, reserved 1114112K
  class space    used 1281K, committed 1344K, reserved 1048576K
}
Event: 2.214 GC heap after
{Heap after GC invocations=3 (full 0):
 garbage-first heap   total 122880K, used 5571K [0x0000000089600000, 0x0000000100000000)
  region size 1024K, 3 young (3072K), 3 survivors (3072K)
 Metaspace       used 10416K, committed 10560K, reserved 1114112K
  class space    used 1281K, committed 1344K, reserved 1048576K
}
Event: 4.372 GC heap before
{Heap before GC invocations=3 (full 0):
 garbage-first heap   total 122880K, used 76227K [0x0000000089600000, 0x0000000100000000)
  region size 1024K, 72 young (73728K), 3 survivors (3072K)
 Metaspace       used 15630K, committed 15808K, reserved 1114112K
  class space    used 1863K, committed 1920K, reserved 1048576K
}
Event: 4.399 GC heap after
{Heap after GC invocations=4 (full 0):
 garbage-first heap   total 122880K, used 12621K [0x0000000089600000, 0x0000000100000000)
  region size 1024K, 9 young (9216K), 9 survivors (9216K)
 Metaspace       used 15630K, committed 15808K, reserved 1114112K
  class space    used 1863K, committed 1920K, reserved 1048576K
}
Event: 7.033 GC heap before
{Heap before GC invocations=4 (full 0):
 garbage-first heap   total 122880K, used 77133K [0x0000000089600000, 0x0000000100000000)
  region size 1024K, 72 young (73728K), 9 survivors (9216K)
 Metaspace       used 19276K, committed 19584K, reserved 1114112K
  class space    used 2235K, committed 2368K, reserved 1048576K
}
Event: 7.053 GC heap after
{Heap after GC invocations=5 (full 0):
 garbage-first heap   total 122880K, used 16022K [0x0000000089600000, 0x0000000100000000)
  region size 1024K, 4 young (4096K), 4 survivors (4096K)
 Metaspace       used 19276K, committed 19584K, reserved 1114112K
  class space    used 2235K, committed 2368K, reserved 1048576K
}

Deoptimization events (20 events):
Event: 7.206 Thread 0x000002936866a5c0 DEOPT PACKING pc=0x00000293708f6ee8 sp=0x000000a2beafcd00
Event: 7.206 Thread 0x000002936866a5c0 DEOPT UNPACKING pc=0x00000293774b2b43 sp=0x000000a2beafc190 mode 0
Event: 7.206 Thread 0x000002936866a5c0 DEOPT PACKING pc=0x00000293708f6ee8 sp=0x000000a2beafcd00
Event: 7.206 Thread 0x000002936866a5c0 DEOPT UNPACKING pc=0x00000293774b2b43 sp=0x000000a2beafc190 mode 0
Event: 7.206 Thread 0x000002936866a5c0 DEOPT PACKING pc=0x00000293708f6ee8 sp=0x000000a2beafcd00
Event: 7.206 Thread 0x000002936866a5c0 DEOPT UNPACKING pc=0x00000293774b2b43 sp=0x000000a2beafc190 mode 0
Event: 7.206 Thread 0x000002936866a5c0 DEOPT PACKING pc=0x00000293708f6ee8 sp=0x000000a2beafcd00
Event: 7.206 Thread 0x000002936866a5c0 DEOPT UNPACKING pc=0x00000293774b2b43 sp=0x000000a2beafc190 mode 0
Event: 7.207 Thread 0x000002936866a5c0 DEOPT PACKING pc=0x00000293708f6ee8 sp=0x000000a2beafcd00
Event: 7.207 Thread 0x000002936866a5c0 DEOPT UNPACKING pc=0x00000293774b2b43 sp=0x000000a2beafc190 mode 0
Event: 7.214 Thread 0x000002936866a5c0 DEOPT PACKING pc=0x00000293708f6ee8 sp=0x000000a2beafcd00
Event: 7.214 Thread 0x000002936866a5c0 DEOPT UNPACKING pc=0x00000293774b2b43 sp=0x000000a2beafc190 mode 0
Event: 7.382 Thread 0x000002936866a5c0 DEOPT PACKING pc=0x000002937091a21d sp=0x000000a2beafc4d0
Event: 7.382 Thread 0x000002936866a5c0 DEOPT UNPACKING pc=0x00000293774b2b43 sp=0x000000a2beafb968 mode 0
Event: 7.384 Thread 0x000002936866a5c0 DEOPT PACKING pc=0x000002937091b93e sp=0x000000a2beafc510
Event: 7.384 Thread 0x000002936866a5c0 DEOPT UNPACKING pc=0x00000293774b2b43 sp=0x000000a2beafb9a8 mode 0
Event: 7.392 Thread 0x000002936866a5c0 Uncommon trap: trap_request=0xffffff45 fr.pc=0x0000029377c02e40 relative=0x0000000000001400
Event: 7.392 Thread 0x000002936866a5c0 Uncommon trap: reason=unstable_if action=reinterpret pc=0x0000029377c02e40 method=java.lang.String.<init>([BIILjava/nio/charset/Charset;)V @ 327 c2
Event: 7.393 Thread 0x000002936866a5c0 DEOPT PACKING pc=0x0000029377c02e40 sp=0x000000a2beafc760
Event: 7.393 Thread 0x000002936866a5c0 DEOPT UNPACKING pc=0x00000293774b23a3 sp=0x000000a2beafc748 mode 2

Classes unloaded (0 events):
No events

Classes redefined (0 events):
No events

Internal exceptions (20 events):
Event: 5.612 Thread 0x000002936866a5c0 Exception <a 'java/lang/NoSuchMethodError'{0x000000008ec7b5b0}: 'java.lang.Object java.lang.invoke.DirectMethodHandle$Holder.newInvokeSpecial(java.lang.Object, java.lang.Object, java.lang.Object, java.lang.Object, java.lang.Object, java.lang.Object, java.lang.Object)'> (0x000000008ec7b5b0) 
thrown [s\open\src\hotspot\share\interpreter\linkResolver.cpp, line 759]
Event: 5.612 Thread 0x000002936866a5c0 Exception <a 'java/lang/NoSuchMethodError'{0x000000008ec7fec0}: 'java.lang.Object java.lang.invoke.Invokers$Holder.linkToTargetMethod(java.lang.Object, java.lang.Object, java.lang.Object, java.lang.Object, java.lang.Object, java.lang.Object, java.lang.Object)'> (0x000000008ec7fec0) 
thrown [s\open\src\hotspot\share\interpreter\linkResolver.cpp, line 759]
Event: 5.707 Thread 0x000002936866a5c0 Exception <a 'java/lang/NoSuchMethodError'{0x000000008e946ad0}: 'int java.lang.invoke.DirectMethodHandle$Holder.invokeVirtual(java.lang.Object, java.lang.Object)'> (0x000000008e946ad0) 
thrown [s\open\src\hotspot\share\interpreter\linkResolver.cpp, line 759]
Event: 5.735 Thread 0x000002936866a5c0 Implicit null exception at 0x0000029377aa0ee0 to 0x0000029377aa0f7a
Event: 6.074 Thread 0x000002936866a5c0 Exception <a 'sun/nio/fs/WindowsException'{0x000000008e72c060}> (0x000000008e72c060) 
thrown [s\open\src\hotspot\share\prims\jni.cpp, line 516]
Event: 6.074 Thread 0x000002936866a5c0 Exception <a 'sun/nio/fs/WindowsException'{0x000000008e72c6f0}> (0x000000008e72c6f0) 
thrown [s\open\src\hotspot\share\prims\jni.cpp, line 516]
Event: 6.074 Thread 0x000002936866a5c0 Exception <a 'sun/nio/fs/WindowsException'{0x000000008e72c900}> (0x000000008e72c900) 
thrown [s\open\src\hotspot\share\prims\jni.cpp, line 516]
Event: 6.074 Thread 0x000002936866a5c0 Exception <a 'sun/nio/fs/WindowsException'{0x000000008e72d4c0}> (0x000000008e72d4c0) 
thrown [s\open\src\hotspot\share\prims\jni.cpp, line 516]
Event: 6.074 Thread 0x000002936866a5c0 Exception <a 'sun/nio/fs/WindowsException'{0x000000008e72dab0}> (0x000000008e72dab0) 
thrown [s\open\src\hotspot\share\prims\jni.cpp, line 516]
Event: 6.074 Thread 0x000002936866a5c0 Exception <a 'sun/nio/fs/WindowsException'{0x000000008e72dce8}> (0x000000008e72dce8) 
thrown [s\open\src\hotspot\share\prims\jni.cpp, line 516]
Event: 6.074 Thread 0x000002936866a5c0 Exception <a 'sun/nio/fs/WindowsException'{0x000000008e72e8a0}> (0x000000008e72e8a0) 
thrown [s\open\src\hotspot\share\prims\jni.cpp, line 516]
Event: 6.074 Thread 0x000002936866a5c0 Exception <a 'sun/nio/fs/WindowsException'{0x000000008e72ee90}> (0x000000008e72ee90) 
thrown [s\open\src\hotspot\share\prims\jni.cpp, line 516]
Event: 6.074 Thread 0x000002936866a5c0 Exception <a 'sun/nio/fs/WindowsException'{0x000000008e72f0a0}> (0x000000008e72f0a0) 
thrown [s\open\src\hotspot\share\prims\jni.cpp, line 516]
Event: 6.408 Thread 0x000002936866a5c0 Exception <a 'java/lang/NoSuchMethodError'{0x000000008dee1cb0}: 'int java.lang.invoke.DirectMethodHandle$Holder.invokeStatic(java.lang.Object, java.lang.Object, int)'> (0x000000008dee1cb0) 
thrown [s\open\src\hotspot\share\interpreter\linkResolver.cpp, line 759]
Event: 7.085 Thread 0x000002936866a5c0 Exception <a 'java/lang/NoSuchMethodError'{0x0000000090d55040}: 'int java.lang.invoke.DirectMethodHandle$Holder.invokeInterface(java.lang.Object, java.lang.Object)'> (0x0000000090d55040) 
thrown [s\open\src\hotspot\share\interpreter\linkResolver.cpp, line 759]
Event: 7.300 Thread 0x000002936866a5c0 Exception <a 'java/lang/NoSuchMethodError'{0x0000000090931a50}: 'int java.lang.invoke.DirectMethodHandle$Holder.invokeVirtual(java.lang.Object, java.lang.Object, java.lang.Object)'> (0x0000000090931a50) 
thrown [s\open\src\hotspot\share\interpreter\linkResolver.cpp, line 759]
Event: 7.301 Thread 0x000002936866a5c0 Exception <a 'java/lang/NoSuchMethodError'{0x0000000090938050}: 'void java.lang.invoke.DirectMethodHandle$Holder.invokeInterface(java.lang.Object, java.lang.Object, java.lang.Object)'> (0x0000000090938050) 
thrown [s\open\src\hotspot\share\interpreter\linkResolver.cpp, line 759]
Event: 7.304 Thread 0x000002936866a5c0 Exception <a 'java/lang/NoSuchMethodError'{0x0000000090943b40}: 'int java.lang.invoke.DirectMethodHandle$Holder.invokeStaticInit(java.lang.Object, java.lang.Object, java.lang.Object)'> (0x0000000090943b40) 
thrown [s\open\src\hotspot\share\interpreter\linkResolver.cpp, line 759]
Event: 7.525 Thread 0x000002936866a5c0 Exception <a 'sun/nio/fs/WindowsException'{0x00000000902f27f8}> (0x00000000902f27f8) 
thrown [s\open\src\hotspot\share\prims\jni.cpp, line 516]
Event: 7.525 Thread 0x000002936866a5c0 Exception <a 'sun/nio/fs/WindowsException'{0x00000000902f2a50}> (0x00000000902f2a50) 
thrown [s\open\src\hotspot\share\prims\jni.cpp, line 516]

VM Operations (20 events):
Event: 6.087 Executing VM operation: ICBufferFull
Event: 6.087 Executing VM operation: ICBufferFull done
Event: 6.861 Executing VM operation: ICBufferFull
Event: 6.861 Executing VM operation: ICBufferFull done
Event: 6.964 Executing VM operation: HandshakeAllThreads
Event: 6.964 Executing VM operation: HandshakeAllThreads done
Event: 7.033 Executing VM operation: G1CollectForAllocation
Event: 7.053 Executing VM operation: G1CollectForAllocation done
Event: 7.083 Executing VM operation: HandshakeAllThreads
Event: 7.083 Executing VM operation: HandshakeAllThreads done
Event: 7.309 Executing VM operation: HandshakeAllThreads
Event: 7.309 Executing VM operation: HandshakeAllThreads done
Event: 7.314 Executing VM operation: HandshakeAllThreads
Event: 7.314 Executing VM operation: HandshakeAllThreads done
Event: 7.326 Executing VM operation: HandshakeAllThreads
Event: 7.326 Executing VM operation: HandshakeAllThreads done
Event: 7.488 Executing VM operation: HandshakeAllThreads
Event: 7.488 Executing VM operation: HandshakeAllThreads done
Event: 7.489 Executing VM operation: HandshakeAllThreads
Event: 7.489 Executing VM operation: HandshakeAllThreads done

Events (20 events):
Event: 7.475 loading class jdk/internal/jrtfs/SystemImage$2
Event: 7.475 loading class jdk/internal/jrtfs/SystemImage$2 done
Event: 7.476 loading class jdk/internal/jimage/ImageReader$Directory
Event: 7.477 loading class jdk/internal/jimage/ImageReader$Node
Event: 7.477 loading class jdk/internal/jimage/ImageReader$Node done
Event: 7.477 loading class jdk/internal/jimage/ImageReader$Directory done
Event: 7.477 loading class jdk/internal/jrtfs/SystemImage$1
Event: 7.477 loading class jdk/internal/jrtfs/SystemImage$1 done
Event: 7.479 loading class java/util/regex/PatternSyntaxException
Event: 7.480 loading class java/util/regex/PatternSyntaxException done
Event: 7.481 loading class java/io/BufferedReader$1
Event: 7.482 loading class java/io/BufferedReader$1 done
Event: 7.486 loading class jdk/internal/jimage/ImageReader$SharedImageReader$LocationVisitor
Event: 7.486 loading class jdk/internal/jimage/ImageReader$SharedImageReader$LocationVisitor done
Event: 7.487 loading class java/nio/ByteBufferAsIntBufferL
Event: 7.487 loading class java/nio/ByteBufferAsIntBufferL done
Event: 7.490 loading class jdk/internal/jimage/ImageReader$Resource
Event: 7.490 loading class jdk/internal/jimage/ImageReader$Resource done
Event: 7.491 loading class jdk/internal/jrtfs/JrtFileAttributes
Event: 7.492 loading class jdk/internal/jrtfs/JrtFileAttributes done


Dynamic libraries:
0x00007ff67cf30000 - 0x00007ff67cf40000 	C:\Program Files\Java\jdk-17\bin\java.exe
0x00007fffda490000 - 0x00007fffda688000 	C:\Windows\SYSTEM32\ntdll.dll
0x00007fffd9130000 - 0x00007fffd91f2000 	C:\Windows\System32\KERNEL32.DLL
0x00007fffd7b30000 - 0x00007fffd7e26000 	C:\Windows\System32\KERNELBASE.dll
0x00007fffd83c0000 - 0x00007fffd84c0000 	C:\Windows\System32\ucrtbase.dll
0x00007fffd0e40000 - 0x00007fffd0e5b000 	C:\Program Files\Java\jdk-17\bin\VCRUNTIME140.dll
0x00007fffbda20000 - 0x00007fffbda39000 	C:\Program Files\Java\jdk-17\bin\jli.dll
0x00007fffda3a0000 - 0x00007fffda44f000 	C:\Windows\System32\ADVAPI32.dll
0x00007fffd9200000 - 0x00007fffd929e000 	C:\Windows\System32\msvcrt.dll
0x00007fffd9cb0000 - 0x00007fffd9d4f000 	C:\Windows\System32\sechost.dll
0x00007fffd8de0000 - 0x00007fffd8f03000 	C:\Windows\System32\RPCRT4.dll
0x00007fffd82c0000 - 0x00007fffd82e7000 	C:\Windows\System32\bcrypt.dll
0x00007fffd9a80000 - 0x00007fffd9c1d000 	C:\Windows\System32\USER32.dll
0x00007fffd8390000 - 0x00007fffd83b2000 	C:\Windows\System32\win32u.dll
0x00007fffc3580000 - 0x00007fffc381a000 	C:\Windows\WinSxS\amd64_microsoft.windows.common-controls_6595b64144ccf1df_6.0.19041.5794_none_60bcd33171f2783c\COMCTL32.dll
0x00007fffd96f0000 - 0x00007fffd971b000 	C:\Windows\System32\GDI32.dll
0x00007fffd7e80000 - 0x00007fffd7f9a000 	C:\Windows\System32\gdi32full.dll
0x00007fffd82f0000 - 0x00007fffd838d000 	C:\Windows\System32\msvcp_win.dll
0x00007fffd6260000 - 0x00007fffd626a000 	C:\Windows\SYSTEM32\VERSION.dll
0x00007fffd9c80000 - 0x00007fffd9caf000 	C:\Windows\System32\IMM32.DLL
0x00007fffc4570000 - 0x00007fffc457c000 	C:\Program Files\Java\jdk-17\bin\vcruntime140_1.dll
0x00007fffb75b0000 - 0x00007fffb763e000 	C:\Program Files\Java\jdk-17\bin\msvcp140.dll
0x00007fff486d0000 - 0x00007fff492b0000 	C:\Program Files\Java\jdk-17\bin\server\jvm.dll
0x00007fffd93e0000 - 0x00007fffd93e8000 	C:\Windows\System32\PSAPI.DLL
0x00007fffbcf90000 - 0x00007fffbcf99000 	C:\Windows\SYSTEM32\WSOCK32.dll
0x00007fffc15d0000 - 0x00007fffc15f7000 	C:\Windows\SYSTEM32\WINMM.dll
0x00007fffd9520000 - 0x00007fffd958b000 	C:\Windows\System32\WS2_32.dll
0x00007fffd65b0000 - 0x00007fffd65c2000 	C:\Windows\SYSTEM32\kernel.appcore.dll
0x00007fffc20d0000 - 0x00007fffc20da000 	C:\Program Files\Java\jdk-17\bin\jimage.dll
0x00007fffc1610000 - 0x00007fffc1811000 	C:\Windows\SYSTEM32\DBGHELP.DLL
0x00007fffb9fa0000 - 0x00007fffb9fd4000 	C:\Windows\SYSTEM32\dbgcore.DLL
0x00007fffd7fa0000 - 0x00007fffd8022000 	C:\Windows\System32\bcryptPrimitives.dll
0x00007fffbc2e0000 - 0x00007fffbc305000 	C:\Program Files\Java\jdk-17\bin\java.dll
0x00007fffb7310000 - 0x00007fffb73e7000 	C:\Program Files\Java\jdk-17\bin\jsvml.dll
0x00007fffd8670000 - 0x00007fffd8dde000 	C:\Windows\System32\SHELL32.dll
0x00007fffd58a0000 - 0x00007fffd6043000 	C:\Windows\SYSTEM32\windows.storage.dll
0x00007fffd9720000 - 0x00007fffd9a73000 	C:\Windows\System32\combase.dll
0x00007fffd7480000 - 0x00007fffd74ab000 	C:\Windows\SYSTEM32\Wldp.dll
0x00007fffd84c0000 - 0x00007fffd858d000 	C:\Windows\System32\OLEAUT32.dll
0x00007fffd9d50000 - 0x00007fffd9dfd000 	C:\Windows\System32\SHCORE.dll
0x00007fffd85b0000 - 0x00007fffd8605000 	C:\Windows\System32\shlwapi.dll
0x00007fffd7a60000 - 0x00007fffd7a85000 	C:\Windows\SYSTEM32\profapi.dll
0x00007fffbc290000 - 0x00007fffbc2a9000 	C:\Program Files\Java\jdk-17\bin\net.dll
0x00007fffd6050000 - 0x00007fffd615a000 	C:\Windows\SYSTEM32\WINHTTP.dll
0x00007fffd7260000 - 0x00007fffd72cc000 	C:\Windows\system32\mswsock.dll
0x00007fffbc270000 - 0x00007fffbc286000 	C:\Program Files\Java\jdk-17\bin\nio.dll
0x00007fffbc180000 - 0x00007fffbc198000 	C:\Program Files\Java\jdk-17\bin\zip.dll
0x00007fffb72e0000 - 0x00007fffb7304000 	C:\apache-maven-3.9.9\lib\jansi-native\Windows\x86_64\jansi.dll
0x00007fffc1d00000 - 0x00007fffc1d10000 	C:\Program Files\Java\jdk-17\bin\verify.dll

dbghelp: loaded successfully - version: 4.0.5 - missing functions: none
symbol engine: initialized successfully - sym options: 0x614 - pdb path: .;C:\Program Files\Java\jdk-17\bin;C:\Windows\SYSTEM32;C:\Windows\WinSxS\amd64_microsoft.windows.common-controls_6595b64144ccf1df_6.0.19041.5794_none_60bcd33171f2783c;C:\Program Files\Java\jdk-17\bin\server;C:\apache-maven-3.9.9\lib\jansi-native\Windows\x86_64

VM Arguments:
jvm_args: -Dclassworlds.conf=C:\apache-maven-3.9.9\bin\m2.conf -Dmaven.home=C:\apache-maven-3.9.9 -Dlibrary.jansi.path=C:\apache-maven-3.9.9\lib\jansi-native -Dmaven.multiModuleProjectDirectory=D:\ResidentCommunityApp 
java_command: org.codehaus.plexus.classworlds.launcher.Launcher clean install
java_class_path (initial): C:\apache-maven-3.9.9\boot\plexus-classworlds-2.8.0.jar
Launcher Type: SUN_STANDARD

[Global flags]
     intx CICompilerCount                          = 3                                         {product} {ergonomic}
     uint ConcGCThreads                            = 1                                         {product} {ergonomic}
     uint G1ConcRefinementThreads                  = 4                                         {product} {ergonomic}
   size_t G1HeapRegionSize                         = 1048576                                   {product} {ergonomic}
    uintx GCDrainStackTargetSize                   = 64                                        {product} {ergonomic}
   size_t InitialHeapSize                          = 125829120                                 {product} {ergonomic}
   size_t MarkStackSize                            = 4194304                                   {product} {ergonomic}
   size_t MaxHeapSize                              = 1990197248                                {product} {ergonomic}
   size_t MaxNewSize                               = 1193279488                                {product} {ergonomic}
   size_t MinHeapDeltaBytes                        = 1048576                                   {product} {ergonomic}
   size_t MinHeapSize                              = 8388608                                   {product} {ergonomic}
    uintx NonNMethodCodeHeapSize                   = 5832780                                {pd product} {ergonomic}
    uintx NonProfiledCodeHeapSize                  = 122912730                              {pd product} {ergonomic}
    uintx ProfiledCodeHeapSize                     = 122912730                              {pd product} {ergonomic}
    uintx ReservedCodeCacheSize                    = 251658240                              {pd product} {ergonomic}
     bool SegmentedCodeCache                       = true                                      {product} {ergonomic}
   size_t SoftMaxHeapSize                          = 1990197248                             {manageable} {ergonomic}
     bool UseCompressedClassPointers               = true                           {product lp64_product} {ergonomic}
     bool UseCompressedOops                        = true                           {product lp64_product} {ergonomic}
     bool UseG1GC                                  = true                                      {product} {ergonomic}
     bool UseLargePagesIndividualAllocation        = false                                  {pd product} {ergonomic}

Logging:
Log output configuration:
 #0: stdout all=warning uptime,level,tags
 #1: stderr all=off uptime,level,tags

Environment Variables:
JAVA_HOME=C:\Program Files\Java\jdk-17
PATH=C:\Python313\Scripts\;C:\Python313\;C:\Program Files\Common Files\Oracle\Java\javapath;C:\Windows\system32;C:\Windows;C:\Windows\System32\Wbem;C:\Windows\System32\WindowsPowerShell\v1.0\;C:\Windows\System32\OpenSSH\;C:\Program Files\Git\cmd;C:\Program Files\PuTTY\;C:\xampp\php;C:\apache-maven-3.9.9\bin;C:\Program Files\Docker\Docker\resources\bin;C:\Program Files\Java\jdk-17\bin;C:\Program Files\Amazon\AWSCLIV2\;C:\terraform\;C:\Users\user\AppData\Local\Microsoft\WindowsApps;C:\Program Files\JetBrains\IntelliJ IDEA 2023.2\bin;C:\Program Files\JetBrains\PyCharm 2024.1.4\bin;C:\Program Files\JetBrains\PyCharm Community Edition 2023.2\bin;C:\Users\user\AppData\Local\Programs\Microsoft VS Code\bin;C:\Users\user\AppData\Local\GitHubDesktop\bin;C:\Program Files\kubectl;C:\chromedriver\;;C:\minikube;C:\Program Files\nodejs\;C:\ProgramData\chocolatey\bin;C:\Users\user\AppData\Local\Microsoft\WindowsApps;C:\Program Files\JetBrains\IntelliJ IDEA 2023.2\bin;;C:\Program Files\JetBrains\PyCharm 2024.1.4\bin;;C:\Program Files\JetBrains\PyCharm Community Edition 2023.2\bin;;C:\Users\user\AppData\Local\Programs\Microsoft VS Code\bin;C:\Users\user\AppData\Local\GitHubDesktop\bin;C:\apache-maven-3.9.9\bin;C:\Users\user\AppData\Roaming\npm;C:\Program Files\Java\jdk-17\bin;
USERNAME=user
OS=Windows_NT
PROCESSOR_IDENTIFIER=Intel64 Family 6 Model 78 Stepping 3, GenuineIntel



---------------  S Y S T E M  ---------------

OS:
 Windows 10 , 64 bit Build 19041 (10.0.19041.5794)
OS uptime: 2 days 4:54 hours
Hyper-V role detected

CPU: total 4 (initial active 4) (2 cores per cpu, 2 threads per core) family 6 model 78 stepping 3 microcode 0xd6, cx8, cmov, fxsr, ht, mmx, 3dnowpref, sse, sse2, sse3, ssse3, sse4.1, sse4.2, popcnt, lzcnt, tsc, tscinvbit, avx, avx2, aes, erms, clmul, bmi1, bmi2, rtm, adx, fma, vzeroupper, clflush, clflushopt, hv

Memory: 4k page, system-wide physical 7591M (182M free)
TotalPageFile size 15683M (AvailPageFile size 11M)
current process WorkingSet (physical memory assigned to process): 197M, peak: 197M
current process commit charge ("private bytes"): 253M, peak: 253M

vm_info: Java HotSpot(TM) 64-Bit Server VM (17.0.12+8-LTS-286) for windows-amd64 JRE (17.0.12+8-LTS-286), built on Jun  5 2024 06:46:59 by "mach5one" with MS VC++ 17.6 (VS2022)

END.
